Iteration	Posterior	Likelihood	Prior	rate_log_sd	tree_length
0	-304.495	-389.7187	85.22369	1.394799	1.063718
6	-298.2314	-383.3019	85.07053	1.420872	1.178502
12	-292.7626	-378.1503	85.38772	1.190575	1.101073
18	-294.6423	-379.7709	85.12859	0.998718	1.471604
24	-301.798	-385.8841	84.08608	1.067362	2.14751
30	-305.466	-390.3577	84.89164	0.7885517	1.794287
36	-296.1744	-380.8847	84.71028	0.9699096	1.794287
42	-297.689	-382.4568	84.76786	1.131961	1.639304
48	-299.6168	-384.0504	84.43356	1.050469	1.928416
54	-288.2521	-373.0211	84.76895	1.493485	1.367266
60	-289.8414	-375.1204	85.27906	1.648539	0.6997987
66	-298.4878	-384.1109	85.62315	1.086936	0.9737216
72	-295.0597	-380.1394	85.0797	1.3141	1.26122
78	-299.2528	-384.066	84.81326	1.121994	1.613726
84	-291.618	-376.1648	84.54685	1.209702	1.74105
90	-294.2531	-377.5878	83.33466	0.8667185	2.746563
96	-289.8324	-374.2918	84.45933	1.298801	1.739938
102	-290.0703	-375.0041	84.93389	1.32554	1.36964
108	-289.4242	-374.5183	85.09409	1.878965	0.6008347
114	-290.6686	-376.0363	85.36767	1.511413	0.7752571
120	-291.1389	-376.428	85.28908	1.206369	1.17498
126	-304.5094	-388.1239	83.61447	0.8822433	2.564627
132	-294.3071	-379.5622	85.25511	1.383814	1.044279
138	-296.4501	-381.3468	84.89672	2.069211	0.6204971
144	-300.1278	-385.3512	85.2234	1.734955	0.6388918
150	-300.9108	-385.8381	84.92736	2.010411	0.6813724
156	-305.8694	-391.0096	85.14012	1.578359	0.965057
162	-299.2229	-383.8896	84.66675	1.534093	1.415344
168	-291.9787	-376.6286	84.64991	1.411597	1.521014
174	-295.2268	-379.4728	84.246	1.400328	1.817701
180	-304.4076	-389.6008	85.1932	1.23417	1.233198
186	-298.8229	-383.7798	84.95691	1.107954	1.518515
192	-296.2079	-381.1628	84.95483	1.110031	1.518515
198	-289.6825	-374.6109	84.92841	1.67349	1.079273
204	-301.9444	-387.198	85.25358	1.631289	0.7670342
210	-297.2766	-382.3402	85.06353	1.654145	0.9658881
216	-299.8266	-384.0925	84.266	1.525259	1.716634
222	-307.2982	-391.9024	84.6041	1.113121	1.768546
228	-303.8827	-388.7418	84.85909	1.122653	1.57988
234	-308.0074	-393.0804	85.07296	1.232085	1.333439
240	-301.565	-386.7593	85.19427	1.770848	0.6225654
246	-300.3561	-385.4559	85.09973	1.813929	0.7232409
252	-300.6047	-385.4639	84.85923	1.928528	0.8898473
258	-288.0354	-373.2494	85.21396	1.762768	0.5893224
264	-295.0186	-379.8819	84.8633	1.832371	0.9884191
270	-293.8224	-379.1392	85.31682	1.378851	0.9884191
276	-293.6876	-378.7734	85.08581	1.506137	1.088508
282	-303.6339	-388.7609	85.12706	1.658434	0.8924325
288	-305.5371	-390.0035	84.4664	1.47542	1.608966
294	-292.8214	-377.701	84.87958	1.062237	1.608966
300	-297.2114	-381.8895	84.67813	1.263687	1.608966
306	-290.5094	-375.181	84.67157	1.426475	1.49368
312	-292.2513	-376.8094	84.55809	1.579232	1.464009
318	-282.383	-367.4247	85.04174	1.341126	1.270252
324	-281.9622	-367.2358	85.27357	1.645541	0.7142892
330	-288.1444	-373.1705	85.02609	1.767513	0.88314
336	-284.4487	-369.5833	85.13456	1.230639	1.284772
342	-290.2239	-375.1714	84.94747	1.101595	1.530267
348	-286.1517	-370.5972	84.44545	0.9595569	1.981505
354	-286.7237	-371.0909	84.36717	1.361993	1.760217
360	-284.1187	-368.8298	84.71112	1.188075	1.639755
366	-281.6155	-366.9383	85.32273	1.374263	0.9870799
372	-286.632	-371.6827	85.05069	1.235119	1.348768
378	-300.1597	-383.4728	83.3131	0.9714686	2.695607
384	-295.7243	-381.1213	85.39699	1.434282	0.8381832
390	-291.3683	-376.1222	84.75393	1.715103	1.197806
396	-297.0641	-381.8033	84.73912	1.732689	1.195428
402	-303.0316	-387.3822	84.35057	1.939371	1.345488
408	-298.2627	-382.842	84.57926	1.963403	1.133322
414	-293.7986	-378.6679	84.86923	2.097867	0.6174584
420	-283.6006	-368.5261	84.92547	2.064835	0.4814611
426	-283.9412	-368.8002	84.85901	2.13184	0.5089619
432	-286.1044	-371.3113	85.20683	1.763219	0.609489
438	-287.6018	-372.4525	84.85073	1.485531	1.308322
444	-289.2477	-374.2576	85.00991	1.879724	0.7601248
450	-297.8306	-382.9631	85.13258	1.283674	1.242527
456	-295.7329	-380.3673	84.63437	1.372991	1.561092
462	-291.6441	-376.8354	85.19135	1.463998	1.02841
468	-293.2933	-377.6015	84.30822	1.556535	1.66445
474	-295.6485	-380.6196	84.97105	1.005922	1.583369
480	-290.7795	-375.6733	84.89385	1.471599	1.284563
486	-288.9032	-374.0204	85.11725	1.368264	1.183602
492	-290.458	-375.3831	84.92513	1.563794	1.180653
498	-293.4517	-378.6087	85.15698	1.578306	0.9474465
504	-299.9052	-384.2698	84.36463	1.345128	1.77375
510	-297.8245	-382.2944	84.46989	0.8157391	2.060817
516	-297.3386	-382.7686	85.42994	1.220039	1.033623
522	-296.7191	-382.0502	85.33119	1.405947	0.9454742
528	-303.8907	-389.002	85.11138	1.103253	1.40466
534	-298.2498	-383.1743	84.92451	1.183261	1.486358
540	-306.1951	-390.6399	84.44485	1.184316	1.829526
546	-312.6517	-395.5583	82.90663	0.9395591	2.961903
552	-293.3663	-377.7152	84.34888	1.20934	1.878102
558	-296.437	-381.2714	84.83438	2.054307	0.7615101
564	-296.8669	-381.791	84.92406	2.0528	0.5889105
570	-303.396	-388.4755	85.07955	1.871482	0.6550109
576	-298.2522	-382.8531	84.60095	2.383721	0.4457944
582	-297.0208	-381.6892	84.66843	2.322261	0.4874342
588	-295.7417	-379.8446	84.10289	1.239695	2.023101
594	-296.7675	-380.7331	83.96563	1.617359	1.861191
600	-290.4785	-375.7008	85.22228	1.49869	0.962466
606	-288.3189	-372.8934	84.57445	1.798084	1.27876
612	-287.7359	-372.7307	84.99484	1.377686	1.27876
618	-297.0773	-381.7274	84.6501	1.844644	1.175598
624	-288.7223	-373.7458	85.02345	1.418627	1.220791
630	-288.9954	-373.7425	84.7471	1.694973	1.220791
636	-290.0784	-374.0841	84.00566	0.9156312	2.2973
642	-295.5224	-379.6498	84.12733	1.455013	1.861638
648	-302.4798	-387.0938	84.61407	1.412981	1.546575
654	-295.9249	-380.8101	84.88525	1.739473	1.057829
660	-293.2326	-378.2561	85.02346	1.768702	0.8848001
666	-288.1742	-372.596	84.42177	1.522574	1.60713
672	-295.091	-380.0652	84.97421	1.124819	1.492937
678	-299.2905	-384.1733	84.88275	1.278663	1.44565
684	-298.682	-383.7106	85.02866	1.928328	0.6420173
690	-306.5202	-391.7081	85.18793	1.750588	0.6799665
696	-291.3769	-376.4566	85.0797	1.908759	0.5365937
702	-300.613	-384.7544	84.14141	2.529001	0.1985734
708	-302.081	-386.7332	84.65227	2.186063	0.2720794
714	-297.7671	-382.8873	85.12022	1.864296	0.4451485
720	-295.2168	-380.2307	85.01389	1.92921	0.6711517
726	-300.7179	-385.9555	85.23764	1.751467	0.5314925
732	-303.0729	-388.223	85.15011	1.595584	0.9363462
738	-302.1753	-387.4991	85.32381	1.035515	1.289575
744	-292.7742	-377.5242	84.74996	1.328875	1.508077
750	-295.4255	-379.7908	84.36533	1.16688	1.89579
756	-300.8336	-385.4007	84.56707	0.9651397	1.89579
762	-304.4888	-389.1458	84.65701	1.526137	1.428993
768	-297.8888	-382.8071	84.91837	1.264772	1.428993
774	-293.7646	-377.6302	83.86559	1.646068	1.909735
780	-285.9303	-371.1399	85.20955	1.431718	1.042027
786	-288.1388	-373.5311	85.39231	1.129006	1.152306
792	-284.6968	-370.0016	85.30472	1.216595	1.152306
798	-290.2624	-375.1171	84.85471	1.624721	1.188863
804	-285.2316	-370.5397	85.30813	1.642355	0.6561694
810	-285.4818	-370.3506	84.86878	1.526161	1.260271
816	-292.4319	-376.9774	84.54557	1.271256	1.698556
822	-295.8877	-380.3842	84.49645	1.298605	1.713952
828	-296.9191	-381.965	85.04589	0.9551532	1.565734
834	-291.9792	-377.1932	85.21401	1.554142	0.911885
840	-291.6476	-376.2258	84.57822	1.139896	1.767923
846	-296.2544	-380.7946	84.54028	1.177839	1.767923
852	-302.4676	-386.62	84.15237	1.523229	1.797468
858	-306.9847	-391.3511	84.36638	1.935168	1.336232
864	-299.947	-384.6816	84.73458	1.642218	1.275252
870	-302.7593	-387.6388	84.87952	1.745047	1.057972
876	-300.3966	-385.6347	85.2381	1.503796	0.9404153
882	-290.6934	-375.5418	84.84848	1.655746	1.167325
888	-293.2561	-378.3417	85.08565	1.707148	0.8840731
894	-296.0112	-380.4621	84.45087	1.637262	1.501121
900	-300.8521	-385.5239	84.6718	1.521273	1.421341
906	-297.4888	-381.4426	83.95388	0.7782566	2.417348
912	-292.3864	-377.6683	85.28195	1.349152	1.051765
918	-295.0122	-379.8851	84.87295	1.588077	1.204666
924	-312.5617	-397.5768	85.01505	1.445982	1.204666
930	-303.8491	-388.4122	84.56314	1.280631	1.679416
936	-297.2668	-382.4388	85.172	1.469271	1.042026
942	-295.7189	-381.1007	85.38182	1.258319	1.043116
948	-292.3534	-377.6464	85.29304	1.135714	1.232034
954	-298.8	-383.7185	84.91848	1.510279	1.232034
960	-303.6771	-388.4659	84.78886	1.837385	1.056381
966	-307.5133	-392.6551	85.14183	1.522965	1.019184
972	-300.3595	-385.0695	84.70997	1.300302	1.558946
978	-291.6158	-376.6996	85.08379	1.363647	1.216248
984	-288.4779	-373.5794	85.10151	1.18818	1.345686
990	-300.1242	-385.2597	85.13544	1.113648	1.377769
996	-300.4377	-385.0551	84.6174	1.113005	1.759349
1002	-293.2628	-377.8407	84.57788	1.152522	1.759349
1008	-295.6485	-380.2167	84.56823	1.425198	1.571327
1014	-297.3375	-382.192	84.85455	1.138879	1.571327
1020	-295.8196	-380.0106	84.19105	1.404478	1.852617
1026	-295.0344	-380.1544	85.12001	1.295967	1.242755
1032	-298.4727	-383.319	84.84622	1.118387	1.592394
1038	-291.068	-375.9418	84.87388	1.086026	1.595821
1044	-289.5039	-374.221	84.71702	1.920047	1.04606
1050	-292.2803	-376.8425	84.56223	1.4528	1.555446
1056	-293.9784	-379.5273	85.54888	1.031872	1.09882
1062	-285.5808	-370.4883	84.90751	1.543258	1.213414
1068	-299.4938	-384.7298	85.23604	1.493094	0.9539315
1074	-296.7105	-381.642	84.93146	1.759544	0.9931311
1080	-293.2835	-377.6414	84.35798	1.517314	1.656912
1086	-304.2311	-388.9372	84.70611	1.006709	1.771613
1092	-303.0853	-388.1445	85.05923	1.895296	0.64749
1098	-296.4149	-381.5619	85.147	1.602664	0.9320822
1104	-295.7181	-380.8697	85.15167	1.354028	1.166034
1110	-295.7143	-381.0148	85.30051	1.610694	0.7272006
1116	-295.7769	-380.8481	85.07112	1.403668	1.192865
1122	-307.1771	-392.2308	85.05375	1.698101	0.9297176
1128	-297.1502	-382.3872	85.23698	1.698101	0.6863626
1134	-294.1914	-378.8015	84.61007	1.782671	1.262093
1140	-298.3992	-383.3763	84.97712	1.140839	1.478672
1146	-295.627	-380.7452	85.11816	1.295307	1.244853
1152	-294.945	-379.618	84.67308	1.389311	1.520356
1158	-291.5366	-376.4433	84.90673	1.240042	1.456825
1164	-290.3859	-375.641	85.2551	1.460696	0.9678375
1170	-285.8988	-370.5417	84.64284	1.444901	1.50141
1176	-284.516	-369.2881	84.7721	1.632923	1.251895
1182	-282.6552	-367.6771	85.02196	1.500411	1.151372
1188	-287.8291	-372.8504	85.02127	1.351536	1.278536
1194	-291.525	-375.7367	84.21172	1.349349	1.876161
1200	-289.0516	-373.7355	84.68387	1.151565	1.685349
1206	-283.396	-368.5292	85.13318	1.241584	1.276921
1212	-293.1936	-378.1142	84.92063	1.529148	1.21426
1218	-292.0134	-376.9299	84.91656	1.829737	0.9357062
1224	-299.3403	-384.4416	85.10124	1.720634	0.8497202
1230	-289.876	-375.1454	85.26939	1.659223	0.6980201
1236	-292.1649	-377.3699	85.20499	1.659983	0.7946921
1242	-296.6253	-381.387	84.76162	2.075036	0.8314671
1248	-294.3969	-379.3554	84.95855	1.83112	0.8876584
1254	-298.8257	-383.8963	85.07069	1.816483	0.7637071
1260	-291.9967	-377.1148	85.11811	1.759337	0.7775591
1266	-290.5081	-375.6328	85.12477	1.854269	0.5814247
1272	-295.5372	-380.5571	85.01992	1.845897	0.793553
1278	-295.4435	-380.5717	85.12818	1.846102	0.5971164
1284	-292.0653	-377.2362	85.17083	1.681821	0.8110304
1290	-297.1623	-382.3671	85.20487	1.654091	0.8027283
1296	-312.1472	-397.5103	85.36315	1.613766	0.5887025
1302	-304.384	-389.0122	84.62812	2.301828	0.3449968
1308	-303.3864	-387.868	84.4816	2.431823	0.3280059
1314	-300.8202	-385.789	84.96887	2.007168	0.4183928
1320	-292.7496	-377.917	85.16743	1.788372	0.6446684
1326	-305.1088	-390.0649	84.95608	1.911908	0.7906165
1332	-293.1871	-378.2971	85.10997	1.480723	1.089668
1338	-297.2073	-382.1597	84.9524	1.743241	0.9884466
1344	-294.235	-379.4114	85.17645	1.239699	1.242609
1350	-295.2455	-379.9357	84.69024	1.382152	1.512899
1356	-293.8971	-378.9731	85.07602	1.753761	0.8400323
1362	-287.0734	-372.4125	85.33917	1.597948	0.6825827
1368	-293.5902	-378.4955	84.90528	1.287973	1.421203
1374	-295.4681	-380.7115	85.24343	1.373998	1.06472
1380	-293.5247	-379.1439	85.61921	1.03527	1.029259
1386	-292.3754	-377.145	84.76957	0.9782895	1.74714
1392	-306.0163	-391.1378	85.12145	1.39139	1.159773
1398	-304.7718	-389.49	84.7182	1.471696	1.423798
1404	-295.5084	-380.3503	84.84197	1.227045	1.51542
1410	-297.2553	-382.1642	84.90884	1.732672	1.041794
1416	-292.7326	-378.1442	85.41157	1.412411	0.8471457
1422	-294.3804	-379.4329	85.05256	1.345589	1.257609
1428	-294.2433	-379.1704	84.92712	1.915771	0.823601
1434	-290.2686	-375.5622	85.29357	1.612946	0.7346172
1440	-289.0591	-373.9382	84.87906	1.846556	0.9576151
1446	-291.1401	-375.4523	84.31212	1.832475	1.458477
1452	-294.9453	-379.6886	84.74325	2.233804	0.5882476
1458	-301.2064	-386.141	84.93461	2.049989	0.5588044
1464	-300.763	-385.6676	84.90461	1.674947	1.099917
1470	-296.5664	-381.7652	85.19877	1.74048	0.6785696
1476	-289.9907	-375.2588	85.26819	1.299414	1.110833
1482	-291.3631	-376.4106	85.04745	1.759206	0.8679327
1488	-296.8277	-382.1538	85.32617	1.500704	0.8436119
1494	-297.9154	-382.8608	84.94543	1.597738	1.132876
1500	-308.2337	-392.7956	84.56184	1.444397	1.561916
1506	-307.5999	-392.3985	84.79861	1.547953	1.299967
1512	-291.5022	-376.6679	85.16571	1.581859	0.9343318
1518	-296.6133	-381.8837	85.27036	1.60024	0.7870473
1524	-302.5819	-387.4538	84.87195	1.961022	0.8360804
1530	-298.345	-382.9918	84.64679	1.642477	1.346022
1536	-292.0663	-377.3271	85.26079	1.658159	0.7145628
1542	-295.4565	-380.6226	85.16606	1.099073	1.365143
1548	-296.7037	-381.8587	85.15501	1.700773	0.806921
1554	-301.6186	-386.3923	84.77369	2.082806	0.8059857
1560	-296.6848	-381.6617	84.97699	1.695419	1.011686
1566	-297.6422	-382.8333	85.19113	1.600183	0.8857818
1572	-299.9514	-384.1517	84.2003	1.846832	1.531706
1578	-296.4867	-381.7647	85.27794	1.364848	1.04057
1584	-297.8162	-382.9098	85.09363	1.710397	0.8710243
1590	-297.2404	-382.4465	85.20612	1.700521	0.7344209
1596	-296.353	-380.9741	84.62111	1.482208	1.489712
1602	-299.5074	-384.46	84.95264	1.919341	0.7851459
1608	-289.676	-374.2183	84.5423	1.436717	1.581879
1614	-297.1794	-382.0282	84.84875	1.047116	1.642153
1620	-297.6992	-382.8301	85.13088	0.8399092	1.587884
1626	-287.4633	-371.947	84.48371	1.013738	1.919351
1632	-291.8693	-375.2953	83.426	1.005928	2.60479
1638	-293.6343	-378.1022	84.46791	1.02805	1.920351
1644	-296.0171	-380.2598	84.24275	1.582409	1.692644
1650	-297.1214	-381.9941	84.87268	0.945252	1.697773
1656	-287.2312	-372.2239	84.99267	1.526585	1.154119
1662	-304.6564	-389.8302	85.17375	1.426236	1.081052
1668	-293.086	-378.0778	84.99176	1.997555	0.5297342
1674	-295.1117	-380.242	85.13029	1.85478	0.4474631
1680	-297.9813	-382.8629	84.88157	2.103497	0.4474631
1686	-300.6799	-385.4191	84.73918	2.248533	0.4604709
1692	-301.1218	-386.4215	85.29973	1.602077	0.7419128
1698	-298.0978	-383.1426	85.04479	1.654995	0.9842504
1704	-301.1666	-385.9622	84.7956	2.0892	0.7671355
1710	-306.0584	-390.2286	84.17017	1.303957	1.935097
1716	-298.6895	-383.0476	84.35807	1.595298	1.600578
1722	-291.9378	-376.9109	84.97307	1.113998	1.501919
1728	-298.1194	-381.6813	83.56198	1.0864	2.470001
1734	-301.8612	-386.1615	84.30033	1.248672	1.884377
1740	-300.2271	-385.3432	85.11615	1.030256	1.457104
1746	-306.088	-390.9282	84.84026	1.223187	1.519569
1752	-297.0378	-381.819	84.78129	2.202719	0.5615166
1758	-300.8297	-385.5819	84.7522	2.237466	0.5263716
1764	-300.2552	-385.6437	85.38851	1.574928	0.6267812
1770	-299.7293	-384.6743	84.94496	1.48397	1.231891
1776	-297.9837	-382.6344	84.65066	1.322207	1.586372
1782	-294.8378	-379.8244	84.98652	1.16982	1.449526
1788	-301.6686	-387.1428	85.47424	1.161964	1.046884
1794	-298.3454	-382.9387	84.59334	1.562791	1.449687
1800	-302.6457	-387.4533	84.80767	1.65673	1.201786
1806	-298.8773	-383.7791	84.90179	1.861355	0.9173999
1812	-297.4885	-382.562	85.07348	1.851744	0.7039192
1818	-304.0892	-389.3769	85.28763	1.601809	0.7604153
1824	-303.1878	-388.403	85.21521	1.774601	0.5249067
1830	-295.7253	-380.8811	85.15584	1.821922	0.5858767
1836	-292.134	-376.7802	84.64625	1.747283	1.261437
1842	-297.0039	-381.9274	84.92354	1.313077	1.387537
1848	-299.9127	-384.9317	85.01904	1.531531	1.126234
1854	-299.7775	-385.0192	85.24168	1.709499	0.6546947
1860	-288.4597	-373.5809	85.12117	1.812818	0.6883768
1866	-286.656	-371.7027	85.04669	1.885459	0.6917179
1872	-286.8016	-371.9944	85.19279	1.71041	0.7397688
1878	-286.7123	-371.8835	85.1712	1.747068	0.7156964
1884	-289.0947	-374.5783	85.48361	1.349838	0.8354868
1890	-286.896	-371.9794	85.08342	1.741548	0.8459486
1896	-286.6036	-371.6714	85.06776	1.67889	0.935324
1902	-296.3628	-381.2545	84.89165	2.006869	0.7469238
1908	-300.2849	-385.3415	85.05654	1.531199	1.092397
1914	-295.6815	-380.829	85.14753	1.681274	0.8412352
1920	-302.1972	-387.2402	85.04301	1.76437	0.8670793
1926	-295.1825	-380.1161	84.93358	1.358285	1.343955
1932	-296.9635	-381.5161	84.55262	1.459904	1.55729
1938	-296.1866	-381.2617	85.07519	1.533708	1.072741
1944	-292.6025	-377.8531	85.25054	1.622027	0.7843372
1950	-288.0272	-372.9344	84.90715	2.080826	0.4620507
1956	-287.9997	-373.4276	85.42787	1.403432	0.838152
1962	-293.301	-377.9631	84.66216	1.021772	1.791691
1968	-295.2035	-379.9555	84.75196	0.9319717	1.791691
1974	-288.6616	-373.5311	84.86949	1.700413	1.10874
1980	-294.5543	-379.8302	85.27585	1.496039	0.9077279
1986	-297.0441	-381.2408	84.19668	1.822888	1.552097
1992	-288.1106	-373.2041	85.09345	1.72627	0.8523261
1998	-293.6117	-378.3011	84.68936	1.72627	1.243049
2004	-292.0851	-377.0558	84.97071	1.52911	1.171168
2010	-290.1878	-375.0408	84.85296	1.175729	1.545363
2016	-287.395	-372.1793	84.78429	1.244398	1.545363
2022	-290.6053	-375.4428	84.83742	1.710514	1.128602
2028	-292.0073	-377.0074	85.00019	1.359984	1.288882
2034	-290.105	-375.0661	84.9611	1.436338	1.258202
2040	-293.5283	-377.6586	84.13034	1.203679	2.02879
2046	-296.6248	-381.6935	85.06869	1.065011	1.466753
2052	-302.9236	-387.7303	84.80671	1.539238	1.300469
2058	-308.6984	-394.1554	85.45695	1.260517	0.9661072
2064	-290.3067	-374.9775	84.67073	1.016586	1.789347
2070	-291.9069	-376.6032	84.69627	1.617956	1.326076
2076	-299.9376	-384.7834	84.84579	1.996566	0.8242822
2082	-295.6734	-380.9244	85.25095	1.078975	1.313441
2088	-302.0533	-387.4177	85.36438	0.9655436	1.313441
2094	-305.6761	-387.9634	82.28728	1.00316	3.292714
2100	-298.8408	-383.4439	84.6031	1.424155	1.546423
2106	-316.7654	-400.3769	83.61158	1.191096	2.372773
2112	-312.0971	-396.0586	83.96152	0.8411537	2.372773
2118	-307.8403	-392.1201	84.27974	1.139161	1.972205
2124	-305.9657	-390.5805	84.61481	1.558717	1.436382
2130	-299.8366	-384.5591	84.72253	1.596267	1.32241
2136	-300.3891	-384.6225	84.23338	1.570839	1.707479
2142	-299.7924	-384.2627	84.47025	1.416677	1.648573
2148	-291.8802	-376.2685	84.38825	0.8844131	2.069371
2154	-299.7115	-384.883	85.17151	1.386014	1.119962
2160	-285.1489	-370.5024	85.35355	1.464048	0.8548858
2166	-285.0374	-370.141	85.10354	1.411814	1.157561
2172	-288.8435	-373.1893	84.34583	1.63005	1.58417
2178	-285.151	-370.2095	85.05856	1.619164	1.006418
2184	-285.8814	-370.9214	85.04	1.566073	1.075378
2190	-284.6936	-370.1009	85.40737	1.522048	0.6965915
2196	-285.5445	-370.9194	85.37486	1.522048	0.7493459
2202	-297.096	-381.1074	84.0114	1.770283	1.723379
2208	-297.4418	-381.8801	84.43834	1.486553	1.621224
2214	-293.2792	-378.0133	84.73407	1.232581	1.590908
2220	-287.8223	-373.0575	85.2352	1.443665	1.005277
2226	-287.6378	-372.5443	84.90649	2.07889	0.5549508
2232	-288.164	-373.552	85.38793	1.556275	0.668969
2238	-294.2549	-379.0176	84.76267	1.717859	1.187918
2244	-302.9057	-388.1067	85.201	1.568752	0.9101055
2250	-297.9942	-382.9307	84.93652	1.628417	1.113255
2256	-293.1467	-378.063	84.9163	1.25395	1.438894
2262	-298.3099	-383.138	84.8281	1.700375	1.145968
2268	-291.9202	-376.6588	84.73861	1.450107	1.424702
2274	-293.4842	-378.1027	84.61844	1.131103	1.745963
2280	-295.0901	-379.797	84.70683	1.536404	1.382354
2286	-290.9303	-375.4744	84.5441	1.259078	1.708216
2292	-301.003	-385.3888	84.38578	1.4174	1.708216
2298	-291.7861	-376.7261	84.94001	1.357512	1.339445
2304	-295.215	-379.8513	84.63629	1.661234	1.339445
2310	-293.8882	-378.4232	84.53506	1.889537	1.235529
2316	-302.8732	-387.6785	84.80525	2.181578	0.5471592
2322	-319.4902	-404.0959	84.60571	1.240091	1.677975
2328	-318.4156	-402.759	84.34347	1.237702	1.862436
2334	-305.945	-390.76	84.81503	2.074822	0.759805
2340	-306.7626	-391.6163	84.85371	2.119836	0.4122783
2346	-300.1107	-384.9167	84.80594	2.183358	0.5298714
2352	-299.766	-384.7767	85.01071	1.82995	0.8264258
2358	-302.9295	-387.9613	85.03182	1.641395	1.01088
2364	-296.4549	-381.3565	84.90155	1.724369	1.056694
2370	-293.8204	-378.8325	85.0121	1.355189	1.283057
2376	-296.6284	-381.1891	84.56071	1.894062	1.21001
2382	-297.0415	-381.7303	84.68872	1.853967	1.133308
2388	-293.3279	-378.2424	84.91448	1.39774	1.327692
2394	-299.0982	-383.6534	84.55514	1.757077	1.327692
2400	-295.1869	-380.4422	85.2553	1.612848	0.7903909
2406	-286.3027	-371.4823	85.17965	1.514329	0.9901334
2412	-288.3504	-373.1661	84.81572	1.467033	1.351199
2418	-285.207	-370.1854	84.97849	1.320583	1.33821
2424	-289.0627	-373.987	84.92429	1.536194	1.205135
2430	-300.6648	-385.2688	84.60398	1.340565	1.606991
2436	-302.2715	-387.0773	84.80574	1.138805	1.606991
2442	-295.584	-380.5137	84.92966	1.37997	1.329762
2448	-292.1588	-376.693	84.53415	1.08719	1.834908
2454	-300.9044	-383.8681	82.96377	1.001761	2.889928
2460	-287.8337	-372.9823	85.1486	1.303524	1.21226
2466	-295.1584	-379.7653	84.60689	1.307723	1.628647
2472	-301.7422	-386.3264	84.58427	1.566053	1.454116
2478	-298.2256	-383.0662	84.84056	1.37023	1.407645
2484	-306.8377	-391.0881	84.25041	1.444351	1.784176
2490	-310.8994	-395.8534	84.95393	1.341851	1.340837
2496	-295.6019	-380.7193	85.11732	1.321211	1.22379
2502	-287.0783	-372.5051	85.42679	1.325059	0.9297166
2508	-288.729	-373.4011	84.67214	1.453839	1.472604
2514	-293.6485	-377.3974	83.74896	1.989863	1.753462
2520	-287.1642	-372.1831	85.01896	1.049916	1.51552
2526	-285.0199	-368.6833	83.66344	1.211589	2.326816
2532	-289.1497	-372.3534	83.20371	1.111078	2.677044
2538	-292.2855	-376.7537	84.46821	0.8503329	2.039049
2544	-290.5977	-374.8687	84.27108	1.309988	1.86251
2550	-287.1458	-371.7089	84.56312	1.017943	1.86251
2556	-290.2662	-374.8245	84.55832	1.022747	1.86251
2562	-300.8996	-385.2279	84.32832	1.798073	1.472291
2568	-284.4089	-369.3953	84.98637	1.453624	1.22255
2574	-287.502	-370.9719	83.46982	1.151693	2.486825
2580	-297.9856	-382.7971	84.81149	1.036945	1.676094
2586	-287.4553	-371.7733	84.31799	1.339132	1.810253
2592	-288.3671	-372.5162	84.14911	1.46155	1.842239
2598	-289.7776	-374.9494	85.17175	1.079384	1.376159
2604	-288.133	-372.4928	84.35972	1.899599	1.369725
2610	-292.2711	-377.4455	85.1744	1.726449	0.7433887
2616	-289.8357	-375.0861	85.25049	1.607629	0.8038508
2622	-292.2422	-377.7688	85.52665	1.164208	0.9932799
2628	-298.1758	-383.4135	85.23772	1.505641	0.938849
2634	-295.2146	-380.6665	85.45191	1.521942	0.598419
2640	-292.7409	-377.9608	85.2199	1.753533	0.5996918
2646	-298.6708	-383.5735	84.90265	2.07392	0.4197748
2652	-303.7697	-388.3525	84.58276	2.336078	0.3332932
2658	-309.5128	-394.1086	84.59589	2.371464	0.3989786
2664	-308.6852	-393.8778	85.19269	1.760877	0.6495882
2670	-307.8965	-393.0648	85.16828	1.372263	1.13522
2676	-307.1993	-392.0596	84.86027	1.068772	1.618225
2682	-309.2351	-394.5021	85.26706	1.588558	0.8071482
2688	-305.4256	-390.5348	85.10913	1.826654	0.685073
2694	-309.4563	-392.9056	83.44931	1.733916	2.128073
2700	-298.886	-383.7763	84.89029	1.600796	1.178777
2706	-293.3141	-378.551	85.23683	1.62428	0.7998678
2712	-299.1834	-384.0545	84.87106	1.682897	1.123188
2718	-309.3222	-394.484	85.16181	1.521524	1.000829
2724	-304.781	-390.1596	85.37865	1.159827	1.137068
2730	-300.7366	-385.7688	85.03225	1.743392	0.9035406
2736	-297.5999	-382.5807	84.9808	1.498674	1.188829
2742	-298.3093	-383.2265	84.91727	1.55852	1.191999
2748	-301.5123	-386.6373	85.12499	1.422321	1.129161
2754	-302.7531	-386.8126	84.05948	1.40854	1.939208
2760	-300.4492	-385.5782	85.12896	1.636034	0.9153721
2766	-306.139	-391.2455	85.10653	1.749545	0.8065465
2772	-302.3529	-386.6928	84.33989	1.726256	1.517559
2778	-303.6756	-388.5954	84.91983	2.061168	0.5741404
2784	-294.9653	-380.0084	85.04306	1.48628	1.145201
2790	-297.1851	-382.2281	85.04306	1.48628	1.145201
2796	-304.456	-389.6509	85.19488	1.63444	0.8405948
2802	-299.9524	-385.0212	85.06879	1.429075	1.172879
2808	-297.458	-381.7881	84.33015	1.010918	2.024108
2814	-308.2519	-391.1286	82.87667	0.7408477	3.098831
2820	-297.0663	-381.2245	84.15825	1.027546	2.126397
2826	-292.9873	-377.5915	84.60418	1.350525	1.599603
2832	-290.7973	-376.0772	85.27988	1.494744	0.9046845
2838	-296.9288	-382.4161	85.48728	0.9705638	1.207385
2844	-290.91	-376.1765	85.26651	1.508127	0.9046641
2850	-302.3364	-387.5958	85.25944	1.006906	1.364181
2856	-299.015	-383.1251	84.11013	1.150154	2.077525
2862	-302.0305	-386.4747	84.44417	1.021056	1.94109
2868	-304.8579	-389.1325	84.27454	1.14245	1.973487
2874	-300.0475	-382.9494	82.90192	0.9953272	2.931154
2880	-299.2214	-384.6475	85.42606	1.039265	1.20099
2886	-294.4868	-379.4077	84.92084	0.9052586	1.69198
2892	-292.0706	-376.8749	84.8043	1.021793	1.69198
2898	-298.8182	-383.8721	85.05384	1.181725	1.388353
2904	-292.6211	-377.4032	84.78214	1.531199	1.32679
2910	-286.2541	-371.4352	85.18105	1.677281	0.8035655
2916	-300.3088	-385.4077	85.09895	1.80491	0.7387541
2922	-302.3553	-387.6422	85.28685	1.347629	1.048534
2928	-294.0741	-379.2936	85.21949	1.462392	1.002278
2934	-301.4336	-386.4902	85.05665	1.393114	1.214269
2940	-294.699	-379.8151	85.11611	1.333654	1.214269
2946	-295.6777	-379.9463	84.26859	1.142307	1.977562
2952	-295.6816	-380.7622	85.08055	1.487152	1.110746
2958	-299.7528	-384.9451	85.19231	1.632684	0.8459162
2964	-300.5199	-385.4093	84.88939	2.072165	0.631383
2970	-309.6886	-394.4513	84.76269	1.918145	1.003314
2976	-307.7175	-392.9492	85.23173	1.463767	0.9885916
2982	-301.0176	-386.1348	85.11711	1.732514	0.8149559
2988	-301.623	-386.8031	85.18016	1.473526	1.030031
2994	-299.9601	-385.0099	85.04977	1.921737	0.6053438
3000	-294.3899	-379.5593	85.16939	1.505387	1.009341
3006	-288.9136	-373.942	85.02841	1.624165	1.031113
3012	-289.2108	-374.3251	85.11428	1.79534	0.7297284
3018	-297.0139	-382.1837	85.16971	1.517064	0.9973839
3024	-298.8079	-383.6169	84.80905	1.542344	1.296038
3030	-298.3749	-382.6398	84.2649	1.403273	1.802609
3036	-297.6794	-381.7946	84.11516	1.030993	2.152265
3042	-294.9514	-379.1202	84.16877	1.037631	2.11291
3048	-300.0453	-384.6002	84.5549	1.332174	1.648464
3054	-296.7222	-381.5227	84.8005	1.050295	1.674416
3060	-288.0762	-372.8883	84.8121	1.650838	1.203035
3066	-295.1641	-379.4055	84.24138	1.028123	2.071455
3072	-301.146	-385.9203	84.7743	1.309997	1.503991
3078	-304.4481	-389.6662	85.21809	1.464001	1.00207
3084	-299.9491	-384.8657	84.91654	2.069337	0.4510471
3090	-294.1892	-379.1623	84.97304	1.917889	0.7582322
3096	-294.9515	-379.428	84.47655	1.786542	1.366755
3102	-290.543	-375.8175	85.27452	1.211058	1.183545
3108	-293.5344	-378.5659	85.03148	1.225541	1.371537
3114	-292.8763	-377.3435	84.46721	1.363314	1.688834
3120	-293.3715	-378.2637	84.89222	1.508645	1.255356
3126	-301.4944	-386.2647	84.77027	1.84001	1.071446
3132	-302.1569	-387.0358	84.87885	1.170136	1.530326
3138	-300.4564	-384.4435	83.98709	1.175425	2.141598
3144	-298.959	-383.2467	84.28766	0.9766723	2.074861
3150	-297.0982	-382.1101	85.0119	1.07517	1.501914
3156	-293.0286	-377.9349	84.90638	1.04752	1.600189
3162	-291.3796	-375.838	84.45838	1.129347	1.857951
3168	-287.171	-371.8635	84.69249	1.275899	1.589636
3174	-287.7398	-372.7747	85.0349	1.941698	0.5897642
3180	-288.6825	-373.6502	84.96762	2.010964	0.4252649
3186	-294.0702	-379.3834	85.31318	1.567365	0.773194
3192	-295.0966	-379.9428	84.84621	1.384135	1.392435
3198	-295.7978	-380.2443	84.44649	1.291826	1.753821
3204	-290.6126	-375.8273	85.2147	1.47401	0.9954399
3210	-291.0634	-376.3589	85.29548	1.644833	0.6765455
3216	-294.4496	-379.626	85.17644	1.498947	1.008733
3222	-293.9563	-379.2402	85.28388	1.3598	1.039706
3228	-295.8863	-380.8593	84.97296	1.670722	1.039706
3234	-296.8564	-381.6241	84.76769	1.455057	1.398356
3240	-290.4723	-375.6247	85.15237	1.595167	0.9343723
3246	-299.1459	-384.6544	85.50858	1.248624	0.9239064
3252	-296.5571	-381.5726	85.01548	1.683306	0.9852588
3258	-297.9086	-382.9691	85.06055	1.586609	1.036357
3264	-299.7429	-384.5852	84.84222	1.502261	1.301655
3270	-307.4854	-392.595	85.10959	1.799777	0.7301264
3276	-311.9431	-396.9116	84.96848	1.943695	0.7256413
3282	-301.5909	-386.4408	84.84991	1.565586	1.243163
3288	-300.3808	-384.7253	84.34451	1.666269	1.558578
3294	-310.739	-395.5115	84.77253	1.623939	1.259006
3300	-304.8281	-389.8858	85.05772	1.282177	1.30538
3306	-305.9588	-390.7913	84.83245	1.399665	1.39105
3312	-302.5008	-387.5724	85.0716	1.823909	0.75145
3318	-302.5299	-387.472	84.94208	1.945346	0.7633358
3324	-303.754	-388.2102	84.45614	1.618197	1.51144
3330	-304.8857	-389.9877	85.10201	1.802922	0.7370985
3336	-298.4576	-383.62	85.16245	1.64585	0.8659806
3342	-292.6525	-377.5669	84.91432	1.893988	0.8659806
3348	-295.3718	-380.0105	84.63866	1.235979	1.657378
3354	-290.7878	-375.6517	84.86384	1.320497	1.428071
3360	-301.1436	-386.2017	85.05804	1.471201	1.145283
3366	-308.5492	-393.7958	85.24666	1.126627	1.278135
3372	-308.5778	-393.783	85.20522	1.621564	0.8437195
3378	-307.4079	-392.4195	85.01169	1.815095	0.8437195
3384	-296.3013	-381.3593	85.05799	1.705809	0.9166808
3390	-290.6588	-375.8742	85.2154	1.372172	1.092548
3396	-293.833	-378.4902	84.65726	1.778559	1.226081
3402	-287.5496	-372.5896	85.03999	1.886743	0.7013148
3408	-286.1137	-371.1846	85.07092	1.844839	0.7198312
3414	-288.7832	-374.0906	85.30739	1.608369	0.7198312
3420	-293.2005	-378.6573	85.45679	1.181853	1.044551
3426	-294.9467	-380.1986	85.25186	1.571284	0.8481753
3432	-302.9906	-388.2313	85.24076	1.387024	1.054916
3438	-298.1335	-382.207	84.07346	1.164249	2.092373
3444	-293.5454	-378.7142	85.16885	1.49258	1.022481
3450	-292.2158	-377.7089	85.49312	1.323146	0.8564932
3456	-292.95	-378.1973	85.24727	1.441949	0.9949283
3462	-290.065	-374.8847	84.81971	1.194152	1.556303
3468	-297.0513	-382.0901	85.03881	0.975055	1.556303
3474	-300.7929	-385.5507	84.75788	1.100961	1.668676
3480	-301.5378	-385.8304	84.29257	0.849326	2.155032
3486	-299.5994	-384.8733	85.27398	1.444201	0.9653669
3492	-293.8507	-379.1446	85.29397	1.223795	1.155436
3498	-292.9572	-377.7744	84.81713	1.526903	1.302021
3504	-287.962	-372.8435	84.88149	1.459851	1.304207
3510	-294.8541	-380.1794	85.3253	1.445378	0.9090752
3516	-301.8708	-386.1284	84.25756	1.340427	1.850927
3522	-297.6077	-381.9915	84.38377	1.152364	1.893128
3528	-290.332	-375.2101	84.87804	1.164685	1.534973
3534	-291.4785	-375.8967	84.41821	1.083899	1.916196
3540	-287.0213	-371.7409	84.7196	1.437292	1.44911
3546	-290.605	-375.4299	84.82489	1.393304	1.401894
3552	-292.5675	-377.9032	85.33569	1.532104	0.7908779
3558	-290.5171	-375.6199	85.10279	1.29624	1.256878
3564	-288.2877	-373.4265	85.13875	0.9962719	1.465752
3570	-289.4176	-373.8851	84.46747	1.3165	1.721768
3576	-292.4886	-376.663	84.17433	1.128807	2.049245
3582	-295.3342	-378.7115	83.37732	0.992163	2.643362
3588	-300.9883	-383.4306	82.44232	0.9399673	3.238491
3594	-297.3181	-381.5246	84.20659	1.369032	1.866228
3600	-298.3908	-382.6729	84.28212	1.293499	1.866228
3606	-296.7414	-381.2023	84.46099	1.363429	1.693171
3612	-302.0731	-386.2125	84.13933	1.549514	1.788284
3618	-294.7683	-379.062	84.29374	1.395103	1.788284
3624	-299.6288	-384.0396	84.41078	1.319789	1.759234
3630	-295.4386	-380.505	85.06641	1.193126	1.369556
3636	-291.005	-375.9093	84.90431	1.718973	1.059191
3642	-299.5348	-384.6232	85.08833	1.80771	0.7506507
3648	-293.3603	-378.2397	84.87941	1.872248	0.929925
3654	-287.699	-372.5508	84.85178	2.12902	0.5749148
3660	-289.4644	-374.3962	84.93179	2.059186	0.5040458
3666	-290.7747	-375.9622	85.18751	1.803329	0.4908782
3672	-286.932	-371.9968	85.06486	1.9185	0.4406874
3678	-293.957	-378.9475	84.99054	1.983168	0.4126665
3684	-290.7336	-375.5862	84.85264	2.093936	0.3653728
3690	-288.0474	-373.0067	84.9593	1.986715	0.6653583
3696	-291.8268	-376.5306	84.70372	2.165161	0.7893951
3702	-290.754	-375.9493	85.19531	1.676022	0.7860387
3708	-292.4304	-376.814	84.38366	2.399167	0.8954585
3714	-288.7532	-373.9251	85.17189	1.170885	1.303044
3720	-284.7421	-369.5354	84.79331	1.808602	1.079266
3726	-281.5042	-366.5854	85.08118	1.894517	0.5926913
3732	-282.3713	-367.5134	85.14208	1.83746	0.5796092
3738	-291.2982	-376.1847	84.88659	1.607941	1.175779
3744	-296.9077	-381.6113	84.70366	1.560252	1.366109
3750	-292.8771	-378.0982	85.22114	1.134133	1.292881
3756	-290.9404	-376.0894	85.14897	1.48858	1.045597
3762	-299.1878	-384.5178	85.33002	1.623221	0.6502898
3768	-294.4916	-379.5741	85.08244	1.870799	0.6502898
3774	-296.7576	-381.594	84.83639	1.759244	1.085097
3780	-292.4528	-377.3619	84.9091	1.239385	1.455521
3786	-295.6955	-379.847	84.15144	1.439186	1.85597
3792	-296.2936	-380.7686	84.47493	1.115696	1.85597
3798	-297.8594	-381.9968	84.13746	0.9607262	2.183433
3804	-300.988	-385.7254	84.73747	1.166082	1.636622
3810	-300.1792	-384.512	84.3328	1.275228	1.844048
3816	-296.2394	-381.423	85.18366	1.315319	1.171904
3822	-301.8765	-386.3209	84.44435	1.578327	1.549805
3828	-296.9895	-382.515	85.52553	1.297319	0.8485334
3834	-301.7553	-386.8139	85.05864	1.217094	1.356767
3840	-316.6473	-399.1591	82.51174	1.033692	3.141753
3846	-320.4775	-404.7275	84.24996	1.371336	1.834938
3852	-304.2456	-389.0254	84.77978	1.297772	1.509041
3858	-296.8618	-382.1041	85.24227	1.557783	0.8756691
3864	-293.132	-378.1071	84.97514	1.826238	0.8741275
3870	-288.9477	-374.1589	85.21123	1.585757	0.8792341
3876	-293.5819	-378.5734	84.99143	1.997938	0.5291791
3882	-298.9719	-383.8069	84.83503	1.892048	0.9560864
3888	-300.4473	-385.4289	84.98159	1.35734	1.306162
3894	-299.5298	-384.6859	85.15615	1.172978	1.314084
3900	-298.6134	-383.6071	84.99371	1.067164	1.521487
3906	-294.3054	-378.3131	84.00772	0.9054538	2.302488
3912	-293.6702	-377.2606	83.59033	1.059964	2.468801
3918	-295.5008	-380.0879	84.58712	1.358015	1.60656
3924	-297.3398	-382.3042	84.96444	1.826785	0.8858821
3930	-304.2202	-389.2106	84.99044	1.800784	0.8858821
3936	-306.2643	-390.8899	84.62562	1.82606	1.212636
3942	-297.5495	-382.7194	85.16991	1.820824	0.5119052
3948	-294.7956	-379.953	85.15743	1.829393	0.5471764
3954	-288.9188	-374.1369	85.2181	1.770116	0.53836
3960	-290.0391	-375.2867	85.24763	1.740577	0.53836
3966	-288.9106	-373.7725	84.86191	2.120152	0.4360625
3972	-284.371	-369.3934	85.02239	1.966286	0.4665934
3978	-293.532	-378.4024	84.87041	2.118267	0.4665934
3984	-302.0201	-386.5853	84.56524	2.04054	1.075649
3990	-303.4292	-388.4802	85.05098	1.93671	0.5418553
3996	-301.1944	-385.7248	84.53038	1.746095	1.356176
4002	-303.8468	-388.5474	84.70062	1.413782	1.481354
4008	-297.4683	-382.6653	85.19702	1.725439	0.7086567
4014	-299.7344	-385.1127	85.37831	1.57862	0.6421487
4020	-296.133	-380.5501	84.41715	1.903387	1.32101
4026	-299.593	-384.8578	85.26481	1.725497	0.5189765
4032	-300.8181	-385.9872	85.16915	1.634113	0.8719177
4038	-293.696	-378.8001	85.10411	1.529729	1.049148
4044	-293.4699	-378.6182	85.14825	1.58988	0.9444223
4050	-293.6566	-378.7101	85.0535	1.245151	1.338544
4056	-292.7215	-378.0419	85.32042	1.635838	0.6436582
4062	-294.023	-379.4261	85.40308	1.580617	0.5629314
4068	-291.4908	-376.6969	85.20608	1.685656	0.757047
4074	-292.5036	-377.799	85.2954	1.658144	0.6496333
4080	-293.5141	-378.8869	85.37283	1.292659	1.0185
4086	-298.7667	-383.9735	85.20679	1.724791	0.6927296
4092	-297.7724	-383.3291	85.55669	1.358529	0.7207079
4098	-298.5029	-383.2069	84.70397	1.004819	1.774422
4104	-293.1551	-377.4003	84.24522	0.8472899	2.187119
4110	-291.1291	-376.0886	84.95948	0.8803977	1.682185
4116	-292.4081	-377.7447	85.33655	1.639452	0.5916987
4122	-291.5235	-376.3244	84.80086	1.355571	1.449462
4128	-299.9548	-384.9109	84.95608	1.373603	1.313636
4134	-311.6828	-396.8996	85.21671	1.717048	0.6887916
4140	-303.7374	-388.9589	85.22152	1.741631	0.6274811
4146	-308.4762	-393.1989	84.72271	1.850898	1.105365
4152	-300.1162	-385.2683	85.15211	1.421492	1.105365
4158	-303.6434	-388.3081	84.66473	1.397322	1.520605
4164	-304.7549	-388.4996	83.74477	1.13182	2.325822
4170	-304.3777	-389.9184	85.54067	0.937474	1.189973
4176	-307.337	-392.6722	85.33511	1.426437	0.9191611
4182	-299.7176	-384.8512	85.13358	1.780263	0.722952
4188	-293.4876	-378.4833	84.99569	1.056807	1.527719
4194	-297.154	-382.0641	84.91001	1.14151	1.528448
4200	-295.8216	-380.8532	85.03164	1.430123	1.20404
4206	-288.9915	-373.8056	84.81407	1.324717	1.462893
4212	-290.6884	-375.9015	85.21306	1.644093	0.8051244
4218	-295.8323	-380.3451	84.51282	1.037339	1.88359
4224	-295.9897	-380.1674	84.17777	0.9133562	2.188011
4230	-294.9374	-379.7384	84.80102	1.354149	1.450421
4236	-297.1657	-382.4484	85.28267	1.574003	0.8057586
4242	-305.6184	-390.4443	84.82594	1.632243	1.207096
4248	-298.8713	-383.0756	84.20425	1.203051	1.97997
4254	-304.653	-389.6891	85.03615	1.063018	1.49283
4260	-301.2935	-386.2534	84.95987	1.357355	1.323673
4266	-299.2123	-384.2236	85.01127	1.920248	0.6928506
4272	-297.7495	-382.529	84.77949	1.939547	0.9644704
4278	-301.007	-385.9228	84.91581	1.849122	0.91544
4284	-309.8428	-394.9008	85.058	1.925817	0.4424167
4290	-300.7686	-385.4739	84.70531	1.637672	1.302874
4296	-303.8484	-388.9018	85.05348	1.70319	0.9244801
4302	-306.871	-391.8871	85.01613	1.60166	1.064378
4308	-296.7281	-381.4695	84.74143	1.846719	1.092017
4314	-291.5758	-376.7696	85.19372	1.773911	0.6160522
4320	-281.2089	-366.5139	85.305	1.408319	0.9703875
4326	-279.5053	-364.4468	84.94158	1.16334	1.488508
4332	-285.6419	-370.3049	84.66304	1.503698	1.44158
4338	-290.6293	-375.9734	85.34406	1.209892	1.123187
4344	-286.6378	-371.2755	84.63772	1.31572	1.600528
4350	-288.0213	-372.7983	84.77703	1.417208	1.420449
4356	-284.089	-368.6874	84.59836	1.415458	1.556337
4362	-282.2403	-367.2614	85.02111	1.780156	0.8742595
4368	-297.3593	-382.5037	85.14435	1.845682	0.5224137
4374	-301.6448	-386.6086	84.96383	1.992091	0.3789787
4380	-296.6925	-381.2567	84.56417	2.423464	0.4600492
4386	-295.9899	-380.8449	84.85498	2.108311	0.3913206
4392	-294.7284	-379.5403	84.8119	1.917552	0.9535977
4398	-292.1717	-377.4408	85.26911	1.618365	0.7632735
4404	-287.3517	-372.171	84.81932	2.113219	0.3479265
4410	-295.4838	-380.528	85.04416	1.946853	0.4997063
4416	-294.3542	-379.2501	84.8959	2.00535	0.7427743
4422	-301.0836	-386.0602	84.97659	2.00535	0.5704003
4428	-290.7229	-375.4136	84.69069	1.981788	1.01161
4434	-286.2775	-371.3877	85.11027	1.751663	0.7987768
4440	-294.8539	-379.9794	85.12556	1.803909	0.6965095
4446	-294.5112	-379.5185	85.00735	1.922111	0.6965095
4452	-294.9658	-379.6662	84.70037	1.691658	1.262689
4458	-300.4105	-385.5996	85.18906	1.202965	1.262689
4464	-302.9161	-387.8183	84.90223	1.186402	1.500746
4470	-305.558	-390.2857	84.72772	1.75155	1.189001
4476	-304.1083	-388.7641	84.65578	1.960997	1.065336
4482	-298.8839	-383.8624	84.97855	1.615613	1.08646
4488	-302.9554	-387.9771	85.02167	1.589788	1.070336
4494	-293.8098	-378.4289	84.61907	1.413627	1.542398
4500	-289.8851	-374.8425	84.95737	1.427661	1.268467
4506	-291.0369	-375.7555	84.71857	1.666463	1.268467
4512	-291.1826	-375.7388	84.55624	1.159438	1.769624
4518	-284.7017	-369.8537	85.15205	1.144626	1.340119
4524	-291.6963	-376.5597	84.86334	1.590193	1.211062
4530	-301.6457	-386.2674	84.62174	1.628454	1.376896
4536	-294.7952	-379.9744	85.17928	1.397892	1.102099
4542	-296.9526	-381.9042	84.95163	1.802857	0.9268532
4548	-300.2612	-384.2007	83.93952	0.9647417	2.308176
4554	-298.8282	-383.8634	85.03529	1.211046	1.37993
4560	-299.3398	-384.6674	85.32759	1.571642	0.7458502
4566	-289.7356	-374.899	85.16331	1.735918	0.7458502
4572	-289.5219	-374.3389	84.81695	1.713526	1.14419
4578	-291.6056	-376.4262	84.82062	1.505225	1.316731
4584	-285.3446	-370.0515	84.70695	1.618897	1.316731
4590	-290.3059	-374.8684	84.56243	0.9716956	1.894493
4596	-287.585	-372.6993	85.11436	1.472266	1.093421
4602	-294.2213	-379.0079	84.78661	1.66163	1.215561
4608	-287.7147	-372.7075	84.99285	1.455395	1.215561
4614	-296.4202	-381.413	84.99285	1.455395	1.215561
4620	-303.5856	-387.807	84.22143	1.918635	1.461926
4626	-302.7456	-388.2168	85.47119	1.329037	0.8754717
4632	-296.8225	-381.934	85.11152	1.688707	0.8754717
4638	-296.9203	-382.3558	85.43552	1.337195	0.9068078
4644	-292.9669	-378.09	85.12313	1.800837	0.7060895
4650	-291.3152	-376.2719	84.95677	2.023133	0.5782914
4656	-297.1351	-382.2881	85.15304	1.777815	0.6940333
4662	-297.4166	-382.4656	85.049	1.940805	0.4758534
4668	-301.7076	-386.6987	84.99113	1.712464	0.9803664
4674	-296.0806	-380.5091	84.42853	1.129524	1.878215
4680	-293.3541	-377.9896	84.63557	1.102928	1.753692
4686	-292.967	-377.7669	84.79984	1.350405	1.45418
4692	-291.6015	-375.8279	84.22637	1.719164	1.606268
4698	-287.653	-372.7218	85.06888	1.494946	1.114264
4704	-286.3325	-371.014	84.68145	1.349402	1.543764
4710	-294.6008	-379.5083	84.90756	1.308371	1.403649
4716	-293.4865	-378.3409	84.85437	1.361568	1.403649
4722	-293.2638	-378.5306	85.26676	1.502677	0.9104502
4728	-297.4973	-382.2307	84.73335	1.577807	1.328539
4734	-299.1726	-383.557	84.38449	1.409069	1.715011
4740	-297.0381	-382.2761	85.23798	1.331324	1.109282
4746	-299.3451	-384.5958	85.25076	1.690052	0.6755777
4752	-299.039	-383.5583	84.5193	1.805673	1.317437
4758	-298.9581	-383.1649	84.20683	1.480342	1.789446
4764	-295.5104	-380.7418	85.23142	1.590089	0.8501627
4770	-304.4409	-389.1858	84.74494	1.021489	1.734116
4776	-305.0463	-389.3762	84.32991	1.424638	1.742453
4782	-302.0992	-386.5341	84.43489	1.86664	1.336247
4788	-298.9888	-384.3717	85.38287	1.5291	0.7259769
4794	-304.8952	-389.5537	84.65845	1.505033	1.44407
4800	-310.5195	-394.8917	84.37211	1.529218	1.638223
4806	-299.2595	-384.0584	84.79887	1.392728	1.422482
4812	-299.5646	-384.78	85.21549	1.392728	1.073375
4818	-296.7694	-381.6613	84.89182	1.166996	1.523019
4824	-297.4892	-382.2894	84.80025	1.172124	1.586733
4830	-290.6447	-375.3819	84.73713	1.404211	1.460953
4836	-300.022	-384.821	84.79907	1.944191	0.9389508
4842	-296.9562	-382.2699	85.31376	1.613887	0.6997102
4848	-299.9991	-384.7951	84.79603	1.883741	1.004379
4854	-294.028	-379.1931	85.16512	1.622246	0.8902989
4860	-294.9303	-379.8155	84.88518	1.98753	0.7841473
4866	-293.652	-378.539	84.88707	1.632879	1.153511
4872	-300.4193	-385.5325	85.11318	1.380719	1.176331
4878	-290.5928	-375.6242	85.03141	1.462482	1.176331
4884	-293.5126	-378.601	85.08846	1.881054	0.6109507
4890	-300.3814	-385.0414	84.66005	1.799355	1.206055
4896	-304.2021	-388.7587	84.55656	1.77701	1.310496
4902	-298.1045	-381.9428	83.83832	1.617258	1.947582
4908	-304.6085	-388.4833	83.87479	1.268705	2.153992
4914	-298.0391	-382.4696	84.43047	1.534314	1.592268
4920	-301.9215	-386.083	84.16148	1.509865	1.800413
4926	-294.3655	-379.1244	84.75893	1.47794	1.38734
4932	-298.382	-383.1225	84.74052	1.632448	1.278399
4938	-299.3773	-384.0208	84.64351	1.225221	1.661609
4944	-307.5495	-391.0514	83.50192	1.408269	2.304395
4950	-296.7277	-380.5823	83.85462	1.055568	2.304395
4956	-294.5434	-379.6689	85.12555	1.176158	1.336104
4962	-300.8859	-384.9944	84.10851	1.508251	1.838055
4968	-296.8653	-381.8278	84.96254	1.591052	1.123517
4974	-311.2196	-395.9506	84.73105	1.989035	0.9633815
4980	-304.3545	-389.0746	84.72008	1.663967	1.269279
4986	-301.6665	-386.3071	84.64059	1.570983	1.407035
4992	-304.2527	-389.3885	85.13575	1.671217	0.8675599
4998	-301.4729	-386.267	84.79411	1.563844	1.290689
5004	-297.6596	-382.9285	85.2689	1.652663	0.7101789
5010	-297.8507	-382.7323	84.88156	2.069364	0.6552451
5016	-292.4926	-377.2467	84.75413	2.172581	0.341461
5022	-296.1997	-381.0349	84.83516	2.153545	0.5347538
5028	-297.9116	-382.8251	84.91346	1.987409	0.7433492
5034	-286.4099	-371.3804	84.97052	1.528628	1.171761
5040	-295.517	-380.8829	85.36589	1.60153	0.616611
5046	-290.9458	-376.0717	85.12595	1.803151	0.6971577
5052	-298.1094	-383.4129	85.30351	1.589564	0.7550727
5058	-290.8017	-376.011	85.20927	1.745625	0.6466711
5064	-297.378	-382.4815	85.10358	1.775968	0.7745967
5070	-298.6522	-383.7286	85.07641	1.914489	0.4924262
5076	-294.5778	-379.5715	84.99366	1.73243	0.9571193
5082	-297.0111	-382.0309	85.01974	1.580744	1.080594
5088	-299.752	-384.8499	85.09796	1.8569	0.6467553
5094	-302.5392	-387.3949	84.85564	2.025379	0.3006276
5100	-311.9525	-396.8605	84.90805	2.075059	0.5655227
5106	-311.7321	-396.4671	84.73505	2.251409	0.549253
5112	-311.2378	-395.4381	84.20028	2.46425	0.1966506
5118	-298.7684	-383.474	84.70563	2.181389	0.3052387
5124	-296.0701	-381.4111	85.34107	1.647481	0.5359348
5130	-289.1959	-374.0681	84.87223	2.114935	0.4574307
5136	-289.1708	-374.0066	84.83581	2.114935	0.3711949
5142	-293.9862	-378.6969	84.71065	2.279884	0.5156395
5148	-292.0895	-376.8357	84.74619	2.13343	0.299579
5154	-301.483	-386.603	85.11998	1.870801	0.4892557
5160	-298.8701	-384.0343	85.1642	1.644938	0.8649917
5166	-291.7304	-377.0628	85.33243	1.557292	0.759998
5172	-293.0983	-378.4208	85.32254	1.235907	1.119134
5178	-291.4255	-376.8599	85.43442	1.498814	0.6897557
5184	-296.4621	-381.4682	85.00614	1.744772	0.930731
5190	-295.7792	-380.8109	85.03168	1.931203	0.3905844
5196	-294.6003	-379.6548	85.05452	1.932531	0.5458552
5202	-300.0268	-385.2758	85.24907	1.396744	1.037648
5208	-302.4302	-387.4558	85.0256	1.900099	0.7031013
5214	-307.7804	-392.9085	85.12814	1.683618	0.8618837
5220	-308.4641	-393.5542	85.09014	1.900799	0.4941839
5226	-300.0431	-384.947	84.90392	2.007323	0.7271335
5232	-300.4341	-385.5391	85.10497	1.884557	0.5277516
5238	-295.0067	-380.0328	85.02616	1.916025	0.6729292
5244	-293.1763	-378.0169	84.8406	1.973985	0.8585044
5250	-295.9381	-381.038	85.09988	1.590042	0.9942173
5256	-298.3377	-383.4073	85.06959	1.163578	1.390226
5262	-294.7492	-379.5436	84.79445	1.482554	1.355757
5268	-294.5679	-379.0399	84.47195	1.164535	1.824488
5274	-297.6261	-380.6106	82.98452	1.04848	2.849078
5280	-307.8419	-392.6842	84.84238	0.7090151	1.882748
5286	-296.5616	-380.1982	83.63658	0.9343448	2.518438
5292	-296.1886	-381.1561	84.96747	1.314697	1.351666
5298	-289.7081	-374.244	84.53586	1.844709	1.272147
5304	-294.8002	-379.1892	84.38898	2.014058	1.253553
5310	-293.7618	-379.0039	85.24207	0.8082658	1.529323
5316	-290.7442	-375.5534	84.8092	1.37323	1.429542
5322	-289.415	-374.3935	84.9785	1.105323	1.504346
5328	-294.9385	-380.2597	85.32126	1.074709	1.259424
5334	-296.4401	-381.4025	84.9624	1.790447	0.9286338
5340	-299.5426	-384.838	85.29547	1.489955	0.892505
5346	-296.4895	-381.8938	85.40429	1.295526	0.9842127
5352	-300.6362	-385.756	85.11984	1.60124	0.9623559
5358	-289.2803	-374.6659	85.38557	1.537815	0.7070903
5364	-290.731	-375.9087	85.17778	1.637105	0.8581418
5370	-293.5307	-378.5319	85.00119	1.767072	0.9117549
5376	-288.2384	-373.3362	85.09778	1.67004	0.91225
5382	-282.3327	-367.3699	85.03725	1.635221	1.011618
5388	-285.9921	-371.2607	85.2686	1.693911	0.6290647
5394	-290.3325	-375.3452	85.01267	1.967413	0.5775905
5400	-290.3957	-375.6666	85.2709	1.656934	0.6993922
5406	-291.4698	-376.6438	85.17399	1.256428	1.230639
5412	-292.2885	-377.7026	85.41406	1.328461	0.939747
5418	-302.3684	-387.183	84.81458	1.502313	1.323938
5424	-298.7971	-384.1146	85.31751	0.9993823	1.323938
5430	-294.0831	-379.1834	85.10038	1.881575	0.5703389
5436	-296.652	-381.7824	85.13035	1.857602	0.5401334
5442	-293.2069	-378.1016	84.89465	2.096256	0.4926817
5448	-290.4003	-375.7029	85.30251	1.546556	0.8156823
5454	-297.8217	-382.745	84.92334	1.264127	1.425662
5460	-296.3632	-381.4683	85.10513	1.621078	0.9569984
5466	-295.0078	-380.2283	85.22051	1.428025	1.035029
5472	-291.7718	-376.1375	84.36566	1.174611	1.890317
5478	-294.1368	-378.8438	84.70706	1.123095	1.689102
5484	-297.1503	-381.659	84.50871	1.204742	1.771172
5490	-297.3592	-382.3666	85.00743	1.684169	0.9925289
5496	-298.0196	-382.3978	84.37821	1.168309	1.886065
5502	-300.1447	-384.6344	84.48972	1.20119	1.786851
5508	-291.8443	-376.8337	84.98942	1.856268	0.8200241
5514	-300.292	-385.0911	84.79907	2.14541	0.6684151
5520	-298.6025	-383.3149	84.71244	1.728109	1.222082
5526	-306.6577	-391.5607	84.90292	1.296965	1.416086
5532	-301.2967	-386.6002	85.30347	1.583324	0.76425
5538	-297.2589	-382.0312	84.77228	1.734444	1.16514
5544	-293.8018	-378.4899	84.68806	1.59086	1.354239
5550	-305.152	-390.3305	85.17844	1.772244	0.6557443
5556	-296.898	-381.8034	84.9054	2.070382	0.5923992
5562	-300.2559	-385.1737	84.91781	1.989941	0.7326903
5568	-302.9942	-387.685	84.69074	1.850826	1.134306
5574	-300.6868	-384.6929	84.00611	1.147299	2.147535
5580	-301.3327	-385.8148	84.48215	1.003775	1.927136
5586	-294.5532	-379.4	84.84671	1.522557	1.281437
5592	-295.5544	-380.4555	84.90107	1.468192	1.281437
5598	-296.5683	-381.7653	85.19697	1.6414	0.8293226
5604	-293.1222	-377.8004	84.67826	1.56933	1.378946
5610	-302.8828	-387.3444	84.46163	1.059973	1.902992
5616	-297.0164	-381.4546	84.43812	1.774327	1.406354
5622	-295.9	-380.4712	84.5712	2.407999	0.5808319
5628	-287.2238	-371.7981	84.57429	2.407999	0.43683
5634	-285.8756	-370.6362	84.76057	2.157504	0.3325289
5640	-290.3268	-375.1625	84.83569	1.909163	0.9372516
5646	-298.4041	-382.7772	84.37314	1.976883	1.297153
5652	-300.0935	-385.3449	85.25144	1.400031	1.032184
5658	-304.6437	-388.9105	84.26678	1.228339	1.920923
5664	-303.4526	-387.6532	84.20062	1.573178	1.728934
5670	-300.9574	-384.9902	84.03279	1.643961	1.796674
5676	-294.7425	-379.8317	85.0892	1.468969	1.119382
5682	-301.5472	-386.7179	85.17072	1.616257	0.8907369
5688	-294.8417	-379.8577	85.01596	1.771018	0.8907369
5694	-295.2204	-380.5935	85.3731	1.344573	0.9658849
5700	-299.4729	-384.4563	84.98345	1.33641	1.32155
5706	-298.8744	-382.7468	83.87248	1.726329	1.850367
5712	-292.2687	-377.1036	84.83485	1.292562	1.471521
5718	-298.4491	-383.4516	85.0025	1.753491	0.9252288
5724	-295.5606	-380.1598	84.59917	1.753491	1.295006
5730	-293.1896	-378.3776	85.18802	1.723508	0.7266855
5736	-296.299	-381.2365	84.93748	1.368812	1.332437
5742	-292.964	-378.2373	85.27334	1.420607	0.9901629
5748	-301.3555	-386.2499	84.89443	1.734225	1.054095
5754	-297.4271	-382.5276	85.10049	1.48205	1.097178
5760	-296.5502	-381.2799	84.72971	1.140366	1.660643
5766	-305.3605	-390.5489	85.18842	0.9228015	1.483761
5772	-299.7566	-382.9886	83.232	1.013418	2.719615
5778	-302.5016	-385.3057	82.80406	0.7533379	3.134638
5784	-295.9131	-380.8731	84.95999	1.75083	0.9729696
5790	-291.8805	-376.7356	84.85513	1.497757	1.29482
5796	-295.4089	-380.6295	85.22061	1.584949	0.8692255
5802	-296.665	-381.9876	85.32255	1.337186	1.024134
5808	-297.6733	-383.1029	85.42951	1.396542	0.8446129
5814	-310.5005	-395.7149	85.21442	1.613237	0.842653
5820	-304.3691	-389.3802	85.0111	1.901827	0.7244343
5826	-296.8311	-381.6493	84.81817	1.901827	0.9634747
5832	-295.5605	-380.6431	85.08269	1.317319	1.256066
5838	-303.4725	-387.6011	84.12864	1.379503	1.912111
5844	-296.7368	-380.8895	84.1528	1.451978	1.846276
5850	-300.3147	-385.3213	85.00655	1.516922	1.150393
5856	-301.0248	-386.0041	84.97929	1.99505	0.5969373
5862	-296.1207	-381.0295	84.90881	1.91385	0.8487594
5868	-295.124	-380.036	84.91208	1.516571	1.232127
5874	-294.503	-379.5952	85.09215	1.503203	1.085356
5880	-296.6456	-381.9493	85.30369	1.526976	0.8389348
5886	-296.5892	-382.1366	85.54747	1.178939	0.9567929
5892	-312.7158	-397.8328	85.11698	1.368315	1.183791
5898	-310.0318	-394.5552	84.52346	0.8903291	1.975625
5904	-299.0962	-382.7531	83.65691	1.306988	2.270024
5910	-298.0379	-383.2529	85.21504	1.308985	1.149904
5916	-291.4758	-376.4344	84.95862	2.032236	0.4913389
5922	-293.6951	-378.613	84.91785	2.044856	0.6285796
5928	-289.9947	-374.8196	84.82495	2.165919	0.508396
5934	-301.8975	-386.9087	85.01112	1.814382	0.845288
5940	-291.0342	-376.2532	85.21899	1.635648	0.80843
5946	-292.3581	-377.6933	85.33517	1.276979	1.06969
5952	-290.6539	-375.4628	84.80894	2.139237	0.6609511
5958	-286.6213	-371.4705	84.84912	1.3995	1.378132
5964	-291.0758	-376.01	84.93417	1.195143	1.470083
5970	-300.3977	-385.486	85.08838	1.100443	1.424624
5976	-293.0199	-377.6409	84.62097	1.106612	1.761322
5982	-297.682	-382.5464	84.86442	1.350242	1.404638
5988	-296.4077	-381.1611	84.75346	1.293774	1.531629
5994	-297.0725	-382.0624	84.98992	1.429421	1.239936
6000	-288.002	-372.6382	84.63625	1.02854	1.80495
6006	-292.8971	-377.9799	85.08279	1.196585	1.353881
6012	-282.824	-367.6986	84.87457	1.397472	1.359687
6018	-286.9743	-371.8625	84.88825	1.383793	1.359687
6024	-286.8537	-371.8216	84.96791	1.990279	0.639273
6030	-284.8285	-369.8076	84.97913	2.011782	0.4929799
6036	-285.4365	-370.2216	84.78514	2.090025	0.7807463
6042	-288.74	-374.0998	85.35978	1.549743	0.7298822
6048	-295.5386	-380.7489	85.21036	1.506826	0.9663927
6054	-293.1575	-378.2341	85.07656	1.77745	0.8092483
6060	-300.2865	-385.4039	85.11733	1.818546	0.6848937
6066	-293.7957	-379.2113	85.41563	1.471493	0.7637777
6072	-291.4126	-376.4546	85.042	1.84085	0.7699193
6078	-291.1479	-376.2095	85.06163	1.771999	0.8352588
6084	-302.0497	-387.0573	85.00754	1.837222	0.8212069
6090	-301.5731	-386.6246	85.05148	1.837222	0.7614912
6096	-301.9757	-387.1598	85.18411	1.493161	1.006869
6102	-295.2909	-380.508	85.2171	1.317927	1.140139
6108	-289.2986	-374.1477	84.84903	1.746687	1.08502
6114	-294.2693	-379.4114	85.14207	1.45365	1.08502
6120	-295.1145	-380.3587	85.24416	1.704517	0.6599261
6126	-293.5289	-378.5417	85.01279	1.945359	0.6393525
6132	-295.3863	-380.6254	85.23908	1.621475	0.8006199
6138	-297.614	-382.6353	85.02128	1.684973	0.9776559
6144	-295.33	-380.6777	85.34774	1.334367	1.002046
6150	-294.2621	-379.3196	85.05742	1.83377	0.7578491
6156	-289.6718	-374.9113	85.23948	1.595485	0.8335912
6162	-290.138	-375.4906	85.35265	1.540071	0.7555946
6168	-291.4244	-376.4121	84.98773	1.572797	1.117253
6174	-285.7819	-371.1193	85.33738	1.478285	0.8572117
6180	-285.231	-370.4619	85.23083	1.351633	1.097255
6186	-289.2035	-374.472	85.26847	1.456982	0.9577927
6192	-300.7586	-386.1032	85.34459	1.380858	0.9577927
6198	-304.4055	-389.5753	85.1698	1.453202	1.059456
6204	-295.9161	-380.5164	84.60028	1.380646	1.58048
6210	-295.1242	-380.2292	85.10504	1.724463	0.8403672
6216	-294.8236	-380.1107	85.28714	1.365004	1.031533
6222	-296.5245	-381.8366	85.31211	1.365004	1.007022
6228	-294.191	-379.1114	84.92039	2.043096	0.6266716
6234	-288.8938	-374.0701	85.17626	1.798265	0.5963718
6240	-288.5171	-373.7083	85.19118	1.519853	0.9727511
6246	-291.1549	-376.3061	85.15119	1.442906	1.086527
6252	-297.9236	-382.9191	84.99551	1.844349	0.8274474
6258	-293.9662	-378.6282	84.66196	1.367512	1.544783
6264	-295.4146	-380.6815	85.26687	1.313632	1.099053
6270	-289.9182	-374.3115	84.39327	1.296527	1.787622
6276	-292.9835	-377.4112	84.4277	1.303985	1.758457
6282	-293.7041	-377.7233	84.01928	1.712406	1.758457
6288	-295.5324	-380.3526	84.8202	1.184707	1.562897
6294	-293.843	-378.5806	84.73766	1.528148	1.364612
6300	-302.0978	-387.2195	85.12161	1.475679	1.083558
6306	-304.6281	-389.3795	84.75144	1.44683	1.417336
6312	-291.6858	-376.1234	84.43759	1.311513	1.746265
6318	-292.0251	-376.2384	84.2133	1.187246	1.98449
6324	-289.2826	-373.3803	84.09764	1.286225	1.995627
6330	-290.1108	-374.9655	84.85464	1.412771	1.363347
6336	-296.9592	-382.5241	85.56484	1.24214	0.8675517
6342	-298.6006	-383.4852	84.88465	1.245889	1.469156
6348	-311.4222	-396.6724	85.25017	1.44729	0.986603
6354	-314.5292	-398.7366	84.20735	1.275456	1.929241
6360	-316.5698	-400.7202	84.15048	0.9627761	2.173659
6366	-318.3363	-402.2067	83.87044	1.231842	2.180781
6372	-317.6008	-402.3219	84.72111	1.440337	1.445631
6378	-308.6379	-393.1282	84.49021	1.658254	1.455532
6384	-306.0611	-390.32	84.25883	1.132226	1.990823
6390	-296.3875	-381.5073	85.11973	1.413364	1.14186
6396	-294.3771	-379.6036	85.22655	1.193923	1.238994
6402	-305.4289	-389.8619	84.433	0.8861499	2.038651
6408	-292.7187	-377.1862	84.46754	1.279792	1.747509
6414	-293.8168	-378.6171	84.80029	1.162203	1.593938
6420	-297.677	-382.4565	84.77941	1.140152	1.625072
6426	-294.5433	-379.6479	85.10461	1.606673	0.9724931
6432	-294.1505	-379.284	85.13352	1.242603	1.275807
6438	-289.7921	-374.8073	85.01519	1.412145	1.233229
6444	-297.1146	-381.9813	84.86662	1.674295	1.13489
6450	-295.7581	-380.9879	85.2298	1.547206	0.9020188
6456	-300.0353	-385.7727	85.73741	1.228236	0.6212341
6462	-291.9184	-376.7684	84.85	2.044313	0.753226
6468	-300.0501	-384.718	84.6679	0.9783782	1.817734
6474	-298.9109	-383.8614	84.95049	1.01051	1.595025
6480	-299.0656	-383.6924	84.62682	1.231643	1.668943
6486	-306.6703	-391.8549	85.1846	1.143746	1.314715
6492	-308.0235	-393.2147	85.1912	1.303327	1.175783
6498	-300.9166	-386.1907	85.27406	1.632716	0.7342093
6504	-293.4051	-378.302	84.89683	1.24264	1.462371
6510	-295.7599	-380.5121	84.75219	1.327252	1.507626
6516	-308.2963	-392.989	84.69267	1.46029	1.452111
6522	-312.4925	-397.3099	84.81738	0.9879844	1.706669
6528	-300.5633	-385.7039	85.1406	1.501257	1.041465
6534	-304.5731	-389.3177	84.74466	2.212392	0.3807608
6540	-299.7581	-384.831	85.07292	1.395483	1.198349
6546	-294.395	-379.132	84.73697	1.259734	1.568922
6552	-294.471	-379.5817	85.11075	1.83946	0.6567419
6558	-293.429	-377.9014	84.47239	1.548822	1.550888
6564	-295.5112	-380.5575	85.04636	1.818428	0.7949458
6570	-296.9507	-382.0973	85.14662	1.632018	0.9001821
6576	-306.5213	-390.8451	84.32378	0.9623009	2.060516
6582	-305.9733	-390.5385	84.56518	0.7067397	2.069859
6588	-301.3888	-386.5086	85.11986	1.646783	0.9135485
6594	-302.8349	-387.2922	84.45723	1.540782	1.567958
6600	-302.3759	-387.2338	84.85785	1.246085	1.489249
6606	-299.373	-384.0618	84.6888	1.279322	1.589834
6612	-293.5101	-378.7852	85.27508	1.267718	1.133209
6618	-297.4714	-382.3105	84.83912	1.703672	1.133209
6624	-296.6163	-381.7694	85.15304	1.360127	1.159483
6630	-298.1286	-383.3772	85.2486	1.322419	1.107722
6636	-288.0545	-373.0503	84.99577	1.575254	1.107722
6642	-295.9547	-381.0921	85.13745	1.522759	1.023669
6648	-301.0011	-386.0551	85.05393	1.883922	0.6812071
6654	-291.055	-376.1016	85.04654	1.943794	0.5186234
6660	-292.9001	-378.1626	85.26253	1.639013	0.7423156
6666	-288.0677	-373.3299	85.26219	1.595936	0.8038298
6672	-299.7917	-384.5029	84.71115	1.680429	1.263057
6678	-301.597	-386.7945	85.19746	1.733946	0.6930487
6684	-295.7855	-380.3659	84.58039	1.456382	1.539383
6690	-294.1228	-379.0309	84.90812	1.258051	1.442017
6696	-298.8435	-383.53	84.68651	1.491578	1.432881
6702	-297.0565	-382.0045	84.94798	1.612972	1.116864
6708	-307.9441	-393.0526	85.10848	1.557868	1.017656
6714	-294.8878	-379.8924	85.00464	1.973487	0.584623
6720	-296.392	-381.5529	85.16085	1.752837	0.7231989
6726	-289.7751	-374.9138	85.13873	1.367887	1.165227
6732	-293.0518	-377.6533	84.60151	2.361276	0.3904131
6738	-302.7544	-387.5319	84.77743	2.18539	0.3904859
6744	-297.7945	-382.8897	85.0952	1.791673	0.7641399
6750	-298.503	-383.6656	85.1626	1.450557	1.068744
6756	-292.6759	-377.6688	84.99282	1.920396	0.7239602
6762	-292.6312	-377.5799	84.94865	1.94598	0.7527534
6768	-290.7992	-375.8564	85.05718	1.616611	1.010313
6774	-296.0732	-381.3914	85.31815	1.573109	0.7577419
6780	-298.5456	-383.6815	85.13584	1.842619	0.5834442
6786	-299.2955	-384.3088	85.01325	1.3475	1.288407
6792	-297.7364	-382.8613	85.12495	1.437263	1.115723
6798	-291.6916	-376.8194	85.12776	1.434451	1.115723
6804	-296.1033	-381.3524	85.2491	1.710118	0.6368908
6810	-300.48	-385.7628	85.28273	1.315536	1.082651
6816	-292.1018	-376.9857	84.88397	1.612067	1.174467
6822	-294.2967	-379.1988	84.90209	1.425725	1.315145
6828	-289.6997	-374.7793	85.07963	1.528351	1.073594
6834	-289.716	-374.9567	85.24077	1.685359	0.702362
6840	-289.4624	-374.4988	85.03643	1.889698	0.702362
6846	-302.5161	-387.1363	84.6202	2.099644	0.963633
6852	-295.667	-380.9441	85.27709	1.592221	0.7888057
6858	-296.3481	-381.1866	84.83849	1.30561	1.458856
6864	-299.3218	-384.3342	85.01244	1.682521	0.9891413
6870	-291.6414	-376.5222	84.88086	1.95273	0.8353086
6876	-293.8967	-379.113	85.21635	1.732014	0.6605836
6882	-298.3812	-383.6729	85.29164	1.543835	0.8329477
6888	-294.1258	-379.0748	84.94895	1.53012	1.189175
6894	-312.9423	-397.8056	84.86327	1.314116	1.433415
6900	-303.2422	-388.1028	84.86062	1.300638	1.445774
6906	-292.7802	-377.6809	84.90069	1.149327	1.529559
6912	-295.7413	-380.9333	85.19199	0.9975011	1.424108
6918	-290.6813	-375.9374	85.25614	1.666367	0.7085788
6924	-295.0969	-380.3792	85.28226	1.523924	0.8684833
6930	-291.9209	-376.8364	84.91549	2.074954	0.4833303
6936	-293.778	-379.0393	85.26127	1.72683	0.4628318
6942	-300.1311	-385.8106	85.67949	1.273244	0.6513783
6948	-300.5228	-385.5484	85.02559	1.108998	1.466083
6954	-290.3835	-375.4651	85.08155	1.053033	1.466083
6960	-297.404	-382.1286	84.72457	1.662695	1.266628
6966	-294.777	-379.9448	85.16779	1.709146	0.7782733
6972	-292.6191	-377.6417	85.02267	1.963203	0.5524229
6978	-297.2056	-382.4448	85.23914	1.649365	0.7617737
6984	-301.2902	-385.8526	84.56233	1.788716	1.296324
6990	-294.2855	-378.3585	84.07299	1.55367	1.831248
6996	-296.5461	-381.0386	84.49248	1.134182	1.831248
7002	-297.1208	-381.9545	84.83371	1.879106	0.9709119
7008	-294.5935	-379.7786	85.18502	1.805801	0.4903627
7014	-291.2824	-375.9377	84.65537	1.511817	1.44124
7020	-288.8181	-374.2032	85.38513	1.514266	0.7455922
7026	-295.5819	-380.2527	84.67079	2.257568	0.3432465
7032	-301.8605	-386.5782	84.71766	2.257568	0.5941596
7038	-301.6789	-386.3613	84.68247	2.233901	0.3308534
7044	-300.4545	-385.5662	85.11172	1.862153	0.5983838
7050	-296.5057	-381.3073	84.80161	1.631787	1.228126
7056	-293.6434	-378.6425	84.99901	1.550118	1.127532
7062	-303.9977	-388.4909	84.49314	1.389152	1.651898
7068	-302.1405	-386.996	84.85549	1.189077	1.533604
7074	-306.4941	-391.7295	85.23539	1.573516	0.8652721
7080	-305.7605	-389.724	83.96348	1.817707	1.723732
7086	-300.4298	-385.3198	84.89002	1.442902	1.311023
7092	-299.3382	-384.8323	85.49409	1.442902	0.6828281
7098	-304.2011	-389.0252	84.82412	1.993009	0.8554472
7104	-304.3539	-389.6985	85.34459	1.27897	1.058927
7110	-291.777	-376.9359	85.15891	1.392185	1.125758
7116	-290.5799	-375.5155	84.93558	1.341856	1.355417
7122	-283.4193	-368.4193	85.00005	1.51463	1.158153
7128	-289.4155	-373.9502	84.53463	1.095337	1.82897
7134	-290.865	-376.0901	85.22507	1.349737	1.10427
7140	-296.5899	-381.6005	85.01062	1.973349	0.5616994
7146	-296.1442	-381.173	85.02886	1.872135	0.7431572
7152	-295.722	-380.8691	85.14715	1.589192	0.9463261
7158	-296.8222	-381.4498	84.62757	1.670832	1.338747
7164	-293.4926	-378.8683	85.37572	1.550421	0.7023395
7170	-303.5114	-388.2304	84.71899	2.116952	0.2706548
7176	-290.8662	-375.6947	84.82856	2.150706	0.4272366
7182	-293.9315	-378.7718	84.8403	2.150706	0.4980094
7188	-297.7919	-382.9313	85.13943	1.848549	0.5399663
7194	-298.2341	-383.4525	85.21837	1.465969	0.9998191
7200	-296.5635	-381.6669	85.10338	1.439082	1.133504
7206	-291.8382	-377.1353	85.2971	1.48766	0.8932609
7212	-295.7155	-380.9154	85.19986	1.683264	0.7695323
7218	-299.3446	-384.6373	85.29267	1.59045	0.7695323
7224	-295.38	-380.4375	85.05745	1.433534	1.178858
7230	-301.2979	-385.3448	84.04693	1.762154	1.704038
7236	-296.2316	-381.5198	85.28822	1.35735	1.037891
7242	-296.4095	-380.8679	84.45832	1.68153	1.462086
7248	-295.5052	-380.6381	85.13293	1.586156	0.9644204
7254	-288.7385	-373.9939	85.25545	1.576075	0.8378708
7260	-292.0274	-377.0308	85.00339	1.8029	0.8683583
7266	-296.8698	-381.7488	84.87894	2.085823	0.6234754
7272	-292.437	-377.5371	85.10007	1.889593	0.5264318
7278	-301.1947	-386.1159	84.92126	2.068534	0.5250379
7284	-301.1432	-386.3125	85.16932	1.530433	0.9842758
7290	-297.1298	-381.3904	84.26061	1.023862	2.06158
7296	-299.4502	-384.4671	85.01687	1.149175	1.442107
7302	-304.1398	-389.2009	85.06107	1.005118	1.517528
7308	-303.8875	-386.9553	83.06773	1.111346	2.760189
7314	-301.4354	-386.2254	84.79	2.157268	0.3663164
7320	-295.879	-381.0443	85.16537	1.696421	0.7989686
7326	-288.8341	-373.6518	84.81766	1.600573	1.240867
7332	-283.7197	-368.6513	84.93166	1.236829	1.440236
7338	-288.788	-373.8811	85.0931	1.075395	1.440236
7344	-302.3701	-387.5851	85.21506	1.61474	0.8400012
7350	-290.7567	-375.783	85.02636	1.614462	1.042457
7356	-290.9562	-376.1601	85.20391	1.537084	0.9413754
7362	-294.1552	-379.4099	85.25468	1.321864	1.102675
7368	-300.5489	-385.701	85.1521	1.481062	1.049796
7374	-296.7802	-381.5719	84.79179	1.504259	1.340624
7380	-306.2957	-391.5777	85.28207	1.496676	0.9000602
7386	-304.6409	-389.3797	84.73889	1.673801	1.245506
7392	-305.4947	-390.051	84.55632	1.585584	1.460529
7398	-298.298	-382.3851	84.08705	1.516893	1.846846
7404	-299.3841	-382.9036	83.51946	1.703346	2.102158
7410	-288.2859	-373.1338	84.84793	1.694378	1.133642
7416	-286.5859	-371.0311	84.44522	1.551033	1.569254
7422	-289.7529	-374.8155	85.06256	1.830593	0.7549448
7428	-292.2483	-376.9798	84.73146	2.214609	0.3646834
7434	-296.3116	-381.596	85.28441	1.70182	0.4527044
7440	-296.5274	-381.3507	84.82333	1.704568	1.146478
7446	-292.5173	-377.0504	84.53313	1.290628	1.693642
7452	-294.9347	-379.9754	85.04073	1.411355	1.212298
7458	-300.108	-384.8551	84.74709	1.406364	1.451729
7464	-293.0939	-377.0552	83.96131	1.370567	2.030214
7470	-293.7832	-378.6312	84.84807	1.639915	1.181468
7476	-298.0287	-382.5417	84.513	0.8576987	2.004405
7482	-304.1034	-388.9976	84.89414	2.078088	0.6032767
7488	-301.337	-386.3636	85.02662	1.962905	0.5277357
7494	-299.0406	-384.1954	85.15482	1.81142	0.6196958
7500	-305.3984	-390.3797	84.98133	1.960489	0.6736363
7506	-297.2447	-382.2775	85.03288	1.718012	0.9307472
7512	-311.3818	-395.7587	84.37688	1.344192	1.765866
7518	-301.7926	-386.4036	84.61102	1.278874	1.646443
7524	-292.1724	-377.0369	84.8645	1.727881	1.088114
7530	-290.623	-375.0849	84.46187	1.43007	1.64497
7536	-293.9221	-378.8522	84.93012	1.0666	1.568912
7542	-297.3214	-382.5738	85.25242	1.479401	0.9511029
7548	-298.1652	-383.088	84.92284	1.69515	1.064196
7554	-298.7231	-383.9593	85.23618	1.381805	1.064196
7560	-295.6949	-380.9196	85.22468	1.754885	0.5795129
7566	-304.3498	-389.0759	84.7261	1.743547	1.197279
7572	-306.5076	-391.475	84.96735	1.833849	0.8743273
7578	-304.3592	-389.4853	85.12605	1.746044	0.7849958
7584	-303.8553	-388.176	84.32072	0.9705628	2.057083
7590	-302.9153	-387.2563	84.341	1.231244	1.868535
7596	-299.0071	-383.667	84.65995	1.632099	1.34381
7602	-292.9521	-377.7909	84.83879	1.14518	1.578252
7608	-295.5482	-379.2496	83.70141	1.455648	2.145156
7614	-301.2739	-386.363	85.08915	1.451175	1.135419
7620	-289.4742	-374.5252	85.05103	1.252761	1.334436
7626	-290.386	-375.2284	84.84236	1.632729	1.192603
7632	-291.3483	-376.1445	84.79623	1.845236	1.041839
7638	-294.6276	-379.6964	85.0688	1.572663	1.041839
7644	-285.6649	-370.5419	84.87699	1.764474	1.041839
7650	-290.8984	-376.0962	85.1978	1.519073	0.9667213
7656	-297.5744	-383.0311	85.45671	1.260161	0.9667213
7662	-293.0418	-377.8145	84.77272	1.371659	1.458646
7668	-295.8968	-381.2203	85.32349	1.236246	1.117972
7674	-294.3795	-379.2985	84.91897	1.410696	1.313656
7680	-292.8545	-378.0148	85.16024	1.821415	0.5715673
7686	-293.0228	-378.183	85.16024	1.821415	0.5715673
7692	-299.2779	-384.4467	85.16884	1.620993	0.887471
7698	-307.8088	-393.2242	85.41537	1.274614	0.9941586
7704	-286.3302	-371.2661	84.93593	1.587198	1.1507
7710	-289.3884	-374.576	85.1876	1.774426	0.6302387
7716	-299.4454	-384.3579	84.91245	2.006352	0.7148139
7722	-292.3093	-377.0536	84.74432	2.241921	0.5504582
7728	-294.3238	-379.5519	85.2281	1.720298	0.6605148
7734	-301.2849	-386.1663	84.88142	2.095507	0.5886888
7740	-288.5879	-373.6244	85.03649	1.857948	0.7530412
7746	-294.0028	-379.1909	85.18807	1.336491	1.149434
7752	-289.5972	-374.2896	84.69234	1.4833	1.434756
7758	-292.0686	-377.063	84.99441	1.41428	1.248843
7764	-292.3365	-377.4208	85.0843	1.284988	1.281422
7770	-299.0105	-384.6494	85.63889	1.272865	0.7263185
7776	-298.1015	-383.0517	84.95016	1.961596	0.7263185
7782	-299.8151	-384.7055	84.89033	2.021426	0.7263185
7788	-302.7473	-387.5292	84.78185	2.207975	0.5247898
7794	-307.0662	-391.6446	84.57845	2.308807	0.3054213
7800	-298.1965	-382.7402	84.54369	2.373937	0.332084
7806	-305.7788	-390.1899	84.41113	2.544832	0.3790388
7812	-305.4608	-390.5881	85.12726	1.544701	1.012124
7818	-300.0818	-384.6962	84.61438	1.650901	1.365028
7824	-298.352	-383.4067	85.0547	1.346111	1.255403
7830	-294.1616	-379.1777	85.01615	1.459298	1.192297
7836	-294.5479	-379.3884	84.84055	1.576677	1.241711
7842	-302.0676	-387.1489	85.08129	1.335934	1.241711
7848	-299.0115	-383.9337	84.92222	1.373043	1.341248
7854	-301.1851	-384.5993	83.41424	1.140487	2.528536
7860	-299.1997	-384.4723	85.27265	1.304409	1.102206
7866	-293.8332	-379.1312	85.29805	1.428283	0.9568651
7872	-293.8678	-379.258	85.39016	1.562651	0.6512208
7878	-300.9957	-385.7688	84.77306	1.655186	1.23246
7884	-297.8431	-382.7639	84.92079	1.303967	1.396788
7890	-309.7173	-394.8342	85.11693	1.751584	0.7898954
7896	-305.0712	-389.9061	84.8348	2.145319	0.5774561
7902	-300.3898	-384.9959	84.60611	1.185385	1.716463
7908	-298.8462	-383.9569	85.11067	1.664164	0.9044491
7914	-297.8588	-383.0967	85.23796	1.378916	1.065238
7920	-295.5682	-380.6985	85.13035	1.486528	1.065238
7926	-296.4773	-380.9429	84.4656	1.262255	1.761132
7932	-306.8543	-390.7918	83.93755	0.9474847	2.320441
7938	-304.9547	-389.4981	84.54341	1.025959	1.870499
7944	-305.3326	-390.1598	84.82716	1.55977	1.266901
7950	-298.0413	-383.0547	85.01337	1.708212	0.9618336
7956	-302.3019	-387.4862	85.18424	1.708212	0.755983
7962	-298.2155	-383.4084	85.19293	1.699525	0.755983
7968	-300.3325	-385.2527	84.92016	1.766751	0.9972442
7974	-303.3234	-388.2007	84.87733	1.279598	1.449084
7980	-304.4511	-388.1144	83.66331	1.32465	2.254579
7986	-292.5136	-377.2425	84.72891	1.527531	1.37199
7992	-293.9415	-378.3843	84.44283	2.430038	0.2946312
7998	-295.0288	-379.8739	84.84502	2.115133	0.3858518
8004	-291.1376	-376.0482	84.91053	2.049621	0.3858518
8010	-290.4267	-375.5491	85.12236	1.856342	0.4256054
8016	-295.5705	-380.5147	84.94425	2.034453	0.4256054
8022	-295.4242	-380.1964	84.77221	1.672664	1.218424
8028	-303.7673	-388.5358	84.76857	1.26116	1.544593
8034	-303.5557	-388.2107	84.65498	1.26116	1.627545
8040	-304.0554	-388.2071	84.15163	0.9021064	2.212207
8046	-306.511	-391.1228	84.61187	0.8728739	1.927931
8052	-291.1421	-376.2022	85.0601	1.92263	0.5671389
8058	-292.3292	-376.9801	84.65086	1.833488	1.184615
8064	-297.3872	-382.1611	84.77391	1.936504	0.973385
8070	-294.9622	-380.2663	85.3041	1.546108	0.814196
8076	-299.7147	-384.9498	85.23503	1.365017	1.080994
8082	-301.6104	-386.9712	85.36087	1.512177	0.7836787
8088	-295.2597	-380.5628	85.30305	1.46798	0.9086886
8094	-290.1904	-374.914	84.72361	1.413812	1.463932
8100	-291.8439	-376.6772	84.83331	1.156015	1.574329
8106	-295.1031	-379.9635	84.86034	1.367258	1.394574
8112	-297.0088	-382.188	85.17922	1.697709	0.7782742
8118	-292.3296	-377.0141	84.6845	2.032788	0.9662855
8124	-287.464	-372.6043	85.14034	1.730437	0.7868002
8130	-302.5579	-387.1839	84.62608	1.320434	1.605557
8136	-304.0094	-389.2793	85.2699	1.400211	1.013953
8142	-298.8689	-383.8113	84.94237	1.12603	1.515876
8148	-290.9802	-375.4336	84.45341	1.119732	1.867924
8154	-303.6963	-386.1607	82.46441	1.046629	3.162195
8160	-299.3027	-383.7042	84.40151	1.178488	1.863238
8166	-297.5162	-382.4535	84.93737	1.093503	1.543751
8172	-296.8189	-381.6352	84.81622	1.101092	1.626698
8178	-300.3072	-384.9211	84.61392	1.64638	1.368949
8184	-293.167	-378.5242	85.35713	1.576792	0.6884933
8190	-297.5061	-382.3465	84.84048	2.022907	0.7968272
8196	-292.39	-377.3567	84.96663	2.005152	0.6045568
8202	-296.7273	-381.7124	84.98503	2.005152	0.4799294
8208	-297.753	-382.3761	84.62307	2.332757	0.3788271
8214	-301.8429	-386.023	84.18009	2.311675	1.178182
8220	-297.1452	-382.044	84.89882	2.090373	0.4704538
8226	-295.702	-380.6535	84.95154	1.966435	0.7161739
8232	-286.6427	-371.9827	85.34002	1.454808	0.8817298
8238	-291.132	-375.8718	84.73974	1.162321	1.637696
8244	-292.7354	-377.4452	84.70979	1.677542	1.266572
8250	-301.344	-386.487	85.14304	1.566425	0.9743564
8256	-302.6131	-387.8677	85.25461	1.706277	0.6329764
8262	-302.1937	-387.0325	84.83882	2.152182	0.5021905
8268	-300.5369	-385.7479	85.21102	1.776861	0.5406161
8274	-304.0335	-388.9479	84.91432	1.975328	0.7601133
8280	-293.0428	-377.637	84.59424	1.505235	1.492605
8286	-295.652	-380.2977	84.6456	0.977705	1.833553
8292	-291.0735	-374.9437	83.87011	1.097088	2.267908
8298	-294.0368	-377.9052	83.86832	1.231057	2.182663
8304	-291.1125	-376.1203	85.00785	1.670965	1.005328
8310	-293.6689	-378.8416	85.17267	1.289625	1.203585
8316	-295.4502	-380.5628	85.11258	1.289625	1.25424
8322	-310.1289	-394.1354	84.00646	0.944785	2.278135
8328	-313.4787	-396.6878	83.20909	1.169361	2.637832
8334	-300.3433	-385.8162	85.47286	1.480395	0.6502555
8340	-299.6871	-384.7458	85.0587	1.9297	0.5370445
8346	-292.4271	-377.6391	85.21202	1.612275	0.8467658
8352	-287.2628	-372.4923	85.22952	1.427395	1.026889
8358	-293.4681	-378.3817	84.91359	1.650993	1.113581
8364	-290.5128	-375.8384	85.32561	1.597212	0.7080355
8370	-287.7588	-372.8736	85.11476	1.77879	0.754366
8376	-290.2777	-375.5602	85.28254	1.359325	1.041456
8382	-287.6792	-372.7589	85.07966	1.56221	1.041456
8388	-291.1399	-376.3303	85.19038	1.609224	0.8761979
8394	-288.9632	-373.9332	84.97008	1.330073	1.33735
8400	-299.4576	-383.156	83.69836	1.049746	2.407275
8406	-298.8622	-383.1464	84.2842	1.106421	1.991119
8412	-290.6889	-375.1941	84.50522	2.067881	1.105823
8418	-296.2239	-381.2041	84.98024	1.48086	1.204604
8424	-302.8228	-387.8848	85.06197	1.311253	1.278191
8430	-301.5042	-386.4276	84.92345	1.449775	1.278191
8436	-298.8069	-384.2251	85.41819	1.307244	0.9578074
8442	-299.1769	-383.6871	84.51016	1.510307	1.551434
8448	-303.9414	-388.9667	85.02531	1.611162	1.04663
8454	-310.1177	-394.9444	84.82672	1.513734	1.304929
8460	-298.6117	-383.3117	84.70004	1.611521	1.328219
8466	-300.8427	-386.1255	85.28278	1.425122	0.9759602
8472	-297.1993	-381.8333	84.63408	1.985534	1.062657
8478	-292.9197	-377.6904	84.77064	1.537337	1.331092
8484	-296.1582	-381.5288	85.37056	1.515657	0.7650949
8490	-293.7124	-378.8629	85.15045	1.334872	1.18377
8496	-293.7675	-378.9006	85.13317	1.139218	1.359412
8502	-300.8824	-386.043	85.16056	1.36526	1.148315
8508	-290.0742	-375.0613	84.98708	1.494021	1.187416
8514	-296.5718	-381.5743	85.0025	1.314079	1.324188
8520	-298.4344	-383.2613	84.82692	1.387992	1.404444
8526	-301.074	-385.8401	84.76616	1.613669	1.272755
8532	-292.6154	-377.806	85.19059	1.63905	0.8402026
8538	-293.5699	-379.0827	85.51273	1.281621	0.8822851
8544	-295.3574	-380.5339	85.17648	1.518879	0.9887395
8550	-293.9578	-379.1224	85.16462	1.567936	0.9503274
8556	-293.3988	-378.608	85.20924	1.659743	0.7892561
8562	-291.939	-377.0058	85.06679	1.917547	0.5600184
8568	-287.5907	-372.475	84.88431	2.100022	0.5600184
8574	-295.5724	-380.4666	84.89421	2.094044	0.4637516
8580	-295.4859	-380.4478	84.96187	1.810837	0.9068199
8586	-294.5124	-379.5315	85.01904	1.963432	0.568201
8592	-294.2497	-379.2906	85.04084	1.933103	0.5981716
8598	-296.9022	-381.9135	85.01136	1.958529	0.6099156
8604	-293.8247	-378.8984	85.0737	1.84786	0.7101747
8610	-289.8259	-374.7056	84.87971	1.60925	1.18062
8616	-296.7954	-382.0247	85.22926	1.733513	0.6284211
8622	-303.6616	-388.7312	85.0696	1.907881	0.5868058
8628	-306.0612	-391.3218	85.26057	1.676159	0.6833136
8634	-301.7906	-386.8005	85.00994	1.938563	0.6602912
8640	-304.2082	-387.9631	83.75496	0.8030379	2.526499
8646	-313.801	-397.5755	83.77451	0.7834829	2.526499
8652	-313.2063	-397.157	83.95075	1.327859	2.065448
8658	-301.2573	-385.9173	84.65994	1.215997	1.656452
8664	-296.2758	-380.9421	84.66633	1.237221	1.636619
8670	-307.7148	-393.1257	85.41082	1.192146	1.078284
8676	-308.9827	-393.0272	84.04457	1.152757	2.118855
8682	-309.1299	-392.6125	83.48265	1.276914	2.400041
8688	-311.7739	-396.7519	84.97796	1.251189	1.393364
8694	-317.3005	-402.0029	84.70245	1.090278	1.715599
8700	-303.7358	-388.4213	84.68552	1.188481	1.657831
8706	-306.0668	-391.3076	85.24085	1.656879	0.7481162
8712	-314.2632	-399.1969	84.9337	1.785583	0.9642222
8718	-305.8338	-390.9319	85.09811	1.497825	1.084814
8724	-311.6042	-396.8361	85.23181	1.497825	0.953402
8730	-301.394	-386.7233	85.32935	1.332646	1.021929
8736	-297.6536	-382.6178	84.96424	1.800375	0.9157852
8742	-297.2668	-382.2572	84.99032	1.998977	0.5298528
8748	-298.3634	-383.4582	85.09481	1.893781	0.535631
8754	-308.1276	-393.2137	85.08604	1.903877	0.4769779
8760	-316.8005	-401.9636	85.1631	1.592217	0.9259523
8766	-298.8843	-383.9642	85.07991	1.750833	0.8388356
8772	-300.9256	-385.6614	84.73576	1.497854	1.38988
8778	-299.6862	-385.0787	85.39252	1.463226	0.8069766
8784	-295.5462	-380.8438	85.29763	1.372192	1.014231
8790	-292.642	-377.8406	85.19854	1.779493	0.5849256
8796	-290.6331	-375.6258	84.99268	1.989732	0.5684762
8802	-291.8689	-376.8645	84.99565	1.454935	1.213573
8808	-296.568	-381.488	84.92007	1.9398	0.8015272
8814	-303.9643	-389.2377	85.27339	1.586475	0.8015272
8820	-299.6133	-384.7461	85.13276	1.650266	0.8952287
8826	-301.0071	-386.2614	85.25429	1.662839	0.7175807
8832	-303.4279	-388.7011	85.27324	1.643887	0.7175807
8838	-308.1174	-393.1028	84.98539	2.002785	0.5385993
8844	-303.3462	-388.3378	84.99159	1.844482	0.8322016
8850	-301.4456	-386.221	84.77546	2.060618	0.8322016
8856	-307.5623	-391.4694	83.90708	1.422391	2.031807
8862	-313.8086	-397.8608	84.05218	1.037128	2.189193
8868	-306.1195	-390.4332	84.31374	1.066121	1.998295
8874	-305.1563	-390.0961	84.93978	1.668734	1.073095
8880	-303.7104	-388.1071	84.39669	1.686636	1.504723
8886	-305.2248	-390.4132	85.18846	1.463975	1.031244
8892	-303.6056	-388.7726	85.16698	1.485458	1.031244
8898	-302.4304	-386.4658	84.03534	1.408482	1.955486
8904	-298.7641	-382.5987	83.8346	1.583563	1.972699
8910	-299.6192	-384.5451	84.92589	2.056997	0.5664777
8916	-301.3258	-386.1884	84.8626	2.123511	0.5511683
8922	-294.0448	-379.02	84.97525	1.69404	1.014765
8928	-296.5357	-381.424	84.88832	1.344033	1.390867
8934	-301.924	-385.7083	83.7843	0.7886286	2.517188
8940	-303.0832	-387.074	83.99083	0.7500314	2.411842
8946	-298.5402	-383.0187	84.47856	1.271307	1.745734
8952	-300.3529	-385.1241	84.7712	1.187345	1.596807
8958	-297.2391	-382.3476	85.10842	0.9717394	1.507087
8964	-296.6437	-381.6338	84.99006	1.600252	1.090025
8970	-298.6322	-383.7952	85.16295	1.51676	1.004441
8976	-292.5989	-377.7938	85.1949	1.297439	1.177685
8982	-288.0929	-372.6615	84.56858	1.355317	1.621946
8988	-296.5599	-381.9098	85.34997	1.481751	0.8376277
8994	-293.0202	-377.8949	84.87473	1.831213	0.9779743
9000	-292.4537	-377.0638	84.61004	1.534332	1.458648
9006	-288.9063	-373.817	84.91074	1.243492	1.451135
9012	-295.5543	-381.0792	85.52488	1.188014	0.9708342
9018	-293.0552	-377.8196	84.76441	1.106334	1.660165
9024	-290.5309	-375.5153	84.98438	1.652139	1.046583
9030	-293.9653	-379.1085	85.14321	1.451262	1.086176
9036	-290.342	-375.4856	85.1436	1.789458	0.6900625
9042	-294.9553	-379.9478	84.99249	1.848959	0.8254342
9048	-297.6199	-382.9095	85.28953	1.143513	1.228425
9054	-300.5204	-385.732	85.21158	1.393172	1.076614
9060	-296.5115	-381.6044	85.09291	1.867308	0.6345448
9066	-296.9428	-381.9693	85.02656	1.943336	0.6099136
9072	-288.9168	-374.3315	85.41466	1.44673	0.7995054
9078	-286.5972	-371.825	85.22775	1.225078	1.211666
9084	-303.17	-387.9412	84.77124	1.467797	1.385646
9090	-298.218	-383.3276	85.10967	1.794482	0.7383057
9096	-301.4034	-386.6241	85.22061	1.573225	0.8828748
9102	-298.634	-383.4043	84.77026	1.475046	1.380736
9108	-298.97	-384.1877	85.21778	1.033088	1.376366
9114	-298.2814	-383.1203	84.83892	1.411954	1.376366
9120	-298.7909	-383.1026	84.31172	1.109707	1.970513
9126	-297.4562	-382.5447	85.08846	1.306067	1.260617
9132	-302.0925	-386.8981	84.80566	1.673203	1.189355
9138	-296.6974	-381.578	84.88065	1.775556	1.027575
9144	-290.4327	-375.681	85.24828	1.717653	0.6204868
9150	-291.8588	-376.6967	84.83792	1.803317	1.042063
9156	-288.391	-373.6335	85.24242	1.521925	0.9160844
9162	-289.5337	-374.4332	84.89951	1.925737	0.8456093
9168	-298.8449	-383.5238	84.67893	1.919845	1.082178
9174	-292.3633	-377.1515	84.78822	1.653085	1.221445
9180	-294.3828	-379.3345	84.95168	1.48962	1.221445
9186	-292.7487	-377.4014	84.65263	1.291417	1.607351
9192	-294.478	-379.8008	85.32272	1.536658	0.8021823
9198	-292.6265	-377.2654	84.63886	1.942175	1.098566
9204	-287.4364	-371.8491	84.41265	1.96469	1.274806
9210	-288.0089	-372.9535	84.94459	2.03683	0.4339165
9216	-297.739	-382.773	85.03397	1.934992	0.6124612
9222	-305.8015	-390.4611	84.65964	1.128708	1.718686
9228	-304.1873	-388.745	84.5577	1.306629	1.664757
9234	-307.3979	-390.847	83.44917	1.093626	2.535969
9240	-300.1193	-385.0512	84.93185	1.43273	1.28528
9246	-297.148	-382.4006	85.2526	1.095472	1.298739
9252	-294.3726	-379.8117	85.43905	0.9090214	1.298739
9258	-295.6442	-379.4234	83.77919	0.9709322	2.406001
9264	-300.1374	-384.7352	84.59778	1.033737	1.827907
9270	-300.1389	-384.9721	84.83325	1.623895	1.207983
9276	-296.9505	-382.0761	85.12559	1.617968	0.9386418
9282	-295.9313	-381.0511	85.11975	1.6238	0.9386418
9288	-294.6452	-379.684	85.03878	1.943139	0.5705011
9294	-298.0923	-383.1968	85.1045	1.583285	0.9963645
9300	-294.2679	-379.3372	85.06929	1.856845	0.7023524
9306	-300.0199	-384.669	84.64917	1.50607	1.450366
9312	-296.7703	-381.6914	84.92103	1.468116	1.265066
9318	-292.6207	-377.8821	85.26146	1.595726	0.8050824
9324	-297.0504	-382.346	85.29551	1.429673	0.9580669
9330	-290.5558	-375.5528	84.99704	1.619685	1.065385
9336	-294.3805	-379.4334	85.05288	1.744783	0.8784438
9342	-297.6675	-382.9994	85.33181	1.566512	0.7472185
9348	-299.6742	-384.7986	85.12446	1.518069	1.040822
9354	-299.5917	-384.3623	84.77063	2.20417	0.4153002
9360	-302.1898	-387.1802	84.99041	1.903267	0.7541687
9366	-296.44	-381.7588	85.31887	1.665238	0.5610995
9372	-293.2872	-378.2733	84.98615	1.238447	1.396912
9378	-289.1184	-374.3837	85.26525	1.106685	1.279249
9384	-291.6382	-376.7755	85.13738	1.51788	1.028502
9390	-299.686	-384.5611	84.87509	1.634792	1.162365
9396	-296.6425	-382.1462	85.50366	1.347574	0.8128733
9402	-297.9267	-383.057	85.13026	1.720972	0.8128733
9408	-290.9401	-376.0851	85.14494	1.419413	1.113785
9414	-295.3347	-380.278	84.94335	1.331966	1.35709
9420	-303.7492	-389.1341	85.38495	1.411558	0.8797884
9426	-298.6927	-383.8672	85.17456	1.621944	0.8797884
9432	-294.298	-379.2883	84.99027	1.998997	0.5300814
9438	-289.9702	-375.0395	85.06937	1.890335	0.6357663
9444	-297.2171	-382.3584	85.14129	1.713413	0.808345
9450	-291.2727	-376.2185	84.94571	1.998225	0.66949
9456	-293.2732	-378.4038	85.13054	1.588951	0.9639993
9462	-289.9673	-374.9416	84.97423	1.993463	0.615878
9468	-295.53	-380.404	84.874	1.34814	1.398826
9474	-289.6696	-374.3825	84.71293	1.348668	1.520947
9480	-303.7138	-388.3361	84.62235	1.999531	1.060519
9486	-303.7674	-388.1833	84.41585	1.857601	1.358572
9492	-297.5917	-381.8932	84.30152	1.697067	1.567539
9498	-293.8157	-378.7471	84.93137	1.949482	0.7727572
9504	-301.0067	-385.9549	84.94819	2.025147	0.4117876
9510	-296.762	-381.9527	85.19075	1.800256	0.500842
9516	-295.9183	-380.9855	85.06726	1.81137	0.775895
9522	-296.8364	-381.785	84.94866	2.042178	0.5094575
9528	-296.3529	-381.8355	85.48257	1.329861	0.8610837
9534	-294.8479	-379.6964	84.84857	1.420755	1.361836
9540	-298.3533	-383.3627	85.00939	1.320948	1.313108
9546	-302.3033	-386.7701	84.46681	1.364515	1.688269
9552	-301.9305	-387.1142	85.18367	1.220698	1.252448
9558	-309.6032	-394.3092	84.70605	1.002623	1.774502
9564	-304.7542	-389.9367	85.1825	1.548632	0.9518279
9570	-297.5561	-382.142	84.58585	1.550654	1.464629
9576	-297.3824	-382.3277	84.94526	1.191239	1.464629
9582	-302.941	-387.5238	84.58275	1.322936	1.635081
9588	-305.2723	-389.0857	83.81342	1.688657	1.916216
9594	-298.1488	-382.9647	84.81596	1.543765	1.289244
9600	-302.1688	-387.1778	85.00901	1.722532	0.9513962
9606	-297.7308	-383.1021	85.37134	1.461028	0.8368286
9612	-296.0997	-381.3702	85.2705	1.527112	0.8785048
9618	-288.8128	-373.9094	85.0966	1.76065	0.8049957
9624	-294.3497	-379.6441	85.29447	1.561999	0.8060226
9630	-294.5227	-379.692	85.1693	1.471559	1.042427
9636	-294.6737	-379.3111	84.63743	1.058627	1.783276
9642	-294.3328	-378.7356	84.40281	1.816	1.401417
9648	-291.8637	-376.7654	84.90165	1.572762	1.193186
9654	-289.0162	-374.1765	85.16034	1.31407	1.193186
9660	-303.0494	-388.188	85.13862	1.426759	1.112856
9666	-310.3514	-395.2135	84.8621	1.29997	1.445151
9672	-301.4765	-386.6435	85.16704	0.9734894	1.46157
9678	-298.7011	-383.5524	84.85129	1.289245	1.46157
9684	-301.9769	-387.1147	85.13788	1.002654	1.46157
9690	-295.1894	-379.3962	84.20679	0.931876	2.15714
9696	-306.7402	-389.5455	82.80527	0.8098475	3.100267
9702	-304.5326	-389.6114	85.07879	1.164718	1.382141
9708	-300.9521	-384.1582	83.2061	1.531032	2.414194
9714	-294.5201	-379.429	84.90887	1.654519	1.114659
9720	-293.5586	-378.1386	84.58005	1.433928	1.556218
9726	-298.5376	-383.6402	85.10268	1.837437	0.6769259
9732	-297.9707	-383.1187	85.14794	1.65138	0.8765254
9738	-303.3305	-388.0155	84.68503	1.651385	1.308195
9744	-299.4974	-384.6208	85.12336	1.809416	0.6905866
9750	-297.6027	-382.3918	84.78907	1.681153	1.196791
9756	-297.0798	-381.5195	84.43976	1.501667	1.609247
9762	-308.3134	-393.5608	85.24733	1.434889	1.00194
9768	-299.5015	-384.4905	84.989	1.941209	0.6951913
9774	-292.2471	-377.2272	84.98012	1.794585	0.9045854
9780	-298.5852	-383.3689	84.78373	2.071973	0.807031
9786	-293.5999	-378.252	84.65218	2.273892	0.7024518
9792	-295.666	-380.1227	84.45673	2.417037	0.7826774
9798	-293.7933	-378.8404	85.04709	1.826674	0.7826774
9804	-301.0148	-385.9811	84.96632	1.90745	0.7826774
9810	-307.8081	-392.9204	85.11223	1.851176	0.6268646
9816	-310.3327	-395.2703	84.93759	2.025815	0.6268646
9822	-308.4489	-392.8145	84.36553	1.744178	1.484899
9828	-302.9539	-388.2308	85.27691	1.650417	0.7002732
9834	-306.3528	-391.565	85.21219	1.650417	0.7978687
9840	-293.9829	-379.1951	85.21219	1.650417	0.7978687
9846	-299.1193	-384.5671	85.4478	1.238897	0.9974549
9852	-299.3011	-382.4765	83.17549	0.8207518	2.871349
9858	-289.0157	-374.0608	85.04503	1.077984	1.474848
9864	-294.7312	-379.4119	84.6807	1.410366	1.498915
9870	-295.5727	-380.6688	85.09607	1.437502	1.141434
9876	-299.6335	-383.797	84.16345	1.201624	2.008147
9882	-297.3827	-382.449	85.06632	1.257771	1.318151
9888	-301.6918	-386.662	84.97021	1.529541	1.171228
9894	-301.3147	-386.5835	85.26886	1.297908	1.111593
9900	-303.2673	-388.8356	85.56831	1.247952	0.8564899
9906	-291.8956	-376.7007	84.80511	1.083214	1.647566
9912	-293.3507	-378.2622	84.91148	0.9276681	1.682706
9918	-294.5791	-378.9677	84.38859	1.381246	1.731719
9924	-297.1699	-382.5879	85.41806	1.497562	0.7200463
9930	-301.5669	-386.8266	85.25973	1.67163	0.6931276
9936	-302.4148	-387.6946	85.2798	1.65156	0.6931276
9942	-310.5704	-395.7728	85.20233	1.717523	0.7130568
9948	-308.264	-392.7636	84.49962	1.389176	1.647231
9954	-306.6851	-391.8616	85.1765	1.489452	1.018047
9960	-309.5627	-394.4099	84.84728	1.604654	1.212424
9966	-310.0713	-394.1046	84.03331	1.127884	2.142461
9972	-294.4797	-379.6005	85.12083	1.462203	1.096729
9978	-300.073	-383.4115	83.33845	1.186464	2.547098
9984	-315.2992	-398.684	83.38479	1.140125	2.547098
9990	-318.4713	-400.7154	82.24413	0.6281572	3.537667
9996	-315.8532	-399.9472	84.09398	0.8183526	2.303022
10002	-303.4312	-388.5403	85.1091	1.604711	0.9698841
10008	-301.0835	-385.9539	84.8704	1.86128	0.951255
10014	-303.0612	-387.2295	84.16829	1.063838	2.096039
10020	-300.9377	-385.0195	84.08173	1.484047	1.872945
10026	-296.6892	-380.7228	84.03362	1.365595	1.985379
10032	-291.3491	-376.0506	84.70148	0.9504263	1.813853
10038	-295.6734	-378.5331	82.85967	0.9676313	2.973259
10044	-293.7255	-378	84.27445	1.209043	1.928773
10050	-306.6227	-391.2078	84.58514	2.403192	0.4643171
10056	-294.414	-379.3523	84.93832	1.890226	0.841557
10062	-296.0271	-381.3043	85.2772	1.592907	0.7877221
10068	-298.9692	-384.2078	85.23857	1.611503	0.8143816
10074	-292.9335	-377.9376	85.00419	1.585365	1.090725
10080	-288.4659	-373.4293	84.96345	1.563548	1.147271
10086	-293.1687	-378.4463	85.27767	1.35981	1.045666
10092	-297.2009	-381.8933	84.69238	1.634811	1.315647
10098	-294.8345	-379.6628	84.82834	1.45132	1.353655
10104	-293.8978	-378.6797	84.78194	1.708055	1.17972
10110	-297.1985	-382.4929	85.29434	1.480069	0.904921
10116	-296.3338	-380.9823	84.64849	1.389399	1.538556
10122	-294.3894	-379.4048	85.01535	1.518198	1.141457
10128	-298.8286	-384.0766	85.24799	1.595675	0.8226061
10134	-294.4821	-379.4632	84.98118	1.520806	1.169277
10140	-306.3831	-391.135	84.75184	2.118448	0.7874726
10146	-306.659	-391.5933	84.93426	1.918239	0.8112262
10152	-297.7881	-382.9092	85.12109	1.731403	0.8112262
10158	-299.5618	-384.6371	85.07526	1.777238	0.8112262
10164	-298.1441	-382.7546	84.61047	1.193532	1.707632
10170	-297.3157	-382.0981	84.78242	1.225963	1.560336
10176	-296.2669	-380.7558	84.48889	0.9856078	1.934842
10182	-287.6802	-372.1611	84.48091	1.192496	1.798986
10188	-290.4764	-375.4258	84.94941	1.118207	1.51646
10194	-294.2301	-379.617	85.38689	1.34038	0.9558894
10200	-304.4105	-389.8019	85.39145	1.526286	0.7165738
10206	-302.683	-387.8013	85.11829	1.866721	0.4471878
10212	-290.4818	-375.3384	84.8566	1.339927	1.418678
10218	-288.8852	-373.8055	84.92034	2.055439	0.4177252
10224	-291.6703	-376.9589	85.28864	1.701226	0.5243474
10230	-298.046	-383.0166	84.97057	1.771196	0.940551
10236	-291.3375	-376.4929	85.15543	1.33661	1.177947
10242	-288.4242	-373.7564	85.33212	1.19681	1.145561
10248	-290.6972	-375.4136	84.71641	1.017105	1.757179
10254	-292.5384	-377.4849	84.94655	1.194145	1.461444
10260	-297.0816	-381.8625	84.78088	1.359817	1.461444
10266	-293.2095	-378.1636	84.95407	1.951234	0.7365183
10272	-292.4813	-377.7115	85.23026	1.592053	0.8491824
10278	-308.9128	-394.2939	85.38115	1.607399	0.5359274
10284	-307.3808	-391.5212	84.14031	1.55954	1.780644
10290	-301.5905	-386.6424	85.05187	1.268656	1.321014
10296	-302.4908	-387.7166	85.22579	1.242272	1.198648
10302	-299.9971	-384.8902	84.89309	1.656481	1.127133
10308	-304.1571	-388.7007	84.54361	1.77403	1.323339
10314	-294.9271	-379.8973	84.97017	1.203001	1.43665
10320	-290.2541	-375.2345	84.98039	1.450163	1.230519
10326	-296.3074	-381.4857	85.17832	1.281509	1.205694
10332	-293.9538	-379.1422	85.18841	1.592732	0.8973574
10338	-298.2195	-382.9913	84.77174	1.614457	1.267506
10344	-301.7386	-386.8602	85.12154	1.832796	0.6479081
10350	-300.7886	-385.5197	84.73109	2.044092	0.9040552
10356	-292.5838	-377.3141	84.73027	1.873552	1.077478
10362	-295.9569	-380.2341	84.27721	1.32131	1.850565
10368	-297.3101	-381.557	84.24691	1.425048	1.79999
10374	-304.1626	-388.5613	84.39866	1.295042	1.784913
10380	-298.4754	-383.6287	85.1533	1.314633	1.198751
10386	-296.2415	-380.962	84.72051	1.3918	1.482935
10392	-316.8068	-401.8938	85.08701	1.492906	1.099588
10398	-312.3415	-397.1879	84.84637	1.758784	1.076234
10404	-305.5499	-390.3749	84.82506	2.109948	0.6865087
10410	-302.5566	-387.4104	84.8538	1.504298	1.290575
10416	-310.3589	-395.5921	85.23319	1.444042	1.006906
10422	-300.5278	-385.6796	85.15186	1.550557	0.9815678
10428	-300.0811	-385.3096	85.22851	1.403604	1.050797
10434	-300.1417	-385.0959	84.95427	1.266889	1.399593
10440	-303.6526	-387.8882	84.23565	1.311945	1.885333
10446	-302.7883	-387.8952	85.10693	1.30163	1.248952
10452	-305.5682	-390.5869	85.0187	1.500541	1.15413
10458	-302.9429	-388.1887	85.24575	1.742068	0.4611161
10464	-293.0219	-377.8624	84.84052	1.559716	1.255878
10470	-295.6703	-381.0847	85.41439	1.269112	1.000656
10476	-286.0514	-370.736	84.68468	1.470752	1.450221
10482	-295.7203	-380.4867	84.76646	1.493225	1.369436
10488	-291.8657	-376.907	85.04128	1.218402	1.369436
10494	-282.5213	-367.3751	84.85375	1.564461	1.240883
10500	-287.6116	-372.8115	85.19991	1.474175	1.010023
10506	-284.5288	-369.1287	84.5999	1.187041	1.719675
10512	-290.1231	-375.2941	85.17102	1.318019	1.180547
10518	-292.8041	-377.9268	85.12269	1.680837	0.8716128
10524	-292.0229	-376.5418	84.5189	1.26884	1.719117
10530	-294.8018	-379.4374	84.63563	1.561894	1.417912
10536	-295.8982	-379.948	84.04982	0.8841437	2.289198
10542	-297.9498	-382.1548	84.20505	1.712393	1.626605
10548	-291.2459	-376.4963	85.25035	1.423346	1.010414
10554	-291.9982	-377.3187	85.32047	1.364592	0.9990978
10560	-296.2077	-381.1332	84.92555	1.250037	1.434794
10566	-296.6078	-381.6161	85.00835	1.167241	1.434794
10572	-293.8545	-378.7092	84.85471	1.442019	1.340081
10578	-293.3264	-377.9251	84.59877	1.836042	1.226928
10584	-289.7153	-374.946	85.23069	1.322249	1.124105
10590	-289.3743	-374.4971	85.12273	1.430203	1.124105
10596	-290.6755	-376.0129	85.33737	1.414271	0.9299433
10602	-289.605	-374.8246	85.21962	1.689391	0.7306841
10608	-295.1114	-380.3935	85.28213	1.302327	1.095419
10614	-293.8341	-379.157	85.32291	1.58431	0.7335187
10620	-300.2054	-385.1423	84.93687	1.805699	0.9396921
10626	-292.0495	-377.0333	84.98375	1.410882	1.260526
10632	-290.7703	-375.5194	84.74919	1.326142	1.510699
10638	-297.507	-382.7872	85.28014	1.257983	1.137382
10644	-293.4024	-378.6522	85.24979	1.28833	1.137382
10650	-284.8277	-368.7283	83.90055	1.644031	1.887387
10656	-286.4543	-370.5743	84.11999	1.427812	1.885196
10662	-287.7608	-371.4823	83.72152	1.106273	2.356848
10668	-284.3505	-369.3114	84.9609	1.584456	1.130913
10674	-291.4735	-376.3085	84.83498	1.781287	1.065819
10680	-293.6276	-378.151	84.5234	1.877553	1.255284
10686	-295.8399	-381.015	85.17511	1.688899	0.7959856
10692	-293.6306	-378.6645	85.03385	1.927984	0.630704
10698	-288.6484	-373.7026	85.05422	1.668397	0.9607536
10704	-287.2769	-372.1623	84.88544	1.279935	1.442627
10710	-286.8446	-371.8427	84.99815	1.110881	1.485407
10716	-285.462	-370.1495	84.68758	1.47278	1.446455
10722	-285.2814	-370.6189	85.33745	1.316219	1.030042
10728	-299.6095	-384.2789	84.66937	1.167793	1.684121
10734	-289.1255	-374.2085	85.08296	1.645665	0.9544616
10740	-290.731	-375.5077	84.7767	1.746295	1.150818
10746	-295.453	-380.1851	84.73202	2.042592	0.9046963
10752	-296.1298	-381.3901	85.26024	1.684332	0.6682337
10758	-302.1987	-386.4368	84.23815	1.364112	1.848002
10764	-304.0594	-388.122	84.06264	1.660724	1.764263
10770	-314.8794	-399.6434	84.764	0.9593626	1.764263
10776	-309.6228	-393.4233	83.80048	1.215746	2.236397
10782	-305.8462	-390.2199	84.37368	1.560699	1.614358
10788	-298.6829	-383.727	85.04406	1.551579	1.085096
10794	-312.4245	-396.4785	84.05393	0.9323271	2.255673
10800	-301.7276	-386.0517	84.32412	1.200072	1.901238
10806	-305.5318	-389.7737	84.2419	0.9909507	2.095564
10812	-294.9753	-379.2684	84.29307	1.04961	2.02304
10818	-299.2723	-384.0543	84.78206	1.691848	1.193624
10824	-296.0299	-380.3714	84.34158	1.285985	1.830623
10830	-301.8859	-386.7139	84.82807	0.799501	1.830623
10836	-296.7059	-381.2769	84.57105	0.8589471	1.964764
10842	-298.2049	-383.1174	84.91252	1.301519	1.405124
10848	-288.7349	-373.0743	84.33935	1.11603	1.947717
10854	-287.5625	-371.972	84.4095	1.880191	1.345682
10860	-286.4953	-370.7994	84.30415	1.092464	1.987115
10866	-287.3656	-371.7997	84.43416	1.092177	1.89978
10872	-285.8304	-371.0726	85.24226	1.683644	0.7027534
10878	-293.9139	-379.2098	85.29592	1.614707	0.7281183
10884	-299.1044	-383.312	84.20759	1.280634	1.925582
10890	-303.8828	-389.2792	85.39641	1.216175	1.06928
10896	-293.4835	-378.5222	85.03863	0.9830367	1.550552
10902	-300.652	-385.0928	84.44086	1.830169	1.360488
10908	-304.7081	-389.4488	84.74073	1.441193	1.429932
10914	-302.6686	-387.5023	84.83367	2.14995	0.5633025
10920	-295.2039	-380.3211	85.11728	1.812905	0.6952292
10926	-293.01	-378.2853	85.27524	1.427876	0.9808578
10932	-300.5054	-384.6477	84.14238	1.572799	1.769975
10938	-299.8029	-383.913	84.11001	1.992584	1.490257
10944	-291.19	-376.0043	84.81432	2.163252	0.5864989
10950	-300.73	-385.3947	84.6647	1.256021	1.624242
10956	-297.1847	-380.8286	83.6439	1.183471	2.357114
10962	-291.2241	-376.806	85.58187	1.293335	0.7806846
10968	-286.8644	-372.1371	85.27269	1.602514	0.7806846
10974	-295.9603	-381.2443	85.284	1.599851	0.7684919
10980	-292.4739	-377.8105	85.3366	1.406062	0.9395916
10986	-297.8729	-383.2524	85.37943	1.578024	0.6409607
10992	-298.4813	-383.6125	85.13117	1.807164	0.6803069
10998	-296.2839	-381.2949	85.01101	1.95278	0.6259083
11004	-293.4016	-378.1953	84.79369	2.170097	0.6259083
11010	-290.0339	-375.2035	85.16958	1.298327	1.198774
11016	-288.7045	-373.7036	84.99905	1.713567	0.9711192
11022	-292.8824	-377.4777	84.59533	1.202911	1.711706
11028	-289.5993	-374.001	84.4017	1.396542	1.711706
11034	-295.4094	-380.3753	84.96591	1.585533	1.125449
11040	-291.1488	-375.8515	84.70271	1.649309	1.295531
11046	-295.0684	-379.619	84.55061	1.450541	1.565657
11052	-301.3922	-385.207	83.81481	1.657771	1.936137
11058	-298.5536	-383.4885	84.93486	1.423476	1.290383
11064	-292.0478	-377.2031	85.15521	1.381414	1.138718
11070	-307.0479	-391.8159	84.76803	1.395246	1.444233
11076	-314.5478	-399.6615	85.11362	1.622805	0.9462356
11082	-304.4311	-389.6979	85.26676	1.674182	0.6753284
11088	-295.7561	-381.2885	85.53244	1.346023	0.7761369
11094	-295.2982	-380.6023	85.30408	1.069093	1.278229
11100	-293.659	-378.2908	84.6318	1.399752	1.543246
11106	-293.3862	-378.4817	85.09547	1.137834	1.390121
11112	-293.129	-377.6035	84.47456	1.133551	1.843989
11118	-291.8535	-376.6611	84.8076	0.8089197	1.838219
11124	-293.2843	-378.5814	85.29706	1.646798	0.6696406
11130	-293.2727	-378.629	85.35628	1.453551	0.8641746
11136	-290.898	-375.8109	84.91294	1.134653	1.531358
11142	-291.2168	-375.0768	83.85997	1.383848	2.088358
11148	-288.1053	-372.6656	84.56031	0.9781247	1.891562
11154	-298.5339	-383.019	84.48509	1.953757	1.223521
11160	-291.1481	-376.3842	85.23612	1.748384	0.5592088
11166	-287.6368	-372.7472	85.1103	1.504193	1.067485
11172	-294.0252	-378.7707	84.74545	1.072283	1.697911
11178	-290.3521	-375.8227	85.47062	1.195588	1.017795
11184	-297.3591	-382.2212	84.86212	1.804086	1.017795
11190	-287.2858	-372.4295	85.14365	1.522555	1.017795
11196	-296.8011	-382.0593	85.25815	1.386082	1.039183
11202	-298.9341	-384.0472	85.11309	1.519183	1.05065
11208	-295.1646	-380.0349	84.87029	1.556996	1.23327
11214	-302.043	-385.5243	83.48129	1.293126	2.390655
11220	-298.6116	-383.8572	85.24561	1.55314	0.8771823
11226	-300.4438	-385.5583	85.1145	1.528931	1.039953
11232	-291.7617	-376.6629	84.9012	1.631889	1.141863
11238	-286.6245	-372.0683	85.44378	1.510304	0.6484533
11244	-295.5656	-380.682	85.11644	1.68894	0.869436
11250	-292.989	-378.2244	85.2354	1.526969	0.9182537
11256	-288.9822	-374.1022	85.12002	1.481435	1.079686
11262	-294.1865	-379.3213	85.13476	1.822181	0.6421125
11268	-301.0348	-385.5856	84.55086	1.965864	1.156357
11274	-288.2509	-373.1403	84.88943	1.657406	1.129589
11280	-292.7629	-378.1614	85.39855	1.028042	1.233853
11286	-294.9918	-380.3902	85.39842	1.324378	0.9605642
11292	-294.5346	-379.8904	85.35576	1.57861	0.6876776
11298	-303.4692	-388.3132	84.84399	2.086931	0.6939202
