Iteration	Posterior	Likelihood	Prior	rate_log_sd	tree_length
0	-294.3844	-379.5816	85.19718	1.513758	0.9728491
6	-302.2099	-387.2446	85.03477	1.676168	0.9728491
12	-297.2686	-382.3646	85.09597	1.454664	1.126176
18	-290.2487	-375.1858	84.93715	1.477962	1.243478
24	-295.624	-380.8496	85.22557	1.412759	1.044856
30	-288.7713	-373.5116	84.74026	1.171679	1.630578
36	-287.4684	-372.23	84.76158	1.466872	1.393907
42	-291.7061	-376.6181	84.91198	1.022444	1.614323
48	-294.7687	-379.2166	84.44787	1.589425	1.538995
54	-293.7296	-377.1952	83.46558	1.521397	2.255214
60	-291.4848	-376.0994	84.61457	1.623888	1.386098
66	-299.8705	-384.3502	84.47967	1.492482	1.586893
72	-299.8973	-385.2669	85.36953	1.553687	0.7073739
78	-292.3963	-376.4313	84.03502	1.214857	2.084374
84	-294.211	-378.7548	84.54381	1.283645	1.691019
90	-302.2996	-387.2589	84.95928	1.593852	1.123926
96	-301.7822	-385.4194	83.63718	1.54569	2.128311
102	-291.9035	-377.045	85.14148	1.827189	0.6132545
108	-293.4048	-378.5189	85.11409	1.827189	0.6746857
114	-294.6452	-379.6555	85.01021	1.588881	1.081887
120	-292.9463	-378.1932	85.24688	1.58389	0.8388011
126	-292.6599	-377.9075	85.2476	1.468337	0.9676884
132	-293.3464	-378.653	85.30654	1.402784	0.9745094
138	-286.338	-371.2754	84.93741	1.526088	1.202557
144	-286.5809	-371.3951	84.8142	1.801126	1.066701
150	-282.6629	-368.0694	85.4065	1.503348	0.7293683
156	-284.4544	-369.527	85.07258	1.573001	1.037878
162	-280.4433	-365.8008	85.35751	1.498318	0.8068622
168	-290.1639	-375.1553	84.99139	1.603309	1.085967
174	-288.2053	-373.2527	85.04748	1.4848	1.142584
180	-285.6902	-370.7062	85.01604	1.933692	0.6577506
186	-286.5928	-371.9727	85.37991	1.494339	0.7820079
192	-288.718	-373.6985	84.98053	1.938811	0.7139145
198	-290.4271	-375.3264	84.89935	2.019992	0.7139145
204	-293.653	-378.5784	84.92544	1.99683	0.7089768
210	-292.908	-377.8802	84.97225	1.950023	0.7089768
216	-289.8931	-374.9476	85.05457	1.912088	0.6186134
222	-293.1164	-378.0861	84.96971	2.017759	0.5432485
228	-292.8324	-377.8745	85.04201	1.727083	0.9108378
234	-288.649	-373.7023	85.05328	1.73743	0.8864684
240	-288.0098	-372.8671	84.8573	1.142255	1.566827
246	-300.4973	-384.6976	84.2003	1.415545	1.838682
252	-303.4297	-388.2748	84.84503	1.436842	1.351896
258	-301.6385	-386.3646	84.72607	1.370536	1.494761
264	-300.9269	-385.2126	84.2857	1.282473	1.871314
270	-303.5383	-387.7188	84.18048	1.187984	2.005891
276	-296.1661	-381.0834	84.91729	1.508795	1.234285
282	-298.3866	-383.4971	85.11048	1.315597	1.234285
288	-299.8502	-384.713	84.8628	1.573091	1.226019
294	-289.2075	-374.208	85.00054	1.288132	1.346499
300	-284.3215	-369.389	85.06749	1.286505	1.29392
306	-284.7599	-370.0203	85.26039	1.225713	1.183093
312	-289.9674	-375.4127	85.44527	1.380547	0.8449084
318	-293.7747	-378.8385	85.06377	1.533549	1.083534
324	-294.3979	-379.5201	85.12225	1.681051	0.8718682
330	-298.7511	-383.8475	85.09637	1.720482	0.8557871
336	-301.264	-386.622	85.35797	1.579674	0.681596
342	-305.7771	-390.7889	85.01184	1.959469	0.4071987
348	-303.9442	-389.4602	85.51604	1.335429	0.812566
354	-299.8521	-384.4319	84.57973	1.626928	1.410844
360	-304.9114	-387.8893	82.97792	1.751119	2.419302
366	-302.0512	-385.5551	83.50393	1.113597	2.48932
372	-294.7463	-378.9551	84.20875	0.8068042	2.236834
378	-303.3167	-388.3627	85.04596	1.515048	1.116812
384	-300.0037	-383.8989	83.89527	1.359629	2.081068
390	-305.2562	-389.5307	84.27449	1.069256	2.022331
396	-291.0452	-375.6273	84.58209	1.164253	1.748204
402	-291.4546	-375.9364	84.48183	1.442761	1.621443
408	-294.4561	-379.6233	85.16721	1.551665	0.964642
414	-290.638	-375.7151	85.07711	1.906608	0.5628427
420	-286.0402	-371.0756	85.03536	1.541966	1.101967
426	-290.9003	-375.9206	85.02028	1.549637	1.108731
432	-289.9712	-375.0692	85.09802	1.474324	1.106514
438	-293.5547	-378.2063	84.65163	1.063912	1.769719
444	-287.8284	-372.8876	85.05926	1.565462	1.057822
450	-290.6755	-375.86	85.18442	1.761404	0.6657425
456	-286.3551	-371.7301	85.375	1.525401	0.7440589
462	-292.5449	-377.68	85.13511	1.767356	0.7409112
468	-296.4337	-381.3689	84.93526	1.903512	0.8288171
474	-293.203	-378.2046	85.00166	1.953199	0.6467603
480	-293.692	-378.7602	85.06828	1.89757	0.6207108
486	-301.4069	-386.0641	84.65722	1.747985	1.25175
492	-295.9174	-379.8733	83.95588	1.243918	2.117234
498	-289.4047	-374.0563	84.65156	1.894245	1.130509
504	-298.9974	-383.896	84.89857	1.718781	1.064794
510	-294.9765	-379.5893	84.61278	2.327758	0.6761138
516	-296.2629	-381.2518	84.98885	1.800289	0.8882693
522	-298.3368	-383.4859	85.14914	1.836904	0.551517
528	-290.8589	-376.3185	85.45956	1.327676	0.8904434
534	-288.0524	-373.073	85.02061	1.656901	1.006625
540	-291.4222	-376.5245	85.1023	1.879302	0.5717816
546	-294.3402	-379.2592	84.91904	2.041222	0.3860301
552	-289.0909	-374.476	85.38505	1.569983	0.6463767
558	-286.4611	-371.2336	84.77251	2.176847	0.3692203
564	-290.024	-374.8122	84.78816	2.176847	0.6228437
570	-294.5274	-379.8508	85.32342	1.552789	0.7792811
576	-290.5894	-375.1696	84.58015	1.391869	1.586986
582	-296.8899	-382.0019	85.11199	1.278492	1.263962
588	-305.7001	-389.2793	83.57917	0.8724513	2.592599
594	-293.9795	-378.4354	84.45592	0.8292461	2.061121
600	-291.48	-376.8165	85.3365	1.4569	0.8833823
606	-294.9698	-379.8821	84.9123	1.869894	0.8961662
612	-292.4518	-377.8079	85.35611	1.426087	0.8961662
618	-290.5464	-375.5828	85.03642	1.293378	1.313546
624	-296.4386	-380.9788	84.54027	1.615379	1.450058
630	-297.9893	-383.1301	85.14079	1.781107	0.7096094
636	-293.1815	-378.0117	84.83023	1.454711	1.349465
642	-298.4814	-383.7236	85.24222	1.377768	1.06231
648	-290.797	-375.874	85.07699	1.891725	0.6131538
654	-296.0429	-380.612	84.5691	1.666037	1.388694
660	-285.2702	-370.2963	85.02614	1.425584	1.212597
666	-282.294	-367.6072	85.31318	1.194372	1.164411
672	-295.3912	-380.7429	85.35163	1.33197	1.000558
678	-305.9384	-390.7168	84.77834	1.143094	1.62372
684	-298.5191	-383.4139	84.89476	1.145223	1.537009
690	-296.9928	-381.4399	84.44708	1.136773	1.860604
696	-291.418	-376.4529	85.03491	1.433297	1.198515
702	-306.1193	-391.2529	85.1336	0.9883908	1.475623
708	-296.374	-381.3938	85.01979	1.754739	0.9047913
714	-293.4171	-378.7192	85.30212	1.472403	0.9047913
720	-291.2553	-375.8328	84.57748	1.275868	1.67259
726	-293.3515	-378.2545	84.90294	1.408058	1.328667
732	-294.233	-379.3484	85.11542	1.507025	1.059985
738	-294.1157	-378.7565	84.64072	1.404842	1.532869
744	-299.4784	-383.1726	83.69417	0.893879	2.507748
750	-292.4433	-376.8167	84.37334	0.9047792	2.065773
756	-290.5704	-374.6718	84.10137	0.9277869	2.228068
762	-296.0392	-380.0854	84.04621	1.093659	2.156356
768	-289.5079	-374.6414	85.13355	1.38816	1.151958
774	-294.4908	-379.5736	85.08273	1.605888	0.9955256
780	-284.8078	-369.8893	85.08158	1.607046	0.9955256
786	-297.6948	-382.3766	84.68181	1.441455	1.47466
792	-286.124	-370.5211	84.3971	0.9385522	2.027704
798	-292.3347	-377.0537	84.71899	1.236996	1.598675
804	-300.4346	-385.1076	84.67306	1.2999	1.586302
810	-299.3765	-384.3367	84.96016	1.607517	1.110766
816	-295.6376	-380.8886	85.25096	1.150164	1.255141
822	-300.2394	-384.4711	84.23164	2.64977	0.300924
828	-295.1255	-380.0316	84.90612	2.072871	0.426422
834	-292.4972	-377.5623	85.06515	1.925848	0.5023422
840	-294.5711	-379.4825	84.91141	2.079455	0.5086725
846	-287.8224	-372.9469	85.12454	1.710536	0.8334546
852	-294.3093	-378.9922	84.68287	2.051638	0.9482625
858	-296.4304	-381.5203	85.08983	1.78984	0.7744289
864	-299.6602	-384.3307	84.67052	2.229134	0.7452015
870	-290.4134	-375.1682	84.75488	2.229134	0.5615123
876	-289.9591	-374.6559	84.69677	2.048122	0.9372066
882	-288.5527	-373.422	84.86931	2.120566	0.4765478
888	-287.4925	-372.2277	84.73516	1.948633	1.000361
894	-291.6748	-376.8493	85.17453	1.567088	0.9407068
900	-289.0716	-373.9823	84.91066	1.850887	0.9191537
906	-297.7163	-382.4142	84.69785	2.254378	0.3733691
912	-291.1366	-376.3379	85.20123	1.562743	0.9164935
918	-300.1099	-384.4812	84.37133	1.798092	1.439525
924	-304.5694	-389.1488	84.57935	1.506911	1.502519
930	-293.2684	-377.9827	84.71427	1.371995	1.502519
936	-292.1909	-377.0613	84.87038	1.434673	1.333426
942	-295.0051	-379.8281	84.82298	1.410902	1.389671
948	-289.1148	-374.3843	85.26952	1.209131	1.189535
954	-300.4	-385.5386	85.13856	1.239894	1.273887
960	-296.687	-381.7547	85.06765	1.169786	1.386893
966	-294.5207	-379.4829	84.96215	1.617976	1.099397
972	-291.7232	-376.5318	84.80862	1.410161	1.401439
978	-288.6261	-372.9477	84.32156	0.9127522	2.094606
984	-282.8935	-367.0706	84.17717	1.383985	1.876097
990	-288.4603	-373.2707	84.81034	1.175338	1.577
996	-284.2015	-368.8301	84.62864	1.35704	1.577
1002	-287.4319	-371.7826	84.35076	1.414144	1.735185
1008	-289.6615	-374.519	84.8575	1.197427	1.525915
1014	-298.7348	-383.5907	84.85586	1.19906	1.525915
1020	-292.6253	-377.8671	85.24176	1.519777	0.9191677
1026	-295.0397	-379.6958	84.6561	2.316241	0.4095106
1032	-294.3006	-379.0728	84.77225	2.205162	0.4219986
1038	-295.5842	-380.6126	85.02846	1.944372	0.6014869
1044	-293.5719	-378.7712	85.19921	1.733759	0.6902304
1050	-291.5516	-376.7049	85.1533	1.835794	0.5315714
1056	-296.9091	-382.0582	85.14911	1.832611	0.5712756
1062	-294.2456	-379.208	84.96246	1.836976	0.876391
1068	-296.3375	-381.3788	85.0413	1.505582	1.129545
1074	-292.8595	-377.4727	84.6132	1.299897	1.629745
1080	-297.3108	-382.3878	85.07693	1.835258	0.7256212
1086	-294.5215	-379.4687	84.94721	1.553033	1.170802
1092	-293.8863	-378.9278	85.04146	1.564392	1.07559
1098	-304.5776	-389.9907	85.41315	1.519147	0.6914373
1104	-301.8713	-386.8067	84.93546	1.618975	1.122756
1110	-299.7692	-384.8261	85.05684	1.85236	0.7303912
1116	-297.3617	-382.4074	85.0457	1.505877	1.125326
1122	-307.1453	-392.3826	85.23729	1.314293	1.125326
1128	-301.914	-386.8706	84.95656	1.746946	0.9804608
1134	-293.73	-378.7694	85.03939	1.470268	1.162562
1140	-298.9897	-383.8857	84.89599	1.647073	1.132968
1146	-295.6107	-380.4231	84.81238	1.453621	1.364454
1152	-292.4427	-376.655	84.21237	1.630245	1.680238
1158	-289.1138	-373.8495	84.73575	1.206925	1.608342
1164	-296.8254	-381.4858	84.66044	1.08698	1.747445
1170	-293.6217	-378.6852	85.06351	1.60725	1.013311
1176	-294.5684	-378.7672	84.19878	1.579976	1.725442
1182	-298.4228	-383.6469	85.22409	1.491083	0.9684761
1188	-302.2752	-387.1093	84.83408	1.114103	1.604343
1194	-297.28	-382.0174	84.73743	1.210755	1.604343
1200	-298.1473	-382.7251	84.57784	1.068969	1.817372
1206	-292.2001	-377.3818	85.18169	1.457892	1.043648
1212	-309.1668	-393.8082	84.64142	1.625858	1.363448
1218	-307.9356	-392.9076	84.97195	1.988056	0.3856061
1224	-306.4243	-391.3594	84.93514	2.032129	0.3988178
1230	-305.9713	-390.7907	84.81942	1.507797	1.315626
1236	-305.6914	-390.6301	84.93874	1.388484	1.315626
1242	-302.3647	-387.8333	85.46863	1.429024	0.7482235
1248	-291.433	-376.3203	84.88731	1.750273	1.04557
1254	-299.8259	-384.6444	84.81845	1.563507	1.271009
1260	-292.7651	-377.9157	85.15068	1.468368	1.063196
1266	-293.749	-378.776	85.02701	1.39443	1.238183
1272	-289.1308	-373.9133	84.78255	1.291067	1.511981
1278	-293.9832	-378.691	84.70784	1.419606	1.471496
1284	-305.1533	-390.122	84.96863	1.926534	0.7519704
1290	-307.0364	-391.9967	84.96025	1.708416	1.015378
1296	-306.2697	-391.3541	85.08442	1.878937	0.6269843
1302	-295.7695	-380.8071	85.03761	1.63169	1.014753
1308	-296.262	-381.1994	84.93735	1.208711	1.45736
1314	-289.4461	-374.6026	85.15643	1.304287	1.20493
1320	-289.595	-374.5388	84.94387	1.635745	1.099863
1326	-285.5751	-370.5542	84.97902	1.599383	1.100974
1332	-290.8966	-375.0296	84.13307	1.006033	2.156855
1338	-297.9265	-383.0468	85.12038	1.545719	1.017897
1344	-293.0564	-378.184	85.1276	1.854066	0.4347297
1350	-302.4117	-386.7241	84.31249	2.431938	0.2257905
1356	-308.2272	-393.4048	85.17755	1.762763	0.3572159
1362	-314.4542	-399.1266	84.67241	2.288693	0.3874698
1368	-316.9503	-401.9788	85.02852	1.601149	1.05313
1374	-310.209	-395.1674	84.95844	2.008249	0.6185273
1380	-307.0299	-391.8287	84.79873	2.192022	0.4886696
1386	-298.2535	-383.0261	84.77255	2.217177	0.4751223
1392	-305.5979	-390.7463	85.14837	1.692639	0.8259835
1398	-299.3327	-383.857	84.5243	1.511676	1.539971
1404	-295.7287	-380.7244	84.99574	1.398043	1.261228
1410	-291.8638	-377.0669	85.2031	1.554189	0.9238139
1416	-289.859	-375.1085	85.2495	1.736127	0.5537116
1422	-288.7977	-374.067	85.26925	1.66264	0.6921846
1428	-292.6899	-377.6498	84.9599	2.029667	0.4736362
1434	-289.6928	-374.8059	85.1131	1.877822	0.5068443
1440	-297.088	-382.029	84.941	1.775818	0.9667763
1446	-299.4897	-384.9017	85.41208	1.290565	0.9813373
1452	-299.0544	-384.0753	85.02086	1.537677	1.119053
1458	-302.2858	-387.2684	84.98253	1.945915	0.69831
1464	-298.1321	-383.3791	85.24695	1.405207	1.031511
1470	-300.359	-385.3977	85.03868	1.420897	1.205907
1476	-299.591	-384.8332	85.24219	1.217387	1.205907
1482	-299.7314	-384.5996	84.86822	1.452877	1.320558
1488	-301.8403	-386.4234	84.58308	1.427136	1.558988
1494	-301.2812	-386.4674	85.18626	1.802349	0.4661531
1500	-295.9727	-381.2765	85.30381	1.57787	0.7715908
1506	-287.5678	-372.6586	85.09078	1.898354	0.4699681
1512	-297.8323	-382.4966	84.66436	2.253446	0.3322656
1518	-299.1018	-383.6841	84.58233	2.335473	0.3322656
1524	-301.9079	-387.0311	85.12317	1.822044	0.6669668
1530	-294.576	-379.9803	85.40426	1.35455	0.9221555
1536	-288.893	-374.0224	85.12935	1.396251	1.148514
1542	-290.9388	-375.8932	84.95436	1.732584	0.9972155
1548	-294.5274	-378.8672	84.33975	1.719109	1.522987
1554	-302.6342	-387.7068	85.07254	1.401839	1.193214
1560	-301.7297	-385.5975	83.86779	1.318847	2.125842
1566	-296.6363	-381.3935	84.75712	1.318847	1.510223
1572	-287.7768	-372.9416	85.16487	1.445812	1.071065
1578	-285.247	-370.4376	85.19061	1.637756	0.8417771
1584	-289.5663	-374.7822	85.21593	1.529455	0.9366803
1590	-292.0488	-375.877	83.82825	1.406087	2.094588
1596	-296.5941	-381.3628	84.7687	1.16689	1.61348
1602	-297.6089	-382.1521	84.54318	1.140657	1.791759
1608	-299.2116	-383.9638	84.75222	0.9316218	1.791759
1614	-316.2746	-401.4002	85.12558	0.4656244	1.855571
1620	-304.8603	-388.9471	84.08685	0.7449345	2.354312
1626	-293.44	-378.2568	84.81683	1.372463	1.424263
1632	-289.0325	-374.354	85.32149	1.38457	0.9778447
1638	-305.7494	-390.4264	84.67707	1.24651	1.622173
1644	-295.256	-380.2479	84.9919	0.7570993	1.746339
1650	-293.9045	-377.5187	83.61414	0.8452264	2.587798
1656	-289.0834	-372.4701	83.38678	1.287288	2.453882
1662	-287.193	-372.1238	84.93081	1.305421	1.387836
1668	-292.9952	-377.4992	84.50396	1.821601	1.316965
1674	-296.7618	-381.9155	85.15369	1.731565	0.7664701
1680	-292.8089	-377.8154	85.00647	1.954094	0.3865539
1686	-298.5645	-383.7794	85.21496	1.747855	0.6283136
1692	-293.1939	-378.1636	84.9697	1.808037	0.9011942
1698	-294.8462	-379.7466	84.90035	1.889104	0.8879147
1704	-288.3052	-373.3601	85.0549	1.541583	1.084313
1710	-285.8615	-370.8008	84.93926	1.686748	1.056606
1716	-285.9676	-370.9182	84.95052	2.020873	0.6056768
1722	-290.5435	-375.5342	84.9907	1.997774	0.5364832
1728	-292.7933	-377.8547	85.06134	1.787758	0.8156426
1734	-294.2481	-379.4222	85.1741	1.748689	0.7080988
1740	-292.0489	-377.2407	85.19182	1.689852	0.7715989
1746	-291.7004	-376.5266	84.82619	1.573289	1.25651
1752	-301.0474	-385.9116	84.86421	1.56287	1.233445
1758	-299.0682	-384.3923	85.32413	1.468391	0.8843873
1764	-301.9479	-386.5874	84.63953	2.131977	0.2374698
1770	-304.4007	-389.3292	84.92847	2.055829	0.560199
1776	-300.8975	-386.033	85.13549	1.773332	0.7309877
1782	-306.2558	-391.696	85.44018	1.44618	0.7648851
1788	-303.2132	-387.6146	84.40139	1.432107	1.686726
1794	-292.0023	-377.3977	85.3954	1.418927	0.8588179
1800	-294.0365	-379.2332	85.1967	1.442199	1.044309
1806	-293.9646	-379.0891	85.12457	1.691393	0.8568537
1812	-292.4776	-377.8043	85.32668	1.322694	1.034213
1818	-299.6015	-384.22	84.61853	1.659524	1.354928
1824	-301.1355	-385.5728	84.43735	1.392646	1.689216
1830	-300.1114	-384.9195	84.80802	1.467698	1.356774
1836	-288.7543	-373.2485	84.49415	1.174043	1.8026
1842	-290.9608	-375.9839	85.02303	1.316869	1.305376
1848	-293.2408	-378.3163	85.07551	1.800975	0.7788955
1854	-299.9254	-385.5698	85.64433	1.329451	0.5986408
1860	-298.7276	-383.9698	85.24225	1.737646	0.5782832
1866	-303.2935	-388.5839	85.29038	1.612744	0.7398906
1872	-300.36	-384.9134	84.55339	2.245913	0.2507192
1878	-295.2014	-380.2567	85.05532	1.790469	0.8198972
1884	-295.9146	-380.2051	84.29045	1.271153	1.875793
1890	-291.0402	-375.1121	84.07188	1.467713	1.89078
1896	-291.8279	-377.0827	85.25477	1.733636	0.536999
1902	-294.2186	-378.992	84.77344	2.214962	0.536999
1908	-293.1935	-378.4925	85.29899	1.691024	0.5226155
1914	-297.7989	-382.8126	85.01371	1.968914	0.5675629
1920	-300.8099	-385.8568	85.04689	1.906555	0.6498383
1926	-299.1316	-384.2074	85.07574	1.906555	0.4368417
1932	-302.6305	-387.779	85.14852	1.790059	0.6798399
1938	-297.9479	-383.0102	85.06229	1.844859	0.7336269
1944	-297.0534	-382.061	85.00765	1.731321	0.9435323
1950	-293.3616	-378.3722	85.01054	1.565078	1.103522
1956	-296.4174	-381.5929	85.17557	1.582402	0.9230704
1962	-289.5567	-374.8213	85.26461	1.689121	0.6492226
1968	-292.8036	-377.6809	84.87728	1.870319	0.9343061
1974	-288.04	-372.982	84.942	2.038121	0.5774686
1980	-299.0065	-383.9207	84.91415	1.844482	0.9223456
1986	-297.2331	-382.3996	85.16643	1.81441	0.574744
1992	-293.4278	-378.374	84.94623	1.973707	0.7129193
1998	-289.0739	-374.265	85.19116	1.752066	0.6708858
2004	-292.0397	-377.082	85.04231	1.946995	0.529799
2010	-295.7834	-380.546	84.7626	2.22397	0.4543549
2016	-292.3546	-377.4318	85.07723	1.832017	0.7303246
2022	-297.0885	-382.0187	84.93017	1.906636	0.8312844
2028	-300.1994	-384.3986	84.19922	1.778084	1.583127
2034	-300.4869	-385.4127	84.92581	1.203635	1.469984
2040	-297.1099	-381.8102	84.70035	1.046546	1.747813
2046	-296.6147	-381.7509	85.13616	0.8424917	1.582141
2052	-288.4436	-373.7085	85.26485	1.174001	1.223521
2058	-283.533	-368.6158	85.08278	1.35607	1.223521
2064	-279.7194	-364.7324	85.01304	1.425809	1.223521
2070	-293.1498	-378.2393	85.08955	1.540754	1.052524
2076	-294.5425	-379.5922	85.04968	1.13405	1.428544
2082	-292.4974	-377.5938	85.09643	1.607209	0.9803288
2088	-298.5212	-382.7288	84.20754	1.240366	1.952746
2094	-301.6873	-386.4009	84.71362	0.7988881	1.909156
2100	-302.6668	-387.1055	84.43877	0.6742132	2.173837
2106	-293.3466	-377.1757	83.82913	1.39084	2.104019
2112	-292.3288	-377.1538	84.82501	1.011487	1.684595
2118	-287.7468	-372.3007	84.55393	1.523475	1.50915
2124	-294.5423	-379.1917	84.64936	1.765691	1.243531
2130	-293.933	-377.4962	83.56321	1.020188	2.510651
2136	-286.1516	-370.6406	84.48902	0.8405365	2.03175
2142	-286.9432	-371.1675	84.22427	1.053488	2.066009
2148	-286.5075	-371.5132	85.00572	1.409933	1.243027
2154	-290.6168	-375.2741	84.6573	1.846611	1.167599
2160	-296.0384	-381.2592	85.22077	1.743187	0.6254917
2166	-302.533	-387.544	85.01096	1.574979	1.094059
2172	-299.069	-384.0715	85.0025	1.458718	1.204502
2178	-298.7005	-383.639	84.9385	1.416453	1.29314
2184	-307.6582	-392.416	84.75779	2.2251	0.4389404
2190	-298.2622	-383.2941	85.03186	1.382503	1.244108
2196	-303.4382	-388.2774	84.83923	1.469076	1.330828
2202	-303.424	-387.9971	84.57305	1.108476	1.793359
2208	-304.2518	-388.1667	83.91496	1.49946	1.975208
2214	-303.1755	-386.5224	83.34683	1.485114	2.354208
2220	-297.7332	-382.5514	84.81819	1.652577	1.196322
2226	-297.3929	-381.6525	84.25959	1.204939	1.94156
2232	-300.7677	-385.4659	84.69813	1.511939	1.408202
2238	-296.8514	-381.8973	85.04592	1.249043	1.341484
2244	-289.5847	-374.805	85.2203	1.634432	0.8083072
2250	-288.4243	-373.651	85.22673	1.442119	1.015195
2256	-291.0533	-375.8394	84.78607	1.752171	1.137275
2262	-288.9825	-373.8691	84.88665	1.881311	0.9120932
2268	-287.5161	-372.6381	85.12203	1.645932	0.9120932
2274	-292.9316	-378.0901	85.15852	1.585659	0.9379713
2280	-305.3382	-389.9868	84.64863	1.16153	1.703274
2286	-298.7273	-383.376	84.64863	1.16153	1.703274
2292	-294.7649	-379.5261	84.76123	1.410037	1.438114
2298	-299.8945	-384.5651	84.67057	1.684432	1.293096
2304	-312.1861	-397.004	84.81783	2.158709	0.5899462
2310	-304.5028	-389.5132	85.01036	1.979583	0.5235027
2316	-300.52	-385.8108	85.29083	1.29884	1.090618
2322	-287.7857	-372.3898	84.60408	1.123489	1.761326
2328	-292.458	-377.5244	85.06635	1.228883	1.34127
2334	-289.3446	-373.5494	84.20478	1.266824	1.936792
2340	-292.766	-378.0425	85.27652	1.386277	1.021145
2346	-296.8949	-381.183	84.28805	1.001788	2.058037
2352	-296.7798	-382.0644	85.28461	1.285976	1.108115
2358	-298.3645	-383.2017	84.83721	1.225584	1.520056
2364	-304.0492	-389.1399	85.09074	1.405387	1.174389
2370	-299.9338	-384.8426	84.90876	1.436655	1.300896
2376	-305.1959	-390.297	85.10115	1.721651	0.8485923
2382	-297.2722	-382.2787	85.0065	1.210922	1.402493
2388	-301.4358	-387.075	85.63921	0.9360156	1.103885
2394	-290.9003	-375.8316	84.93131	1.857628	0.8884993
2400	-290.486	-375.2382	84.75219	2.036751	0.8884993
2406	-296.6729	-381.6195	84.94656	1.781469	0.9550878
2412	-297.4903	-382.4487	84.95843	1.425678	1.269228
2418	-295.0488	-380.1309	85.08213	1.18716	1.361861
2424	-291.7518	-376.994	85.24222	1.481248	0.9598627
2430	-294.5836	-379.8146	85.23097	1.310486	1.134408
2436	-293.8898	-379.2013	85.31155	1.229909	1.134408
2442	-291.4423	-375.6829	84.24063	1.068883	2.045032
2448	-296.2612	-380.236	83.97473	1.334779	2.045032
2454	-292.1007	-376.4711	84.37042	1.2103	1.862742
2460	-295.4078	-379.8053	84.3975	1.33582	1.757309
2466	-299.1659	-382.9405	83.77462	1.495268	2.071197
2472	-297.1742	-380.8851	83.71097	0.9453095	2.465045
2478	-295.9907	-381.35	85.35933	1.215112	1.1046
2484	-299.3843	-383.8708	84.48643	1.278781	1.734965
2490	-296.4152	-381.6632	85.24799	1.520496	0.9115125
2496	-293.1475	-378.1834	85.03593	1.767294	0.8719645
2502	-300.8057	-385.8534	85.04764	1.761096	0.8654723
2508	-297.6521	-382.6408	84.98875	1.724398	0.9705649
2514	-298.1753	-383.4412	85.26591	1.714319	0.577078
2520	-291.6214	-376.6762	85.0548	1.874045	0.6976106
2526	-294.7259	-379.7691	85.04323	1.287332	1.31293
2532	-300.4007	-385.0883	84.68753	0.7775994	1.941156
2538	-300.0508	-383.9399	83.88913	1.033076	2.296716
2544	-296.1998	-381.4505	85.25066	1.17184	1.237289
2550	-293.3191	-378.3837	85.06459	1.35791	1.237289
2556	-302.5741	-387.5677	84.99361	1.857527	0.8129978
2562	-295.8146	-380.7998	84.98515	1.336752	1.31991
2568	-299.9093	-385.1762	85.26694	1.05496	1.31991
2574	-293.5321	-378.0858	84.55365	1.693727	1.379112
2580	-293.2875	-378.2356	84.94812	1.494789	1.220088
2586	-291.7027	-376.4902	84.78751	1.298115	1.502996
2592	-288.1831	-372.6462	84.46314	0.9349243	1.986148
2598	-288.5513	-373.3887	84.83741	1.923459	0.9198956
2604	-288.2824	-373.6591	85.37665	1.488044	0.7950704
2610	-290.4972	-375.6071	85.10989	1.451558	1.116421
2616	-290.8748	-376.0906	85.21578	1.574448	0.8870221
2622	-298.4265	-383.341	84.91458	1.709525	1.058411
2628	-289.4035	-374.3772	84.97373	1.630157	1.077423
2634	-297.3647	-382.913	85.54832	1.244025	0.8845942
2640	-295.8303	-380.9111	85.0808	1.589256	1.014007
2646	-297.9775	-383.231	85.25342	1.64602	0.7455243
2652	-289.2338	-374.2985	85.06468	1.809845	0.7816345
2658	-288.7436	-374.0975	85.35385	1.520671	0.7816345
2664	-290.2679	-375.1756	84.90768	1.213659	1.476119
2670	-289.3617	-374.2719	84.91027	1.189641	1.492278
2676	-290.5524	-375.5841	85.03178	1.307551	1.305838
2682	-293.8728	-378.0084	84.13558	1.104893	2.090561
2688	-292.2953	-376.5764	84.28116	1.137166	1.972592
2694	-300.4051	-383.8898	83.48475	0.9069103	2.62968
2700	-304.3395	-388.8031	84.46364	1.204726	1.802478
2706	-298.6713	-382.6466	83.97528	1.243194	2.104998
2712	-295.0025	-379.2298	84.22733	1.288171	1.90713
2718	-300.7249	-384.7643	84.03942	0.942807	2.258265
2724	-305.0213	-388.5419	83.52065	1.287239	2.369469
2730	-301.7281	-386.2636	84.5355	0.7957247	2.030641
2736	-308.7224	-392.8887	84.16622	1.165006	2.030641
2742	-313.4035	-398.5702	85.16671	1.102709	1.361761
2748	-299.986	-385.1208	85.13478	1.158018	1.34321
2754	-295.9108	-380.3817	84.47089	1.81662	1.347421
2760	-296.8881	-381.635	84.74689	2.210564	0.3813963
2766	-296.4668	-381.4667	84.99985	1.855308	0.8077448
2772	-297.039	-382.1084	85.06938	1.470885	1.135474
2778	-302.1898	-387.3332	85.14336	1.794741	0.6807465
2784	-299.7882	-384.921	85.13287	1.660543	0.8833678
2790	-296.5436	-381.7936	85.25003	1.740956	0.5036725
2796	-308.1501	-393.0464	84.89629	1.529096	1.23487
2802	-300.4057	-385.4268	85.02114	1.768072	0.8881868
2808	-295.0756	-380.0429	84.96725	1.538907	1.165635
2814	-296.7911	-381.75	84.95894	1.584486	1.13264
2820	-299.4	-384.794	85.39402	1.508699	0.7405181
2826	-305.797	-391.1305	85.33352	0.9503737	1.350293
2832	-312.7232	-397.9859	85.26269	1.15182	1.243982
2838	-303.4113	-388.0198	84.60851	1.364077	1.586576
2844	-305.1782	-389.564	84.38582	1.535374	1.623899
2850	-297.2439	-381.6806	84.43669	0.9779165	1.975082
2856	-294.1551	-378.622	84.46692	1.313382	1.724352
2862	-299.3026	-383.9216	84.61895	1.354118	1.586225
2868	-294.474	-377.7283	83.25435	0.8994745	2.7756
2874	-291.2594	-375.9167	84.65728	1.227718	1.64995
2880	-292.5724	-377.916	85.34361	1.496561	0.8270435
2886	-285.6398	-370.7991	85.15926	1.828297	0.5427308
2892	-291.2153	-375.9578	84.7425	1.945298	0.9963551
2898	-291.7922	-376.9751	85.1829	1.709785	0.7556412
2904	-294.3472	-379.9149	85.56771	1.245747	0.8598569
2910	-295.934	-381.3686	85.43462	1.33393	0.9114416
2916	-300.6146	-385.9052	85.29053	1.353232	1.039634
2922	-305.4392	-389.9262	84.48699	1.381834	1.661541
2928	-299.6379	-384.6215	84.98358	1.584655	1.110259
2934	-294.164	-379.0225	84.85849	1.230106	1.500772
2940	-292.6884	-377.8021	85.11367	1.587902	0.982433
2946	-302.676	-387.8942	85.2182	1.602819	0.8507477
2952	-305.0394	-390.3187	85.27929	1.540712	0.8519868
2958	-304.3521	-389.3902	85.03809	1.637586	1.008443
2964	-294.829	-380.0778	85.24883	1.71827	0.6174441
2970	-291.2643	-376.3416	85.0773	1.601629	1.005214
2976	-295.8093	-380.8268	85.01754	1.40326	1.238718
2982	-296.4783	-380.7758	84.2975	0.9299404	2.099117
2988	-295.9874	-380.3769	84.38949	1.236805	1.831496
2994	-290.7765	-375.6167	84.84016	1.351996	1.42205
3000	-299.9696	-385.0477	85.0781	1.337003	1.243489
3006	-296.5636	-381.6948	85.13122	1.14869	1.353457
3012	-301.0041	-384.6233	83.61924	1.14869	2.394754
3018	-294.3425	-379.6113	85.26879	1.28545	1.122927
3024	-289.9693	-374.9499	84.98057	1.421539	1.254321
3030	-289.3292	-374.4443	85.11508	1.476487	1.088865
3036	-287.9429	-373.2441	85.3012	1.597042	0.7473369
3042	-288.6998	-372.9983	84.29855	1.053698	2.016684
3048	-289.2413	-374.0551	84.81379	1.100099	1.629168
3054	-285.5952	-370.6569	85.06168	1.167022	1.393711
3060	-287.0593	-371.2679	84.2086	1.054234	2.075845
3066	-289.6757	-374.6552	84.97948	1.730758	0.9735682
3072	-291.2505	-376.0051	84.75463	1.453351	1.40982
3078	-296.7513	-380.3803	83.62892	1.100015	2.419361
3084	-290.1132	-374.7887	84.67551	1.344852	1.551513
3090	-288.1396	-372.8543	84.71471	1.490929	1.411631
3096	-291.9685	-376.6776	84.70911	1.757406	1.199968
3102	-290.2042	-374.5462	84.34203	1.3633	1.776828
3108	-297.062	-382.2536	85.19159	1.155411	1.299612
3114	-287.6572	-371.3959	83.73866	1.208461	2.28078
3120	-296.2301	-381.2215	84.99136	1.618783	1.071568
3126	-290.2782	-375.2609	84.98271	1.802398	0.8928615
3132	-292.6789	-377.6964	85.01752	1.767588	0.8928615
3138	-300.1267	-385.2765	85.14982	1.176428	1.316408
3144	-302.0715	-387.3675	85.29605	1.518546	0.8584915
3150	-293.2566	-378.3019	85.04531	1.542486	1.092348
3156	-292.1983	-377.4118	85.21353	1.504354	0.9656702
3162	-295.869	-381.1833	85.31428	1.338243	1.031161
3168	-290.2276	-375.1091	84.88144	1.509056	1.263956
3174	-288.1313	-373.267	85.13569	1.72661	0.798281
3180	-293.597	-378.5336	84.93662	1.925681	0.798281
3186	-300.3787	-385.5629	85.1842	1.75344	0.6816148
3192	-300.4803	-385.6316	85.15126	1.78638	0.6816148
3198	-292.6686	-378.0544	85.38588	1.543467	0.6967278
3204	-293.7947	-378.843	85.04832	1.666833	0.9684936
3210	-295.3234	-380.088	84.76452	1.568111	1.311254
3216	-299.847	-384.6674	84.82045	1.247672	1.516085
3222	-305.7443	-390.8464	85.10214	0.8854756	1.575588
3228	-300.8249	-385.8342	85.00929	1.382625	1.262775
3234	-296.8795	-381.3206	84.44116	1.219165	1.808039
3240	-292.4235	-377.1584	84.73497	1.384051	1.477871
3246	-293.521	-379.051	85.52998	1.351759	0.7715021
3252	-292.7131	-378.0961	85.38299	1.519051	0.7415577
3258	-295.8037	-380.7968	84.99305	1.50268	1.174738
3264	-297.4058	-382.3677	84.96192	1.50843	1.196676
3270	-297.8865	-381.3845	83.49798	1.440669	2.286199
3276	-296.19	-381.0567	84.86672	1.522118	1.265324
3282	-295.3685	-380.6814	85.31289	1.255926	1.10973
3288	-300.1187	-385.4985	85.3798	1.067568	1.216306
3294	-300.2026	-385.5131	85.31047	1.081781	1.262499
3300	-291.515	-376.9116	85.39659	1.414529	0.8626382
3306	-295.7921	-380.5427	84.75055	1.635941	1.267263
3312	-294.7218	-379.3469	84.62515	1.441542	1.517152
3318	-288.3463	-372.9622	84.61585	1.157478	1.729264
3324	-296.5768	-380.9188	84.34201	0.9341917	2.067033
3330	-299.2922	-384.378	85.08576	0.9928109	1.508277
3336	-300.1883	-384.7436	84.55531	1.126152	1.79341
3342	-297.8795	-382.2099	84.33045	1.096862	1.966571
3348	-287.463	-372.652	85.18901	1.573916	0.9176462
3354	-290.1255	-374.7016	84.57611	1.52008	1.495071
3360	-291.3655	-376.2946	84.92903	1.459438	1.265632
3366	-284.8349	-370.144	85.30909	1.433302	0.9398825
3372	-288.5336	-373.5437	85.01007	1.502397	1.160098
3378	-294.7229	-379.8648	85.14194	1.607035	0.9328229
3384	-289.7578	-374.9199	85.16208	1.070734	1.390506
3390	-293.9711	-378.4993	84.52826	1.517075	1.533039
3396	-292.587	-377.5498	84.96278	1.220433	1.428936
3402	-299.459	-384.7425	85.28348	1.464645	0.9337366
3408	-292.22	-377.3281	85.10814	1.486196	1.0863
3414	-291.0185	-375.8962	84.87772	1.397732	1.356988
3420	-293.6018	-378.8454	85.24362	1.328018	1.107162
3426	-298.2699	-383.6639	85.39409	1.408188	0.8730694
3432	-301.0566	-385.7021	84.64557	1.835863	1.187131
3438	-293.1399	-377.8677	84.72783	1.364366	1.498071
3444	-297.6965	-383.208	85.51142	1.445385	0.6424185
3450	-288.6969	-373.8326	85.13571	1.751063	0.7642864
3456	-300.133	-385.2564	85.12331	1.867256	0.5150364
3462	-296.3523	-381.3775	85.02523	1.962064	0.544341
3468	-297.1209	-381.3453	84.22433	2.518164	0.2249965
3474	-292.6493	-377.1563	84.50702	2.27442	0.2420465
3480	-298.0862	-382.357	84.27077	2.457696	0.2193856
3486	-290.3918	-375.1028	84.711	2.249281	0.386062
3492	-294.0024	-379.0806	85.07824	1.910307	0.5358931
3498	-291.2674	-376.589	85.32159	1.603656	0.703894
3504	-289.1079	-374.0802	84.97228	1.624515	1.084016
3510	-293.2519	-378.2221	84.97023	1.735891	0.9777829
3516	-295.1674	-379.7238	84.55636	1.303943	1.667626
3522	-285.3876	-370.0975	84.70987	1.193079	1.637054
3528	-283.7723	-368.7473	84.97501	1.453234	1.232465
3534	-286.1524	-371.4236	85.27116	1.157089	1.232465
3540	-289.4157	-374.2651	84.84939	1.150121	1.56686
3546	-290.1031	-374.8438	84.74066	1.258855	1.56686
3552	-297.0384	-381.7945	84.75603	2.166897	0.7078608
3558	-297.0123	-381.7505	84.73816	1.653481	1.263004
3564	-295.5317	-380.3886	84.8569	1.58309	1.22256
3570	-293.3295	-377.8535	84.52396	1.718356	1.38308
3576	-297.8602	-382.8775	85.01732	1.907295	0.7049776
3582	-289.2142	-374.3454	85.1312	1.734221	0.7940842
3588	-291.1264	-376.1568	85.03035	1.625718	1.027715
3594	-289.7537	-374.5428	84.78915	1.952939	0.9402049
3600	-291.7285	-377.0502	85.32165	1.545229	0.7921169
3606	-291.4839	-376.6362	85.15231	1.714568	0.7921169
3612	-300.1509	-385.303	85.15208	1.331003	1.185705
3618	-293.689	-378.7441	85.05515	1.427935	1.185705
3624	-291.0692	-376.3409	85.27176	1.588605	0.8008647
3630	-290.2189	-374.8943	84.67539	2.250246	0.7032075
3636	-284.6609	-369.7074	85.04656	1.877914	0.7052175
3642	-293.0448	-378.1141	85.06934	1.855131	0.7052175
3648	-298.4248	-383.3786	84.95389	1.29764	1.37585
3654	-299.3153	-384.1964	84.88115	1.370384	1.37585
3660	-292.5113	-376.9854	84.47407	1.15999	1.826153
3666	-294.7684	-379.4826	84.71414	1.204342	1.625854
3672	-292.5992	-377.9137	85.31453	1.433611	0.9337221
3678	-290.294	-375.5667	85.27274	1.699862	0.602178
3684	-288.5043	-372.9389	84.43458	2.139016	1.105368
3690	-288.0491	-373.1777	85.12865	1.259334	1.266027
3696	-286.6443	-371.8034	85.15913	1.752835	0.7259855
3702	-294.3255	-379.0302	84.70478	2.285879	0.4868561
3708	-295.7159	-381.1913	85.47531	1.219669	0.9891179
3714	-293.1738	-378.0079	84.83417	1.471058	1.333291
3720	-295.1635	-380.3852	85.22172	1.683301	0.7369511
3726	-293.472	-378.4432	84.97121	2.006228	0.4220764
3732	-290.7906	-375.8494	85.0588	1.928792	0.4597564
3738	-290.6385	-375.8389	85.20039	1.764136	0.6240664
3744	-287.747	-373.0351	85.28815	1.409881	0.9860324
3750	-294.3459	-379.5281	85.18218	1.540891	0.9602802
3756	-300.3061	-385.3952	85.08902	1.46181	1.125996
3762	-291.4417	-376.0821	84.64042	1.394703	1.540608
3768	-299.7648	-384.1753	84.41049	0.9731209	1.995794
3774	-296.117	-380.2045	84.08749	1.175372	2.075827
3780	-297.5879	-382.8029	85.21499	1.36712	1.097573
3786	-310.4683	-396.0279	85.55954	0.8710736	1.230471
3792	-292.9037	-378.1012	85.19757	1.24958	1.216486
3798	-297.2197	-382.2615	85.04181	1.058087	1.492289
3804	-298.961	-383.9615	85.00051	0.8330956	1.686651
3810	-299.2709	-383.8765	84.60565	1.107997	1.771041
3816	-301.5138	-385.4943	83.98049	1.045368	2.230198
3822	-296.1927	-381.0837	84.89099	1.098483	1.574223
3828	-303.387	-387.7264	84.3394	1.281096	1.835486
3834	-304.5897	-389.5462	84.9565	1.858056	0.8585407
3840	-301.1825	-385.6117	84.42914	1.110029	1.891063
3846	-301.5845	-386.2744	84.68995	0.8492243	1.891063
3852	-304.1587	-387.9648	83.80607	1.554644	2.011051
3858	-296.7572	-381.0325	84.27529	1.085424	2.011051
3864	-296.5446	-381.3584	84.81384	1.07942	1.644022
3870	-295.7527	-380.6476	84.89493	1.265173	1.446655
3876	-307.749	-392.2924	84.54342	0.8753653	1.972281
3882	-298.5198	-383.6353	85.11553	1.500077	1.066438
3888	-298.4419	-383.2909	84.84896	1.86216	0.972655
3894	-292.7948	-377.5762	84.78139	1.832113	1.068413
3900	-296.3718	-381.5379	85.1661	1.769663	0.6851056
3906	-296.8615	-381.7412	84.87966	1.784256	1.020046
3912	-289.2567	-373.8839	84.62728	1.807514	1.226943
3918	-284.671	-369.715	85.04408	1.935374	0.5799244
3924	-297.0734	-382.0927	85.01933	1.920692	0.6771017
3930	-294.9833	-379.6254	84.64212	1.993569	1.04738
3936	-292.1512	-376.6238	84.47259	1.875493	1.298731
3942	-288.6162	-372.5927	83.97642	1.522027	1.918669
3948	-294.093	-379.076	84.98296	1.522027	1.166656
3954	-301.1085	-386.3579	85.24935	1.479505	0.9542234
3960	-302.0933	-386.9667	84.87341	2.096506	0.6098525
3966	-302.0588	-387.221	85.16213	1.731239	0.7546257
3972	-308.1904	-393.0811	84.89075	1.695886	1.093415
3978	-305.6904	-390.0846	84.39425	1.56705	1.594804
3984	-301.2968	-385.8807	84.58392	1.56705	1.453621
3990	-301.3978	-386.0917	84.69396	1.75794	1.212448
3996	-290.5653	-374.953	84.38771	1.442231	1.689252
4002	-299.3751	-383.9495	84.57447	1.690603	1.365191
4008	-305.1037	-390.0596	84.95598	2.002507	0.6385914
4014	-304.2405	-389.3963	85.15587	1.493048	1.034655
4020	-306.5152	-391.4143	84.89903	1.914232	0.8600841
4026	-302.7566	-387.9054	85.14881	1.80497	0.6491324
4032	-290.2476	-375.4729	85.22523	1.608054	0.8356921
4038	-291.03	-375.8431	84.8131	1.608054	1.238418
4044	-292.0407	-376.9202	84.87946	1.705653	1.094813
4050	-290.423	-375.1397	84.71675	1.039937	1.740953
4056	-284.9206	-369.7979	84.87725	1.984322	0.7992622
4062	-287.3018	-372.2711	84.96938	2.000317	0.6104696
4068	-290.0262	-375.2483	85.22204	1.652732	0.7812904
4074	-289.1002	-374.2176	85.11741	1.800593	0.7161338
4080	-296.4828	-381.1833	84.70048	1.304154	1.563099
4086	-299.4694	-384.1718	84.70241	1.302218	1.563099
4092	-307.4245	-392.3054	84.88084	1.378105	1.370021
4098	-304.1135	-389.3382	85.22465	1.242951	1.199041
4104	-303.866	-388.4371	84.57106	0.9631239	1.894456
4110	-306.8902	-391.4072	84.51694	0.717452	2.094553
4116	-302.565	-386.701	84.13602	1.275729	1.976992
4122	-300.0071	-385.1611	85.15403	1.576329	0.9526463
4128	-300.2126	-385.0792	84.86662	1.93473	0.8741563
4134	-294.811	-380.0399	85.2289	1.377583	1.074992
4140	-295.1104	-379.4843	84.37391	1.455634	1.689534
4146	-300.4825	-385.7629	85.28037	1.082937	1.286315
4152	-301.2084	-385.0949	83.8865	1.040304	2.293776
4158	-300.2622	-385.0777	84.8155	1.720739	1.139061
4164	-300.7174	-385.7693	85.05194	1.818975	0.7866104
4170	-296.1004	-381.0901	84.98969	1.881226	0.7866104
4176	-297.2003	-382.2112	85.0109	1.779201	0.8871641
4182	-303.0141	-387.1683	84.15421	1.048398	2.115399
4188	-302.5022	-386.0717	83.56947	0.9455448	2.553257
4194	-306.1987	-391.0195	84.82088	1.724265	1.131106
4200	-296.373	-381.4401	85.0671	1.559412	1.056128
4206	-294.7591	-379.3468	84.58776	1.514043	1.490852
4212	-298.0615	-383.2273	85.16577	1.514043	1.004338
4218	-297.1696	-382.2377	85.06801	1.610741	1.005392
4224	-297.9382	-383.2221	85.28387	1.578764	0.7978326
4230	-298.3789	-383.8263	85.44738	1.247291	0.989431
4236	-289.5764	-374.8858	85.30938	1.267065	1.102765
4242	-295.3996	-380.2808	84.88113	1.588337	1.197434
4248	-302.6714	-387.4593	84.78786	1.68161	1.197434
4254	-302.2124	-387.008	84.79556	1.673914	1.197434
4260	-301.1051	-385.9421	84.83701	1.63246	1.197434
4266	-295.2803	-380.1456	84.86535	1.375659	1.384099
4272	-290.1837	-373.8433	83.65957	1.291354	2.278339
4278	-299.7758	-384.9039	85.12805	1.017824	1.457502
4284	-301.3099	-386.3248	85.01491	1.494376	1.162895
4290	-290.5836	-375.6759	85.09225	1.586305	1.005584
4296	-296.1983	-381.5044	85.3061	1.650805	0.6421936
4302	-305.2179	-390.1415	84.92369	1.951524	0.7806781
4308	-298.3457	-383.4904	85.14473	1.82895	0.5989677
4314	-307.9007	-392.9234	85.02266	1.822843	0.8202618
4320	-305.5429	-390.474	84.93104	1.505208	1.225718
4326	-303.6765	-388.5599	84.88337	1.398765	1.351691
4332	-296.9141	-381.6962	84.78216	1.398765	1.430698
4338	-300.2738	-384.9908	84.71701	1.742886	1.205632
4344	-312.9917	-397.505	84.51325	1.773673	1.347884
4350	-308.7575	-393.7392	84.98168	1.20609	1.425431
4356	-309.1836	-394.0919	84.90836	1.279413	1.425431
4362	-303.003	-387.8391	84.83608	1.53037	1.283744
4368	-295.9928	-380.8926	84.89975	1.389446	1.346082
4374	-296.6431	-381.8753	85.23222	1.559575	0.8852312
4380	-306.8504	-391.7781	84.92772	1.559575	1.182065
4386	-306.6051	-391.5399	84.93476	2.026266	0.6326289
4392	-312.8233	-397.942	85.11872	1.872286	0.5005038
4398	-315.2843	-399.9893	84.70501	1.26935	1.585276
4404	-306.434	-391.814	85.38004	1.156003	1.139237
4410	-296.4466	-381.5909	85.14433	1.391712	1.139237
4416	-298.7923	-384.4506	85.65831	1.129618	0.8896492
4422	-287.7436	-372.6232	84.87957	1.209885	1.500128
4428	-291.625	-376.495	84.87003	1.082473	1.601209
4434	-290.0293	-375.103	85.07372	1.167253	1.384131
4440	-290.4025	-375.4194	85.01685	1.534924	1.125154
4446	-289.2786	-374.2638	84.98517	1.482067	1.199348
4452	-292.3446	-377.2743	84.92969	2.053533	0.440169
4458	-292.62	-377.2608	84.64073	1.76047	1.255077
4464	-295.3502	-380.2742	84.92397	1.477236	1.255077
4470	-300.5123	-385.6824	85.17012	1.467812	1.045229
4476	-298.9851	-383.5533	84.56827	1.119369	1.789122
4482	-292.1203	-376.6696	84.54926	1.269843	1.696941
4488	-293.8039	-378.9242	85.1204	1.855163	0.5931209
4494	-294.5631	-379.7789	85.21575	1.630037	0.8199035
4500	-290.7634	-375.6577	84.89429	2.077612	0.604211
4506	-298.0041	-382.5796	84.57551	2.399391	0.4155364
4512	-301.0649	-385.9652	84.90035	1.96974	0.7877357
4518	-301.0343	-386.1411	85.10682	1.878942	0.5529948
4524	-299.6979	-384.5914	84.89353	2.096863	0.5177884
4530	-315.7437	-400.4427	84.69904	1.329037	1.545817
4536	-313.5654	-398.5097	84.9443	1.798919	0.938996
4542	-311.3055	-396.057	84.75147	1.570582	1.31979
4548	-312.9157	-397.5713	84.6556	1.25112	1.634339
4554	-311.1191	-396.1126	84.99348	1.077442	1.513993
4560	-309.3299	-393.7327	84.40287	1.19639	1.850055
4566	-306.0431	-390.175	84.13198	1.318386	1.951091
4572	-306.6112	-391.6763	85.06516	1.56683	1.050913
4578	-303.1769	-388.4498	85.27294	1.553022	0.8447255
4584	-310.3167	-395.4685	85.15184	1.353614	1.16625
4590	-302.5338	-387.5137	84.97986	1.463828	1.219424
4596	-315.3992	-399.9436	84.54441	1.463828	1.560449
4602	-317.4162	-402.0845	84.66833	1.281199	1.60337
4608	-309.9455	-394.478	84.5325	1.417025	1.60337
4614	-307.2997	-391.8918	84.59213	1.590144	1.429664
4620	-299.5472	-383.957	84.40982	1.030742	1.957677
4626	-297.7057	-382.5897	84.88407	1.043508	1.619284
4632	-296.7664	-382.0125	85.24604	1.016932	1.366848
4638	-292.2263	-377.2196	84.99334	1.269625	1.366848
4644	-301.0816	-385.974	84.89246	2.096977	0.4724316
4650	-292.0171	-377.1277	85.11061	1.871707	0.5688759
4656	-289.8343	-374.8764	85.04212	1.672135	0.9694294
4662	-294.4793	-379.5565	85.07723	1.34622	1.236494
4668	-291.1214	-375.8514	84.73005	1.712591	1.220308
4674	-291.8511	-376.4757	84.6246	1.252989	1.655264
4680	-294.2532	-378.6866	84.43343	1.740416	1.436135
4686	-299.8293	-384.0147	84.18543	1.23876	1.968661
4692	-297.3858	-382.0051	84.61928	1.42451	1.534182
4698	-299.805	-384.9977	85.19272	0.9964478	1.424353
4704	-295.6839	-380.819	85.1351	1.401588	1.138663
4710	-296.2994	-381.0193	84.71987	1.486373	1.411163
4716	-295.2518	-379.9222	84.67046	1.535788	1.411163
4722	-294.7656	-379.8115	85.04594	1.61893	1.01911
4728	-299.3211	-383.4216	84.10052	0.9264734	2.229462
4734	-292.2795	-377.4292	85.14976	1.646054	0.8805957
4740	-290.3023	-375.4327	85.13043	1.325405	1.209099
4746	-286.0858	-371.2493	85.16347	1.754819	0.715657
4752	-282.0544	-367.0207	84.96625	1.896026	0.7983116
4758	-285.0751	-369.9335	84.85837	1.510399	1.281844
4764	-285.7133	-370.7926	85.07931	1.861238	0.6760885
4770	-293.8271	-379.092	85.26494	1.697665	0.6288226
4776	-298.5579	-383.1555	84.59767	1.813743	1.246573
4782	-297.2656	-382.2831	85.01754	1.393873	1.246573
4788	-302.5745	-387.6614	85.0869	1.883164	0.6094545
4794	-300.7594	-385.6452	84.88576	2.088238	0.5980024
4800	-295.692	-380.9064	85.21443	1.466859	1.002861
4806	-295.8258	-381.1367	85.31086	1.504926	0.8570621
4812	-289.649	-374.3774	84.7284	1.425844	1.451127
4818	-286.9977	-371.4376	84.43983	1.095682	1.893552
4824	-310.3325	-395.3585	85.02594	1.377656	1.253082
4830	-299.9848	-384.3259	84.34111	1.123186	1.941719
4836	-294.5849	-379.4383	84.85344	0.9866311	1.682052
4842	-307.0843	-391.8261	84.74184	1.237006	1.582004
4848	-302.5319	-387.2957	84.76375	0.7307687	1.921329
4854	-296.287	-380.1584	83.87143	1.083622	2.275695
4860	-283.698	-368.7057	85.00773	1.519484	1.147088
4866	-284.9429	-369.85	84.90713	1.69319	1.080748
4872	-289.9255	-375.0186	85.09312	1.763293	0.8061021
4878	-285.9842	-370.9322	84.94792	1.657844	1.075665
4884	-288.9193	-372.9971	84.07778	1.252141	2.031507
4890	-295.1317	-379.6719	84.54016	1.391621	1.616241
4896	-292.0098	-376.9001	84.89025	1.864045	0.9270652
4902	-291.5401	-376.3396	84.79943	1.715437	1.157983
4908	-294.3492	-379.2961	84.94693	1.6939	1.042451
4914	-295.1201	-379.6338	84.51371	1.648029	1.445403
4920	-295.1834	-380.247	85.06355	1.577493	1.042252
4926	-297.1587	-381.9083	84.74961	1.197498	1.605123
4932	-297.5305	-382.1018	84.57133	1.558653	1.46957
4938	-299.1708	-384.5223	85.35157	1.618776	0.6086663
4944	-300.3394	-385.5046	85.16518	1.684469	0.8149246
4950	-311.7944	-397.001	85.20652	1.621545	0.8421479
4956	-311.3136	-395.6169	84.30337	1.411484	1.770199
4962	-305.7884	-390.725	84.93667	1.002381	1.610974
4968	-306.5237	-389.9536	83.42989	1.325249	2.402832
4974	-297.4094	-382.4371	85.02769	1.261862	1.345796
4980	-295.5886	-380.6	85.01143	1.278121	1.345796
4986	-302.8335	-387.8446	85.01112	1.293031	1.33415
4992	-301.2886	-386.5147	85.2261	1.566639	0.8841431
4998	-293.2227	-378.4344	85.21177	1.566639	0.9004423
5004	-294.5904	-379.7684	85.17799	1.439554	1.064611
5010	-291.9055	-376.6752	84.76972	1.345734	1.480563
5016	-299.6109	-384.377	84.76603	1.987398	0.9280108
5022	-300.4838	-385.2011	84.71728	2.017221	0.9482729
5028	-303.6994	-388.2187	84.51924	2.163269	1.001645
5034	-309.3843	-394.7095	85.32523	1.351349	1.007556
5040	-309.6686	-394.0812	84.41266	1.185657	1.850705
5046	-304.0192	-388.2839	84.26463	1.084656	2.01865
5052	-306.9486	-392.3118	85.36323	1.459564	0.8486018
5058	-303.3926	-388.0002	84.60752	1.498921	1.487357
5064	-302.7012	-387.8587	85.15746	1.344896	1.168958
5070	-300.8304	-383.9644	83.13404	1.170258	2.68349
5076	-288.2726	-372.9058	84.63316	1.42892	1.520587
5082	-292.1758	-377.0353	84.85956	1.620821	1.188047
5088	-295.9887	-381.3916	85.40286	1.343107	0.936056
5094	-295.236	-380.6043	85.36836	1.377604	0.936056
5100	-289.5273	-374.2516	84.72429	0.8636656	1.857794
5106	-298.5559	-383.0611	84.50526	1.082705	1.857794
5112	-293.8535	-378.5518	84.69833	1.109888	1.704652
5118	-294.2931	-379.0764	84.78336	1.109888	1.644029
5124	-292.6493	-377.5949	84.94557	1.203612	1.454989
5130	-289.9592	-374.3699	84.41071	1.776217	1.426084
5136	-294.4145	-379.5158	85.10133	1.829801	0.6935433
5142	-300.4271	-385.3454	84.91827	1.95471	0.7837631
5148	-297.1008	-381.8998	84.79899	1.790152	1.091106
5154	-300.9052	-385.8062	84.90104	2.085117	0.4523324
5160	-294.1016	-379.0839	84.98232	1.959858	0.35958
5166	-299.6552	-384.5638	84.90854	1.887128	0.8807655
5172	-295.1601	-380.1177	84.95758	1.977364	0.6866204
5178	-291.8054	-376.7162	84.9108	1.857319	0.9119176
5184	-295.5231	-380.7844	85.2613	1.726497	0.5411461
5190	-303.6631	-388.3432	84.68013	2.309707	0.476114
5196	-301.5444	-386.3609	84.81646	2.158934	0.5936339
5202	-296.6405	-381.235	84.59454	2.346167	0.6757889
5208	-298.0106	-383.3542	85.34359	1.597117	0.6757889
5214	-289.2949	-374.5057	85.21078	1.274915	1.183445
5220	-285.8048	-370.6007	84.7959	1.724912	1.152746
5226	-293.4922	-378.6852	85.19303	1.327788	1.152746
5232	-293.5051	-377.9754	84.4703	1.759724	1.392687
5238	-290.9822	-376.0114	85.02923	1.546596	1.103334
5244	-291.2784	-376.6584	85.37999	1.312051	0.9920875
5250	-284.3983	-369.6608	85.26251	1.34362	1.075325
5256	-291.4156	-376.6088	85.19326	1.497274	0.9936057
5262	-283.8823	-368.6122	84.72992	1.96061	0.9936057
5268	-288.3624	-373.8487	85.48627	1.292488	0.9000468
5274	-282.681	-367.8587	85.17771	1.429219	1.074584
5280	-284.3449	-369.4654	85.12043	1.296222	1.242192
5286	-294.7915	-379.1864	84.39486	1.018964	1.975604
5292	-289.1738	-374.2049	85.03111	1.507011	1.137381
5298	-287.61	-372.7219	85.11195	1.337066	1.214903
5304	-290.9866	-376.008	85.02142	1.139968	1.445676
5310	-291.337	-376.3794	85.04239	1.069256	1.483439
5316	-297.5334	-382.1953	84.66198	1.35489	1.554086
5322	-301.1025	-385.9101	84.80763	1.285417	1.497433
5328	-302.2987	-387.3516	85.05298	1.44327	1.174283
5334	-288.4655	-373.584	85.11854	1.860254	0.5822836
5340	-294.1544	-378.799	84.64461	2.334106	0.425636
5346	-293.3241	-378.1817	84.85766	2.065929	0.7067274
5352	-288.6814	-374.0038	85.32245	1.38839	0.9729507
5358	-284.8952	-370.2099	85.31469	1.55335	0.7905467
5364	-295.5152	-380.5907	85.07551	1.7994	0.7810983
5370	-298.6783	-383.6043	84.92599	1.880941	0.8676086
5376	-301.3719	-385.328	83.95611	1.477994	1.962011
5382	-309.3736	-393.277	83.90342	1.11283	2.236382
5388	-310.2414	-394.9721	84.73072	1.041441	1.730082
5394	-305.5753	-389.4309	83.85559	0.3810865	2.724968
5400	-293.95	-378.3414	84.39134	1.905994	1.339594
5406	-287.8655	-372.4747	84.60919	1.909572	1.154557
5412	-286.9776	-372.0712	85.09361	1.695423	0.8883923
5418	-294.0632	-378.8952	84.83197	1.945347	0.9016658
5424	-290.2729	-375.3469	85.074	1.618169	0.9919594
5430	-287.49	-372.4602	84.97021	1.728331	0.9855123
5436	-293.0089	-378.2939	85.28503	1.583314	0.7901321
5442	-287.5393	-372.8561	85.31678	1.466175	0.8953055
5448	-290.2176	-375.4423	85.22462	1.745135	0.6102949
5454	-291.6978	-376.9962	85.29839	1.648961	0.6626437
5460	-288.429	-373.5313	85.1023	1.298749	1.255201
5466	-293.1122	-378.2755	85.16337	1.506543	1.014144
5472	-297.1364	-381.5077	84.37125	1.99106	1.287134
5478	-293.9824	-378.929	84.94658	1.99106	0.6816083
5484	-290.2682	-375.1399	84.87169	2.063313	0.686507
5490	-289.2516	-373.6367	84.38513	2.102321	1.181925
5496	-285.1354	-369.9599	84.82451	1.49037	1.325553
5502	-284.85	-369.9477	85.09768	1.854223	0.6531593
5508	-284.7541	-369.8377	85.08357	1.795204	0.7756872
5514	-286.2448	-371.1744	84.92964	1.282396	1.406675
5520	-290.0826	-375.3451	85.26249	1.39238	1.028876
5526	-291.1167	-376.1691	85.05245	1.244657	1.339777
5532	-283.5329	-368.9886	85.45565	1.399894	0.8072379
5538	-294.897	-380.2824	85.38537	1.473641	0.8026613
5544	-293.7084	-379.0703	85.36193	1.578858	0.6756298
5550	-299.7136	-384.9617	85.24812	1.452907	0.9829806
5556	-300.3284	-384.9395	84.61109	1.079896	1.786796
5562	-304.1863	-388.792	84.60567	0.9949842	1.849104
5568	-302.6154	-387.3484	84.73302	0.9194782	1.813446
5574	-294.4657	-379.4815	85.01577	1.702381	0.9653896
5580	-291.9821	-376.3695	84.38746	1.44711	1.68596
5586	-291.572	-376.4636	84.89157	1.168921	1.52177
5592	-296.7087	-380.3062	83.59756	1.393879	2.252344
5598	-301.6711	-386.7001	85.02895	1.279262	1.330902
5604	-294.4755	-379.1812	84.70573	1.289428	1.570052
5610	-301.7817	-386.3506	84.56885	1.751567	1.321102
5616	-296.3959	-381.3594	84.96344	1.594289	1.119785
5622	-295.6489	-380.5746	84.92575	1.695145	1.061448
5628	-289.5888	-374.6064	85.01761	1.086756	1.488926
5634	-291.6919	-376.6444	84.95253	1.151829	1.488926
5640	-301.4691	-386.0654	84.59629	1.508076	1.488926
5646	-288.6559	-372.3499	83.69393	1.095125	2.381395
5652	-286.0357	-370.8479	84.81227	1.072802	1.649903
5658	-292.2308	-376.8042	84.57338	1.00678	1.863124
5664	-293.9152	-378.9965	85.08129	1.486194	1.110942
5670	-290.3075	-375.6239	85.31639	1.427011	0.9388035
5676	-287.0657	-372.2675	85.20181	1.570158	0.907646
5682	-297.6671	-382.5676	84.90047	1.521816	1.237468
5688	-300.5552	-385.1438	84.5886	1.051652	1.821892
5694	-296.7229	-380.1317	83.40884	0.7794077	2.754588
5700	-299.6818	-384.5588	84.87708	1.120516	1.568267
5706	-298.2252	-382.8579	84.63266	1.669057	1.336097
5712	-299.3828	-384.6228	85.24008	1.525287	0.9149517
5718	-297.2161	-382.0635	84.84741	1.707309	1.1225
5724	-313.3005	-397.3983	84.09778	1.276517	2.002006
5730	-309.9612	-394.6722	84.71094	1.403015	1.481695
5736	-293.1624	-377.8379	84.67556	1.593836	1.361778
5742	-291.0105	-376.3091	85.29866	1.486408	0.8929135
5748	-291.2496	-375.9115	84.66194	1.74616	1.249336
5754	-296.5843	-381.0582	84.47386	1.49619	1.588426
5760	-292.5138	-377.6908	85.17692	1.48036	1.026537
5766	-293.3129	-378.4384	85.12559	1.232301	1.290744
5772	-294.9117	-379.527	84.6153	2.280404	0.3122474
5778	-291.0312	-375.8468	84.81562	1.870282	0.9982544
5784	-291.6688	-376.5944	84.92561	1.548151	1.193747
5790	-305.1072	-389.8242	84.717	2.187493	0.3197951
5796	-309.5394	-394.5083	84.96888	2.018097	0.54627
5802	-308.6595	-393.5055	84.84603	2.134015	0.4295588
5808	-297.9497	-383.1312	85.18151	1.574777	0.9249024
5814	-296.9063	-382.3639	85.45757	1.264814	0.960996
5820	-296.3647	-381.4823	85.11767	1.469527	1.092899
5826	-304.4029	-389.0709	84.66809	1.469527	1.463783
5832	-300.529	-385.6396	85.1106	1.74672	0.8049067
5838	-304.424	-389.8781	85.4541	1.515097	0.6118423
5844	-301.5687	-385.205	83.63633	1.201633	2.350389
5850	-297.1517	-381.7475	84.59579	1.283197	1.654263
5856	-295.1094	-380.3758	85.26641	1.417698	1.000047
5862	-294.9327	-379.6503	84.71763	1.34959	1.516755
5868	-303.6753	-388.6663	84.99102	1.076205	1.516755
5874	-302.0223	-386.306	84.28364	1.543514	1.691232
5880	-302.0032	-386.4091	84.40581	1.42134	1.691232
5886	-304.0223	-388.9258	84.90349	1.7941	0.9864729
5892	-297.1513	-382.1681	85.01677	1.643823	1.023303
5898	-302.0349	-386.251	84.21605	1.509254	1.762908
5904	-296.445	-380.9131	84.46808	1.535009	1.564234
5910	-292.7284	-376.6338	83.90533	1.324203	2.097744
5916	-298.7	-382.3383	83.63835	1.568281	2.112763
5922	-298.3853	-383.2296	84.8443	1.169253	1.556535
5928	-295.0552	-379.9584	84.90318	1.393665	1.339987
5934	-291.2337	-376.4111	85.17742	1.15698	1.309829
5940	-295.4829	-379.9666	84.48371	0.8064976	2.057792
5946	-295.9087	-379.7814	83.87264	0.6246342	2.56428
5952	-298.5192	-381.9287	83.40951	1.087768	2.56428
5958	-291.8685	-376.2003	84.33183	1.039594	2.003917
5964	-296.1497	-381.5284	85.37872	0.9045471	1.350789
5970	-297.2872	-382.3814	85.09411	1.476789	1.10783
5976	-292.4782	-377.75	85.27178	1.437044	0.9750133
5982	-307.3104	-391.7103	84.39985	0.9105842	2.044421
5988	-304.0158	-387.5905	83.57475	1.247597	2.360299
5994	-291.0324	-376.0973	85.06485	1.586627	1.032178
6000	-292.1557	-377.1071	84.95138	1.23091	1.42965
6006	-293.5732	-378.7189	85.14575	1.831803	0.5865878
6012	-295.0049	-380.1303	85.1254	1.827788	0.6503966
6018	-288.0292	-372.8557	84.82641	1.675944	1.168958
6024	-297.3324	-382.0708	84.73845	2.217315	0.3787252
6030	-291.9647	-376.5909	84.62625	2.21802	0.2756699
6036	-295.4179	-380.1906	84.77277	2.182597	0.6456394
6042	-292.0017	-377.2078	85.20604	1.658365	0.7954538
6048	-291.0751	-375.8036	84.72848	1.603679	1.311636
6054	-296.6453	-381.944	85.29876	1.069614	1.282168
6060	-290.7806	-376.0206	85.23999	1.553157	0.883665
6066	-287.8099	-372.2307	84.42081	1.781765	1.414005
6072	-283.4254	-368.1908	84.76534	1.807444	1.10611
6078	-288.5935	-373.3305	84.73701	1.921264	1.025563
6084	-292.7871	-376.5542	83.76705	1.607282	2.00198
6090	-303.9786	-388.0137	84.03502	1.495323	1.897062
6096	-299.6163	-384.3514	84.73508	1.637823	1.278454
6102	-287.9655	-372.7472	84.78167	1.591233	1.278454
6108	-287.4762	-372.7149	85.23875	1.700555	0.6784678
6114	-290.0083	-375.1392	85.13096	1.647107	0.9008174
6120	-291.9178	-375.8133	83.8955	1.158248	2.212195
6126	-300.3525	-384.3282	83.9757	1.903066	1.654423
6132	-294.8111	-379.7072	84.89607	2.027135	0.7073957
6138	-289.864	-374.8969	85.03292	1.943011	0.4181254
6144	-288.627	-373.5907	84.96374	2.018078	0.5709003
6150	-282.9423	-367.7576	84.81523	2.166583	0.5709003
6156	-288.8685	-373.7288	84.86033	2.130618	0.5055608
6162	-291.1357	-376.258	85.12235	1.436406	1.118858
6168	-292.9539	-377.9785	85.02455	1.683586	0.9757183
6174	-300.9592	-385.9973	85.03816	1.820032	0.8037497
6180	-304.0796	-388.7652	84.68566	2.255267	0.6753736
6186	-301.3889	-386.3474	84.95852	1.987517	0.6653142
6192	-288.5864	-373.859	85.27265	1.316817	1.090803
6198	-293.1578	-378.2383	85.0805	1.614042	0.9895651
6204	-292.6442	-377.9058	85.26157	1.225473	1.182284
6210	-289.5307	-374.6202	85.08958	1.397456	1.182284
6216	-290.463	-375.6759	85.21294	1.23722	1.213929
6222	-292.1405	-377.2201	85.0796	1.657567	0.9454471
6228	-289.8968	-375.1862	85.2894	1.178344	1.198917
6234	-293.1306	-376.6135	83.48286	1.183528	2.4587
6240	-291.1024	-376.3615	85.25907	1.675201	0.687852
6246	-294.2022	-379.1096	84.90738	2.055408	0.6283793
6252	-285.3201	-370.5968	85.27667	1.448528	0.9580585
6258	-290.6655	-375.7643	85.09871	1.626483	0.9580585
6264	-297.2691	-382.2687	84.99964	1.971277	0.6070441
6270	-302.8028	-388.0002	85.19734	1.526509	0.9594636
6276	-302.5912	-387.5488	84.95767	1.745204	0.9811078
6282	-291.8326	-376.5883	84.7558	1.625605	1.271461
6288	-287.8921	-372.8258	84.93369	1.798726	0.9504734
6294	-287.8314	-372.2963	84.46495	1.374431	1.682541
6300	-305.7727	-390.9861	85.21347	1.724148	0.6816489
6306	-302.1362	-386.9899	84.85366	1.590252	1.219234
6312	-307.634	-392.3583	84.72439	1.698113	1.237291
6318	-298.3109	-383.3891	85.07814	1.396652	1.192862
6324	-303.3683	-387.8647	84.49637	1.313408	1.703549
6330	-296.8629	-381.9613	85.09842	1.707352	0.8689662
6336	-293.0307	-378.1674	85.13675	1.686974	0.8474631
6342	-299.3219	-384.4806	85.15872	1.56559	0.9589888
6348	-295.5502	-380.6593	85.10906	0.9806275	1.499954
6354	-291.8817	-375.821	83.93933	1.496786	1.96066
6360	-287.6607	-372.8082	85.14746	1.337933	1.183707
6366	-283.3532	-368.545	85.19181	1.457745	1.034037
6372	-292.5031	-377.5656	85.06246	1.767628	0.8396556
6378	-300.3786	-385.32	84.94144	1.532663	1.19345
6384	-298.4166	-383.602	85.18539	1.597406	0.8954857
6390	-294.8578	-379.813	84.95523	1.595657	1.125953
6396	-297.0669	-381.9148	84.84782	0.9925923	1.681808
6402	-294.5244	-378.1451	83.6207	1.054174	2.453373
6408	-296.1449	-380.2717	84.12684	1.350495	1.932928
6414	-294.1917	-379.2641	85.07238	1.841184	0.723397
6420	-296.5672	-381.689	85.12179	1.481036	1.078413
6426	-295.4792	-380.0192	84.53992	1.704115	1.381733
6432	-294.3471	-379.0895	84.74243	1.814616	1.120396
6438	-286.1414	-370.68	84.53858	1.41714	1.598867
6444	-298.8482	-382.5943	83.74612	1.105545	2.341682
6450	-299.591	-383.9287	84.3377	0.7780215	2.172055
6456	-290.8002	-375.8504	85.0502	0.9020729	1.601372
6462	-289.7889	-374.1651	84.37624	1.24514	1.834876
6468	-289.4004	-374.6577	85.25724	1.710079	0.6168721
6474	-291.6645	-376.885	85.22056	1.67365	0.7533898
6480	-293.2228	-378.3958	85.17299	1.67365	0.8188025
6486	-296.443	-381.7633	85.32025	1.414965	0.9475181
6492	-301.5994	-386.5587	84.95934	1.558876	1.155036
6498	-298.3547	-383.4302	85.0755	1.915498	0.4976619
6504	-294.1215	-379.3599	85.23841	1.393396	1.051087
6510	-296.3962	-381.6434	85.2472	1.43677	1.000188
6516	-298.0333	-383.6252	85.59189	1.087321	1.004933
6522	-292.1137	-376.9348	84.8211	1.328823	1.454423
6528	-300.6048	-385.831	85.22621	0.9237155	1.454423
6534	-302.9766	-388.4184	85.44188	1.198821	1.04258
6540	-302.9523	-387.0401	84.08783	0.9930583	2.194644
6546	-297.649	-382.385	84.73595	1.134902	1.660088
6552	-303.7083	-389.1191	85.41086	1.328735	0.942865
6558	-300.0973	-384.7831	84.68582	1.628614	1.325915
6564	-303.7562	-388.1246	84.36837	1.704853	1.512277
6570	-302.4631	-387.3167	84.85358	1.324391	1.432965
6576	-306.2012	-391.2539	85.05272	1.58484	1.045587
6582	-298.6488	-383.7512	85.10235	1.666845	0.9107218
6588	-306.3588	-391.4062	85.04742	1.298667	1.300351
6594	-312.9769	-397.9876	85.01074	1.72485	0.9471169
6600	-307.1395	-392.203	85.06349	1.7486	0.8614886
6606	-302.3578	-387.5092	85.15138	1.694039	0.8203657
6612	-310.7765	-395.4896	84.71305	1.655796	1.281781
6618	-305.1682	-390.3047	85.13646	1.300459	1.225155
6624	-300.7936	-385.7331	84.93946	1.16098	1.491876
6630	-298.9974	-383.7703	84.7729	1.581847	1.293304
6636	-302.4598	-387.2618	84.80198	1.401571	1.41325
6642	-308.0853	-393.1288	85.04348	1.184364	1.394384
6648	-300.5555	-385.5095	84.95399	1.573823	1.146551
6654	-299.6911	-384.2502	84.55905	1.377964	1.612453
6660	-296.927	-382.2733	85.34629	1.294156	1.04282
6666	-304.092	-389.1847	85.09265	1.32975	1.237375
6672	-306.5349	-390.4962	83.9613	1.498694	1.944612
6678	-303.1954	-386.9037	83.70828	1.751713	1.944612
6684	-304.3383	-389.2367	84.89838	1.613255	1.160831
6690	-302.2438	-386.9044	84.66063	1.387853	1.530701
6696	-303.8994	-389.1666	85.26717	1.559852	0.8434328
6702	-295.9109	-380.2975	84.38657	1.584233	1.587875
6708	-295.0613	-380.2649	85.20361	1.694476	0.74757
6714	-297.0693	-382.1157	85.04641	1.60504	1.032201
6720	-295.4153	-379.7493	84.33402	1.717241	1.52864
6726	-290.7984	-375.1912	84.39278	1.94582	1.306426
6732	-293.358	-376.9421	83.58415	1.763119	2.019994
6738	-291.3987	-376.3452	84.94649	1.554688	1.169982
6744	-292.9024	-377.829	84.92657	2.004891	0.6929517
6750	-294.0652	-379.1206	85.05532	1.214731	1.361262
6756	-292.5625	-377.3641	84.80162	1.368896	1.438686
6762	-289.8974	-375.1229	85.22548	1.713683	0.6787338
6768	-288.6844	-373.5768	84.89236	1.863329	0.9255578
6774	-302.8242	-388.108	85.28385	1.457279	0.9412368
6780	-296.4591	-381.3924	84.93321	1.090302	1.549191
6786	-295.8975	-381.1085	85.21095	1.547055	0.9230341
6792	-293.5292	-378.4911	84.96192	1.88839	0.8140715
6798	-295.1666	-380.2293	85.06265	1.687689	0.9313494
6804	-297.3908	-382.4682	85.07739	1.900685	0.5847776
6810	-292.186	-377.1642	84.97816	1.622315	1.080603
6816	-295.0195	-380.1652	85.14568	1.224407	1.280761
6822	-295.5697	-380.2384	84.66874	1.320795	1.574178
6828	-289.2773	-374.0522	84.77483	1.18433	1.596363
6834	-293.734	-378.7393	85.00536	1.202488	1.409919
6840	-297.1087	-382.1934	85.08471	1.712112	0.8794206
6846	-299.4586	-384.098	84.63944	1.884647	1.149857
6852	-304.1975	-389.1983	85.00072	1.523358	1.149857
6858	-295.5581	-380.7165	85.15843	1.370825	1.145271
6864	-290.016	-375.1763	85.16028	1.316766	1.190919
6870	-295.8085	-380.0623	84.25377	1.337192	1.855737
6876	-293.046	-377.6434	84.59739	1.374092	1.587381
6882	-295.3177	-380.4595	85.1418	1.44404	1.094143
6888	-292.9752	-378.0928	85.1176	1.484478	1.079109
6894	-285.1748	-370.3606	85.18586	1.516898	0.9812183
6900	-290.0098	-374.3699	84.36009	1.122893	1.929118
6906	-284.8657	-369.8917	85.02608	1.368919	1.260223
6912	-283.602	-368.6062	85.00417	1.167485	1.437817
6918	-291.9454	-375.7747	83.82925	1.414203	2.088598
6924	-293.377	-377.8662	84.48922	0.7075521	2.119216
6930	-292.3664	-377.035	84.66855	1.074529	1.750485
6936	-291.6025	-376.0159	84.41344	1.159922	1.867771
6942	-286.9522	-371.2607	84.3085	1.264868	1.867769
6948	-284.7242	-369.7326	85.00841	1.285884	1.342017
6954	-289.2613	-374.2221	84.96079	0.982681	1.607765
6960	-286.924	-371.6358	84.71188	1.640148	1.295519
6966	-288.492	-373.8693	85.37723	1.289217	1.017559
6972	-291.2313	-376.5508	85.3195	1.309328	1.053927
6978	-289.646	-374.7179	85.07187	1.414708	1.182683
6984	-296.6924	-381.7643	85.07187	1.414708	1.182683
6990	-293.2251	-377.8116	84.58651	1.226461	1.701283
6996	-298.4355	-383.0318	84.59638	1.605044	1.414893
7002	-294.8998	-379.5633	84.66353	0.8284985	1.923009
7008	-292.814	-377.0846	84.27055	1.251616	1.902611
7014	-295.1679	-380.278	85.11011	1.342131	1.212162
7020	-294.2616	-379.213	84.9514	1.436587	1.266029
7026	-289.5421	-374.3238	84.78175	1.132212	1.629118
7032	-290.0926	-374.998	84.9054	1.008565	1.629118
7038	-295.698	-380.7177	85.01976	0.888862	1.632966
7044	-292.6415	-377.1465	84.50503	1.048326	1.881414
7050	-301.9355	-387.1742	85.2387	1.507728	0.93556
7056	-307.4525	-392.4427	84.99028	1.931907	0.7091229
7062	-300.1928	-385.3255	85.1327	1.729342	0.7986271
7068	-303.5431	-388.3153	84.77225	1.654659	1.233592
7074	-314.5762	-399.4533	84.87708	1.820983	0.9859994
7080	-313.3986	-398.4552	85.05663	1.90927	0.6205831
7086	-310.1434	-395.0569	84.91355	1.978909	0.7559835
7092	-311.7635	-396.6227	84.8592	2.045937	0.73678
7098	-301.9095	-386.6451	84.73551	2.196052	0.6927702
7104	-294.4467	-379.4192	84.97257	2.016695	0.4710008
7110	-295.8126	-380.8203	85.00768	1.625725	1.049562
7116	-295.6579	-380.6046	84.94672	1.416582	1.286325
7122	-299.3346	-384.2166	84.88204	1.490151	1.279039
7128	-296.3866	-381.1191	84.73243	1.423356	1.449949
7134	-294.9496	-380.0956	85.14596	1.630449	0.9026847
7140	-299.8314	-385.1788	85.34735	1.449417	0.879486
7146	-294.6497	-379.9985	85.34882	1.331842	1.003489
7152	-288.2859	-373.3846	85.09872	1.655638	0.9270022
7158	-291.7648	-376.7906	85.02577	1.74619	0.9076549
7164	-289.2964	-374.2095	84.91316	1.331222	1.38146
7170	-297.277	-381.3049	84.02793	1.109645	2.157844
7176	-295.3553	-379.6545	84.29915	0.7403569	2.221395
7182	-299.6714	-383.6668	83.99547	1.264705	2.077597
7188	-295.5076	-380.6968	85.18917	1.348932	1.137401
7194	-301.7774	-387.1353	85.35799	1.45065	0.8655887
7200	-298.9437	-383.6749	84.73123	1.530204	1.368062
7206	-299.5667	-384.6153	85.04866	1.691947	0.9417937
7212	-300.4428	-385.7447	85.30189	1.391264	0.9909608
7218	-295.6613	-380.8488	85.18754	1.545167	0.9501717
7224	-296.2815	-381.4497	85.16825	1.757885	0.702358
7230	-299.3074	-384.2829	84.97554	1.658539	1.048924
7236	-297.1251	-382.1612	85.03609	1.855153	0.7577667
7242	-299.5214	-384.4411	84.91964	2.030697	0.6564741
7248	-287.8814	-372.8164	84.935	1.413662	1.29826
7254	-293.1069	-378.3493	85.24241	1.5929	0.8331535
7260	-293.0837	-377.9414	84.85765	1.69515	1.124226
7266	-299.0084	-384.0692	85.06076	1.614754	1.008611
7272	-300.3076	-385.3895	85.08189	1.320883	1.253773
7278	-299.3419	-384.4034	85.0615	1.443406	1.166732
7284	-292.7573	-378.0213	85.26398	1.241643	1.166104
7290	-292.1409	-375.9658	83.8249	1.081295	2.306944
7296	-295.5613	-379.9609	84.39964	1.124885	1.90101
7302	-291.7	-376.0996	84.39964	1.124885	1.90101
7308	-296.7036	-381.1032	84.39964	1.124885	1.90101
7314	-290.8842	-375.2839	84.39964	1.124885	1.90101
7320	-294.4924	-378.892	84.39964	1.124885	1.90101
7326	-294.1276	-378.5272	84.39964	1.124885	1.90101
7332	-292.4416	-376.8413	84.39964	1.124885	1.90101
7338	-292.9738	-377.3734	84.39964	1.124885	1.90101
7344	-291.4794	-375.879	84.39964	1.124885	1.90101
7350	-298.6355	-383.0351	84.39964	1.124885	1.90101
7356	-294.3759	-378.7755	84.39964	1.124885	1.90101
7362	-304.3665	-388.4388	84.07223	1.452291	1.90101
7368	-295.6062	-380.575	84.96882	1.402518	1.279737
7374	-299.4218	-384.357	84.93513	1.436209	1.279737
7380	-304.8643	-389.5425	84.67828	1.441377	1.477391
7386	-297.8732	-383.2119	85.3387	1.64963	0.5374931
7392	-304.6902	-390.0136	85.32344	1.614179	0.6816462
7398	-300.5474	-385.983	85.43565	1.515588	0.6545805
7404	-299.0035	-384.1658	85.16237	1.597884	0.9205735
7410	-303.0548	-388.4169	85.3621	1.597884	0.6351005
7416	-293.6477	-378.6842	85.0365	1.905442	0.6734118
7422	-295.8256	-381.0708	85.24512	1.741819	0.5464824
7428	-292.2027	-377.4103	85.20761	1.740789	0.6605013
7434	-297.9144	-383.052	85.13764	1.809012	0.6640599
7440	-299.2208	-383.7432	84.52236	2.418137	0.3574534
7446	-294.1289	-379.0651	84.93617	1.989139	0.7037837
7452	-298.0208	-382.9148	84.894	1.149351	1.534507
7458	-298.0144	-382.5036	84.48918	1.270049	1.739167
7464	-293.1104	-377.7962	84.68586	2.059845	0.9363406
7470	-293.1721	-378.0852	84.91304	2.059845	0.6013267
7476	-295.7987	-380.7117	84.91304	2.059845	0.6013267
7482	-301.1372	-386.0502	84.91304	2.059845	0.6013267
7488	-299.1631	-384.0761	84.91304	2.059845	0.6013267
7494	-304.0378	-389.1392	85.10141	1.871476	0.6013267
7500	-311.4019	-395.934	84.53215	2.031604	1.114327
7506	-296.2838	-381.4294	85.14562	1.597723	0.9388695
7512	-303.1232	-387.9522	84.82896	2.009279	0.8294838
7518	-306.7219	-391.8721	85.15028	1.500336	1.03301
7524	-306.3805	-390.9762	84.59566	1.017245	1.8407
7530	-297.4813	-382.0524	84.57111	1.172481	1.750131
7536	-292.867	-378.0948	85.22788	1.181646	1.248143
7542	-291.7426	-376.6442	84.90156	1.383896	1.349057
7548	-299.693	-384.1566	84.46357	1.325007	1.718523
7554	-314.8715	-399.7655	84.89397	1.306445	1.415676
7560	-315.2255	-400.4143	85.18881	1.618948	0.86663
7566	-307.5766	-392.795	85.21832	1.770401	0.5345868
7572	-304.2149	-389.3667	85.15183	1.73838	0.7592863
7578	-304.1591	-388.1458	83.98665	1.545402	1.8959
7584	-299.1326	-382.7329	83.60025	0.9575264	2.526634
7590	-304.9996	-389.5925	84.59298	1.386021	1.581889
7596	-311.1718	-396.5467	85.37489	1.283575	1.025377
7602	-311.735	-397.1373	85.4023	1.282552	0.9993051
7608	-306.1138	-391.2958	85.18197	1.502885	0.9993051
7614	-306.6255	-391.8746	85.24915	1.61535	0.7953301
7620	-297.1673	-382.2639	85.09656	1.535819	1.050548
7626	-301.1736	-385.3735	84.19988	1.347004	1.885819
7632	-299.6361	-384.6365	85.00046	1.671155	1.012468
7638	-287.8546	-373.0794	85.22476	1.492547	0.9662661
7644	-286.1253	-371.2934	85.16812	1.465102	1.04974
7650	-294.0849	-379.6191	85.53419	1.333528	0.7909756
7656	-298.9799	-383.8165	84.83664	1.333528	1.438952
7662	-291.122	-376.0031	84.88109	1.23565	1.479591
7668	-292.6724	-377.7642	85.09182	1.360379	1.212197
7674	-294.3019	-379.2819	84.98006	1.851727	0.8375454
7680	-296.0838	-381.1253	85.04153	1.241002	1.351375
7686	-294.6567	-379.3272	84.67056	1.266334	1.612536
7692	-293.4916	-378.2555	84.76387	1.05254	1.698849
7698	-300.0999	-385.1245	85.02455	1.590944	1.066546
7704	-296.0083	-381.184	85.17566	1.4163	1.088495
7710	-298.9916	-384.0627	85.07115	1.755845	0.8434554
7716	-298.1467	-383.2514	85.10472	1.605908	0.9731633
7722	-300.5817	-384.4788	83.89713	1.476404	2.002513
7728	-294.9409	-378.6422	83.70126	0.9245028	2.484166
7734	-298.0046	-383.133	85.1284	1.610842	0.9432444
7740	-294.5671	-379.4266	84.85942	1.509077	1.282068
7746	-289.9841	-373.9433	83.9592	1.443387	1.983123
7752	-295.2404	-379.7474	84.50691	1.260353	1.733529
7758	-288.9478	-373.7123	84.76453	1.4703	1.388929
7764	-291.9342	-376.8643	84.93015	1.509075	1.223204
7770	-301.5104	-386.2646	84.75427	1.397641	1.452909
7776	-298.0139	-382.9525	84.9386	1.717759	1.027427
7782	-298.604	-383.002	84.39801	1.45991	1.66933
7788	-289.5511	-374.7165	85.16534	1.78002	0.6666597
7794	-300.1855	-385.1178	84.93224	1.667345	1.08143
7800	-299.7822	-384.9537	85.17153	1.208549	1.272553
7806	-297.2207	-381.8293	84.60858	1.282342	1.645699
7812	-295.0829	-380.145	85.06206	1.28888	1.296408
7818	-302.802	-387.6443	84.84233	1.076527	1.625585
7824	-302.7714	-387.8949	85.12355	1.511788	1.047716
7830	-296.6811	-381.6272	84.94614	1.416077	1.287211
7836	-298.6887	-383.3261	84.63742	1.250168	1.648099
7842	-299.9192	-384.5823	84.66319	1.340312	1.563932
7848	-294.0586	-379.1498	85.09125	1.557407	1.034906
7854	-298.6396	-383.7354	85.09583	1.834968	0.69414
7860	-298.423	-383.4192	84.99628	1.990838	0.4571437
7866	-298.0327	-383.2068	85.17414	1.69899	0.7835633
7872	-295.1826	-380.2431	85.06056	1.853729	0.7222242
7878	-302.8521	-388.044	85.19186	1.79008	0.5703833
7884	-302.2058	-386.7399	84.53413	2.445912	0.4295418
7890	-296.9362	-381.692	84.7558	2.211131	0.3981422
7896	-303.6118	-388.4786	84.86681	2.1242	0.4998604
7902	-313.3192	-398.4347	85.11553	1.847534	0.6277113
7908	-306.813	-391.9769	85.16387	1.614036	0.9009989
7914	-305.1159	-389.8141	84.6982	1.620562	1.32244
7920	-304.3033	-389.3758	85.07251	1.564944	1.04569
7926	-296.7745	-381.931	85.15651	1.657197	0.8595561
7932	-296.8162	-381.9078	85.09157	1.179151	1.360729
7938	-304.1514	-389.2247	85.07328	1.768885	0.8245141
7944	-304.5996	-389.7818	85.18224	1.573517	0.9254754
7950	-307.3312	-391.9512	84.61995	1.701539	1.32024
7956	-299.7703	-384.5311	84.76088	1.372948	1.466657
7962	-299.9601	-385.0267	85.06666	1.520706	1.092744
7968	-295.7811	-381.0789	85.29775	1.520706	0.8538482
7974	-299.1539	-384.1887	85.03482	1.935492	0.6087399
7980	-301.472	-386.239	84.76694	1.880491	1.036092
7986	-299.82	-384.9093	85.08929	1.63853	0.9553123
7992	-295.1919	-380.305	85.11309	1.786432	0.7454016
7998	-289.2129	-374.2151	85.00215	1.878824	0.7725848
8004	-287.8242	-373.0443	85.22013	1.64851	0.7897216
8010	-296.0373	-380.8198	84.78251	1.446904	1.393161
8016	-293.6122	-376.9509	83.33871	1.267708	2.496271
8022	-291.4606	-375.9495	84.48889	1.309013	1.711939
8028	-296.0049	-380.9549	84.94995	1.914009	0.7960534
8034	-293.4768	-378.6479	85.17109	1.780062	0.654766
8040	-291.6609	-376.8813	85.22045	1.766126	0.5485778
8046	-296.3037	-381.5072	85.20343	1.760167	0.6263976
8052	-296.0854	-381.0791	84.99369	1.76815	0.9188307
8058	-299.9649	-385.2862	85.32126	1.302704	1.058546
8064	-301.4789	-386.6961	85.21721	1.200407	1.241386
8070	-294.9308	-380.3282	85.39741	1.476412	0.7825981
8076	-304.3359	-388.9777	84.64178	1.592017	1.389737
8082	-296.2162	-381.4992	85.28296	1.176314	1.206167
8088	-294.2549	-379.3949	85.13999	1.617974	0.9230689
8094	-292.6534	-377.6725	85.01906	1.477659	1.173878
8100	-295.7622	-380.5108	84.74863	1.741133	1.179922
8106	-288.7835	-373.7029	84.91937	2.05101	0.6085574
8112	-291.7029	-376.7182	85.01531	1.932569	0.6615627
8118	-297.8258	-383.0928	85.26699	1.652425	0.7137788
8124	-302.0502	-387.258	85.2078	1.698907	0.7343136
8130	-300.6686	-385.6393	84.9707	1.861997	0.836415
8136	-303.1122	-388.0881	84.97594	1.632654	1.073025
8142	-309.063	-394.1928	85.12982	1.830572	0.6341537
8148	-301.4461	-386.066	84.61986	1.383415	1.564095
8154	-299.1996	-384.3259	85.12634	1.200975	1.31555
8160	-292.5233	-377.6733	85.14998	1.113287	1.366614
8166	-292.7183	-377.7996	85.08133	1.416227	1.173147
8172	-302.4557	-387.2172	84.76144	1.720077	1.187059
8178	-299.809	-384.9184	85.10942	1.720077	0.8403793
8184	-301.9138	-387.2779	85.36404	1.31281	1.007279
8190	-295.1879	-380.4705	85.28264	1.633846	0.7186407
8196	-306.4591	-391.5951	85.136	1.794445	0.6947696
8202	-300.1978	-385.324	85.12626	1.401232	1.146836
8208	-300.3395	-385.1871	84.8476	1.512314	1.289089
8214	-298.7808	-383.9731	85.19231	1.512314	0.9793164
8220	-296.1717	-381.4112	85.23951	1.526752	0.9139652
8226	-296.537	-381.7982	85.26125	1.551184	0.8610716
8232	-295.2266	-379.9742	84.74757	2.148795	0.3127985
8238	-303.169	-387.4311	84.26206	2.386527	0.1915906
8244	-311.5238	-394.8751	83.35132	1.584387	2.288083
8250	-305.4881	-389.7513	84.26321	2.422617	0.20376
8256	-312.8394	-397.6056	84.76626	2.170875	0.6825507
8262	-304.1015	-388.8834	84.78193	1.919022	0.9830597
8268	-307.9735	-392.5063	84.53279	0.919806	1.949593
8274	-300.1355	-385.0225	84.88705	0.8581986	1.748968
8280	-300.9968	-385.849	84.85216	1.762963	1.066894
8286	-298.912	-384.1276	85.21553	1.287428	1.168432
8292	-295.5773	-380.9826	85.40527	1.395146	0.8752522
8298	-293.9032	-378.5265	84.62331	1.371933	1.569991
8304	-292.4037	-376.2576	83.85393	1.293224	2.151609
8310	-298.3314	-383.5478	85.21638	1.178595	1.260241
8316	-296.2995	-381.6065	85.30699	1.378426	0.9987443
8322	-298.6986	-383.9065	85.20789	1.337274	1.131085
8328	-294.2811	-379.1199	84.83885	1.79237	1.051648
8334	-300.5012	-385.6467	85.14552	1.677091	0.848822
8340	-293.217	-378.3421	85.12511	1.51478	1.043356
8346	-289.5842	-374.8001	85.21593	1.423957	1.043356
8352	-292.8613	-378.2272	85.36589	1.588777	0.6471786
8358	-300.9733	-386.0369	85.06365	1.831331	0.7522333
8364	-296.641	-381.7212	85.08021	1.640055	0.963204
8370	-287.5837	-372.566	84.98232	1.605486	1.092332
8376	-294.6661	-379.6508	84.98473	0.9410901	1.620552
8382	-293.2659	-377.7872	84.52131	1.084034	1.845887
8388	-292.9269	-376.5584	83.63151	0.9709281	2.498756
8394	-293.3946	-378.286	84.89136	1.37008	1.368057
8400	-298.2749	-382.4285	84.15363	1.466046	1.836048
8406	-299.6662	-384.5147	84.84858	1.670519	1.154257
8412	-294.0047	-379.2387	85.23397	1.670519	0.7377751
8418	-301.768	-386.9411	85.17308	1.64267	0.8571053
8424	-294.5123	-379.3541	84.84181	1.564577	1.250766
8430	-297.7971	-382.4912	84.69409	2.215883	0.7291576
8436	-297.9974	-382.7008	84.70339	1.792133	1.174914
8442	-302.1312	-387.3153	85.1841	1.552612	0.9459297
8448	-297.238	-382.6671	85.42914	1.16461	1.086847
8454	-294.9852	-379.6807	84.69551	1.440777	1.464791
8460	-292.8375	-377.6004	84.76283	1.373463	1.464791
8466	-294.5929	-379.3021	84.70917	1.235474	1.606917
8472	-303.1609	-387.5653	84.40446	1.121525	1.900016
8478	-300.4723	-385.0493	84.57703	1.311256	1.647596
8484	-301.5317	-386.8377	85.30598	1.411709	0.9658692
8490	-300.0646	-385.1571	85.09259	1.485481	1.101277
8496	-293.7723	-378.7448	84.97249	1.588123	1.117171
8502	-303.7592	-388.5912	84.83198	1.511369	1.302575
8508	-305.3699	-390.3222	84.95232	2.032113	0.5595567
8514	-300.2606	-385.6159	85.35531	1.531498	0.764238
8520	-305.5132	-390.4716	84.95838	1.888256	0.8188091
8526	-303.5813	-388.7631	85.18185	1.799477	0.5728409
8532	-296.2237	-381.41	85.18625	1.76998	0.6437224
8538	-295.6723	-380.8009	85.12852	1.7893	0.7164281
8544	-298.12	-383.4153	85.29535	1.576697	0.7850529
8550	-292.6227	-377.6911	85.06837	1.854052	0.7087225
8556	-292.7844	-377.7493	84.96486	1.855745	0.8512613
8562	-298.3462	-383.4201	85.07386	1.75165	0.8452781
8568	-293.8563	-378.6985	84.84225	1.786963	1.053562
8574	-299.7471	-384.5517	84.80462	1.407367	1.406714
8580	-296.5086	-381.4689	84.96031	1.251677	1.406714
8586	-295.9437	-381.2308	85.28712	1.467854	0.9263333
8592	-296.0557	-380.8732	84.81756	2.008229	0.8449416
8598	-301.0298	-385.9984	84.96856	2.008229	0.5891199
8604	-298.6838	-383.6795	84.99564	1.981149	0.5891199
8610	-293.0549	-378.1052	85.05027	1.934486	0.5580071
8616	-291.2297	-376.5239	85.29416	1.649785	0.6694795
8622	-287.8929	-372.7694	84.87647	1.291318	1.440777
8628	-291.0034	-375.9861	84.98268	1.185104	1.440777
8634	-294.9498	-380.16	85.21014	1.589689	0.8759303
8640	-289.7011	-374.7197	85.01862	1.313412	1.311743
8646	-292.9529	-377.334	84.38109	1.16797	1.884335
8652	-295.6358	-380.5568	84.92094	0.9921706	1.62973
8658	-301.161	-385.9872	84.82621	1.527505	1.294149
8664	-301.8269	-387.0405	85.21361	1.711961	0.7033262
8670	-291.7584	-376.9409	85.18256	1.479575	1.021794
8676	-289.7617	-375.1427	85.38101	1.481974	0.7973634
8682	-297.2008	-382.3286	85.12788	1.214095	1.30369
8688	-295.7684	-380.7719	85.00352	1.57122	1.104329
8694	-299.0942	-384.2889	85.19475	1.57122	0.914291
8700	-287.656	-373.0219	85.36583	1.451068	0.855727
8706	-287.5586	-372.8676	85.30901	1.451068	0.9207694
8712	-292.2463	-377.3449	85.09859	1.36208	1.20497
8718	-287.7344	-372.9293	85.19492	1.586374	0.8971818
8724	-290.7581	-376.0837	85.32561	1.452645	0.9006121
8730	-293.8573	-378.6939	84.83658	1.677692	1.158512
8736	-296.3381	-380.9786	84.64057	1.300364	1.609607
8742	-297.9759	-383.1908	85.21489	1.482203	0.9869843
8748	-298.4194	-383.3676	84.94819	2.00118	0.6584943
8754	-297.3085	-382.5766	85.26805	1.394756	1.021131
8760	-297.0975	-382.3142	85.21669	1.394756	1.070347
8766	-302.1088	-387.3683	85.25944	1.446353	0.9781267
8772	-298.0688	-383.3016	85.23282	1.472974	0.9781267
8778	-304.1832	-389.3526	85.16933	1.540261	0.9742317
8784	-302.344	-387.4503	85.1063	1.872166	0.5834514
8790	-313.6345	-397.9624	84.32796	2.373031	0.2090914
8796	-317.9835	-402.5278	84.54431	2.33824	0.3017868
8802	-317.3736	-401.9906	84.61696	1.232916	1.67507
8808	-306.5187	-391.412	84.89328	1.676622	1.108739
8814	-313.4063	-398.5825	85.17619	1.780174	0.6434085
8820	-302.3946	-387.6004	85.20576	1.71699	0.7081701
8826	-309.3731	-393.9556	84.58251	1.399068	1.580005
8832	-302.7334	-387.6744	84.94095	1.444064	1.268485
8838	-310.2792	-395.621	85.34175	1.366784	0.9753105
8844	-292.4624	-377.6003	85.13795	1.18673	1.317676
8850	-294.501	-379.4014	84.90038	1.424295	1.317676
8856	-297.8278	-382.2152	84.38742	1.218907	1.845213
8862	-306.2007	-390.6948	84.49405	1.112272	1.845213
8868	-304.5128	-389.116	84.60325	1.438235	1.535894
8874	-293.5575	-378.779	85.22146	1.410077	1.05135
8880	-294.8413	-380.1984	85.35718	1.515136	0.7846871
8886	-293.5764	-378.8196	85.24318	1.64441	0.7631036
8892	-294.9634	-379.9313	84.96799	1.654533	1.059907
8898	-300.2853	-385.3434	85.05805	1.71109	0.9107823
8904	-286.9516	-372.0333	85.08174	1.447584	1.145214
8910	-290.1141	-374.3209	84.20676	1.076247	2.062545
8916	-297.9849	-383.2021	85.21719	1.770651	0.4612149
8922	-295.148	-380.35	85.20198	1.690264	0.7562923
8928	-289.8138	-375.0306	85.21678	1.766207	0.5660341
8934	-297.9754	-382.7378	84.76235	1.581148	1.302454
8940	-295.4584	-380.5391	85.08072	1.468788	1.127187
8946	-292.7836	-377.3662	84.58258	1.22373	1.706001
8952	-304.3013	-389.1026	84.8013	2.186644	0.5401658
8958	-298.5283	-383.4393	84.91101	1.994619	0.7360019
8964	-292.7314	-377.7876	85.05615	1.92637	0.568012
8970	-300.4117	-385.3107	84.89908	1.136119	1.540548
8976	-293.7729	-379.0696	85.29676	1.246688	1.132625
8982	-293.2332	-378.5544	85.32125	1.666316	0.5426514
8988	-294.3028	-379.5438	85.24098	1.38285	1.058676
8994	-294.4606	-379.3639	84.9033	1.847118	0.931268
9000	-294.7267	-380.0483	85.32159	1.650894	0.6025161
9006	-295.7305	-381.0635	85.33293	1.397028	0.9530634
9012	-299.0105	-383.3713	84.36081	1.222528	1.860958
9018	-300.8007	-385.3134	84.51268	0.8043282	2.040066
9024	-292.4557	-377.406	84.95036	1.14717	1.494065
9030	-299.7893	-384.7709	84.98164	1.580945	1.115389
9036	-299.7367	-384.6948	84.95811	1.878958	0.8309575
9042	-304.091	-389.2439	85.15283	1.64379	0.8796575
9048	-292.4157	-377.3129	84.89725	1.902083	0.8765064
9054	-301.8051	-387.0795	85.27446	1.387909	1.021558
9060	-304.9021	-389.7638	84.86174	1.7064	1.110343
9066	-309.583	-393.9918	84.4088	1.041442	1.951177
9072	-307.881	-392.0186	84.13752	0.9126021	2.214539
9078	-303.8548	-389.0775	85.22272	1.498174	0.9625508
9084	-309.6288	-394.7374	85.10865	1.730504	0.8283273
9090	-296.8749	-382.3429	85.46796	1.262659	0.9523694
9096	-291.1247	-376.1717	85.04704	1.943971	0.4992517
9102	-299.111	-384.0238	84.91281	2.078199	0.4992517
9108	-298.5594	-383.5016	84.94213	2.00213	0.3622731
9114	-301.2407	-385.8802	84.6395	2.328642	0.6146923
9120	-301.3852	-386.1958	84.81056	1.769794	1.099191
9126	-298.6055	-383.5948	84.98925	1.972105	0.6318465
9132	-300.8117	-386.0567	85.24502	1.716335	0.6318465
9138	-288.6073	-373.9597	85.35244	1.488117	0.8265528
9144	-295.0336	-379.9849	84.9513	1.845842	0.8790569
9150	-291.2411	-375.6319	84.39075	1.457384	1.676308
9156	-291.5204	-376.3144	84.79398	1.256741	1.529036
9162	-297.1831	-381.7377	84.55456	1.274157	1.69012
9168	-300.9179	-384.8917	83.97379	1.326288	2.051273
9174	-302.1108	-387.3944	85.28357	1.575739	0.8022641
9180	-304.7127	-389.5528	84.84006	1.835537	1.008522
9186	-302.9254	-387.5042	84.57879	1.361638	1.609977
9192	-299.988	-385.1907	85.20265	1.014957	1.402351
9198	-302.5057	-386.8905	84.38485	1.420911	1.706391
9204	-308.8459	-393.4476	84.60175	1.39947	1.565602
9210	-294.3505	-379.4289	85.07841	1.319891	1.257489
9216	-296.2598	-381.5774	85.31758	1.280968	1.082395
9222	-293.1179	-378.419	85.30118	1.410088	0.9725032
9228	-300.5772	-385.6615	85.08431	1.884381	0.61322
9234	-297.2366	-382.3795	85.14286	1.445327	1.09198
9240	-286.6712	-372.061	85.38975	1.558098	0.6616429
9246	-288.2357	-373.3132	85.07751	1.829781	0.7334003
9252	-290.8209	-375.8799	85.05899	1.872069	0.6936744
9258	-289.1799	-374.2636	85.0837	1.867707	0.6542201
9264	-287.4815	-372.4838	85.00229	1.667178	1.014586
9270	-294.5525	-379.6433	85.0908	1.724822	0.857261
9276	-295.1885	-380.3743	85.18576	1.603151	0.8885286
9282	-298.8065	-383.3009	84.49436	2.374494	0.7894343
9288	-296.98	-381.5993	84.61934	2.292582	0.7260524
9294	-291.9605	-376.4785	84.51808	1.648867	1.441417
9300	-301.5626	-385.9438	84.38115	1.838094	1.40108
9306	-297.3421	-381.9146	84.57249	1.646751	1.40108
9312	-290.1107	-374.8055	84.69482	1.771124	1.200463
9318	-300.9259	-385.7393	84.81337	1.444472	1.370886
9324	-295.9506	-380.9196	84.96894	1.644992	1.068009
9330	-298.9623	-384.0744	85.11207	1.577707	0.9943645
9336	-298.1664	-383.2835	85.11712	1.544284	1.022509
9342	-299.4301	-384.5072	85.07716	1.605525	1.001473
9348	-307.3903	-391.2644	83.87406	1.359341	2.095203
9354	-304.7969	-389.2668	84.46986	1.283167	1.74352
9360	-303.1376	-387.4628	84.32523	1.094525	1.971635
9366	-309.2662	-393.2276	83.96136	1.094525	2.210817
9372	-310.5584	-394.6508	84.0924	0.9847896	2.197043
9378	-297.6452	-381.8916	84.24637	0.779915	2.22992
9384	-302.2337	-385.8832	83.64951	1.111763	2.39896
9390	-297.5137	-382.3618	84.84812	1.973382	0.8501638
9396	-296.845	-381.6335	84.78851	1.785769	1.104752
9402	-303.5874	-388.4419	84.85457	1.719709	1.104752
9408	-294.4986	-379.8434	85.34478	1.487285	0.837203
9414	-293.8026	-378.9576	85.155	1.75586	0.7277501
9420	-310.3216	-395.4358	85.11421	1.526502	1.04257
9426	-308.7793	-393.2089	84.42968	1.165412	1.852911
9432	-290.1835	-375.4516	85.26811	1.625279	0.7546002
9438	-287.8817	-373.0548	85.17314	1.58936	0.9181135
9444	-293.7312	-377.8482	84.117	1.453156	1.869962
9450	-289.6046	-374.7545	85.14989	1.701907	0.8121344
9456	-292.9865	-377.976	84.98956	1.485404	1.192711
9462	-298.037	-382.3312	84.29418	1.676456	1.588001
9468	-294.3719	-379.3538	84.98185	1.766229	0.9337851
9474	-299.8548	-384.5264	84.67155	1.71328	1.268633
9480	-302.1807	-386.5231	84.34237	1.216466	1.877682
9486	-299.8877	-384.0334	84.14578	1.640431	1.720188
9492	-297.2297	-381.0163	83.7866	1.099343	2.319863
9498	-303.8885	-388.449	84.5605	1.204209	1.73532
9504	-302.3414	-387.4123	85.0709	1.743225	0.8590542
9510	-302.4441	-387.5381	85.094	1.869138	0.6275179
9516	-299.0397	-383.9789	84.93921	1.90414	0.8230086
9522	-299.9431	-384.8153	84.87215	2.015769	0.762626
9528	-301.2625	-386.2946	85.03211	1.849931	0.7710656
9534	-300.008	-384.2144	84.20644	1.528679	1.756051
9540	-304.167	-388.7491	84.58209	1.710098	1.343696
9546	-300.4819	-385.6658	85.18399	1.375611	1.118092
9552	-300.0584	-384.7917	84.73336	1.496201	1.393042
9558	-299.758	-384.4492	84.69118	1.596608	1.3472
9564	-305.9709	-390.3017	84.33078	2.121238	1.212354
9570	-310.0282	-394.2218	84.19364	1.787225	1.580524
9576	-309.3219	-394.1528	84.8309	1.365981	1.418406
9582	-310.2307	-394.6714	84.44066	1.756216	1.418406
9588	-307.9015	-392.7438	84.84223	1.452032	1.342044
9594	-301.0454	-385.0444	83.99904	1.011166	2.240276
9600	-304.2777	-388.9006	84.62285	1.806942	1.231161
9606	-307.8355	-391.206	83.37052	1.0208	2.629891
9612	-300.8014	-385.9025	85.10117	1.265013	1.283961
9618	-299.6087	-383.7423	84.13362	1.18477	2.039152
9624	-294.7144	-379.8505	85.13603	1.307141	1.21986
9630	-299.9389	-384.744	84.8051	1.597383	1.254008
9636	-294.3134	-379.4796	85.16612	1.422854	1.091254
9642	-290.71	-375.6413	84.93131	1.443547	1.276848
9648	-292.653	-377.705	85.05197	1.755196	0.867331
9654	-290.8901	-376.1822	85.29212	1.598416	0.7588026
9660	-290.7298	-376.1596	85.42986	1.381412	0.8624632
9666	-288.3675	-373.262	84.89444	1.291758	1.426639
9672	-294.3418	-379.4196	85.07773	1.591817	1.014503
9678	-290.5839	-375.7217	85.13781	1.438336	1.103042
9684	-297.115	-382.1303	85.01526	1.739057	0.927041
9690	-292.9039	-378.1714	85.26751	1.666309	0.6886793
9696	-288.2335	-373.3482	85.11471	1.234902	1.297486
9702	-286.7394	-371.8959	85.15648	1.700414	0.8054573
9708	-280.9898	-365.9072	84.91737	1.73366	1.032611
9714	-281.6746	-366.7516	85.07697	1.850423	0.7001565
9720	-285.1979	-370.5343	85.33635	1.489456	0.844913
9726	-284.4224	-369.4545	85.03208	1.088356	1.476797
9732	-282.6134	-367.6036	84.99021	1.226249	1.403244
9738	-286.3383	-370.978	84.63972	1.576735	1.403244
9744	-287.154	-370.8649	83.71083	1.215044	2.294373
9750	-290.3089	-375.1556	84.8467	1.554149	1.255369
9756	-299.296	-384.3053	85.00928	1.814891	0.8469127
9762	-298.8153	-383.8569	85.04161	1.497849	1.136191
9768	-307.7169	-393.0731	85.35625	1.396848	0.9283671
9774	-299.4065	-384.3829	84.97646	1.876818	0.8102113
9780	-299.7333	-384.9033	85.17	1.23926	1.248372
9786	-299.7405	-384.1839	84.44333	1.086346	1.897511
9792	-292.1099	-376.882	84.77208	1.264309	1.539667
9798	-303.3664	-388.8174	85.451	1.087453	1.137089
9804	-299.9173	-384.7228	84.80547	2.172234	0.422808
9810	-298.71	-383.5155	84.80547	2.172234	0.422808
9816	-301.7346	-386.4776	84.743	2.234704	0.422808
9822	-301.9414	-386.6162	84.6748	2.314405	0.5306459
9828	-299.2272	-383.6888	84.46161	2.517704	0.427385
9834	-295.8981	-380.6602	84.76212	2.200437	0.3900166
9840	-294.7508	-379.9956	85.24481	1.585928	0.8388444
9846	-287.4323	-372.4233	84.99106	1.181277	1.437293
9852	-288.641	-373.1329	84.4919	1.375645	1.662456
9858	-291.7622	-375.0607	83.2985	1.307788	2.496351
9864	-290.2248	-375.2283	85.00351	0.9873327	1.573223
9870	-287.5923	-371.7678	84.17555	1.161516	2.026764
9876	-291.0753	-375.2641	84.18877	1.115652	2.048396
9882	-291.596	-376.7639	85.16794	1.611164	0.8996558
9888	-290.9516	-376.0391	85.0875	1.383829	1.195842
9894	-287.9251	-372.9538	85.02865	1.452378	1.187483
9900	-285.3904	-370.4888	85.09843	1.625492	0.9593876
9906	-291.5492	-376.6665	85.11725	1.606675	0.9593876
9912	-292.2526	-377.0271	84.77449	1.650344	1.235335
9918	-289.4972	-374.757	85.25981	1.6544	0.722355
9924	-292.7341	-376.9603	84.22625	1.294262	1.903731
9930	-293.0811	-377.2586	84.17753	0.9833195	2.142681
9936	-292.8678	-378.0124	85.14451	1.439729	1.095621
9942	-300.7195	-385.4659	84.74642	1.342421	1.500584
9948	-299.921	-385.1474	85.22647	1.332769	1.118418
9954	-298.5981	-383.8249	85.22684	1.493291	0.9633398
9960	-303.2505	-388.5557	85.3052	1.570997	0.7792977
9966	-307.8929	-392.766	84.87312	1.628359	1.169721
9972	-297.7959	-382.8713	85.07531	1.812951	0.7621223
9978	-298.0125	-383.1119	85.09935	1.860565	0.6352712
9984	-298.7934	-383.7361	84.9427	2.046762	0.4726695
9990	-307.486	-392.4046	84.91861	1.96924	0.3058895
9996	-297.4155	-382.5947	85.17913	1.520873	0.9840274
10002	-297.0423	-382.1803	85.13802	1.376261	1.1585
10008	-293.3491	-378.6291	85.28009	1.38949	1.014472
10014	-291.1706	-376.247	85.07641	1.637303	0.9699828
10020	-291.0868	-374.5873	83.50052	1.179934	2.449868
10026	-295.8603	-380.5044	84.64406	1.931961	1.10316
10032	-288.0618	-373.3476	85.28579	1.262207	1.128549
10038	-289.7138	-374.6315	84.91776	1.595451	1.159447
10044	-292.2306	-377.3578	85.12722	1.66078	0.8895745
10050	-296.0316	-381.1416	85.11005	1.393258	1.168129
10056	-303.8674	-388.3455	84.47801	1.984352	1.203523
10062	-296.5894	-381.6735	85.08402	1.863257	0.6628079
10068	-294.4058	-379.5682	85.16239	1.791381	0.6491377
10074	-297.259	-382.361	85.10197	1.62457	0.9566524
10080	-290.8525	-376.0046	85.1521	1.625042	0.9018637
10086	-298.0686	-383.2009	85.13234	1.574089	0.9774725
10092	-297.3913	-382.6611	85.26986	1.436565	0.9774725
10098	-292.687	-377.7009	85.01394	1.478601	1.177508
10104	-286.9815	-371.3184	84.33693	1.524019	1.667165
10110	-307.0769	-391.8023	84.7254	1.837483	1.115117
10116	-302.0764	-386.6291	84.55277	1.658302	1.407427
10122	-293.357	-377.2696	83.91262	1.21919	2.1616
10128	-298.9663	-383.5013	84.53503	1.594798	1.46969
10134	-303.9004	-388.4669	84.56649	1.758926	1.317078
10140	-290.0022	-375.054	85.0518	1.273616	1.317078
10146	-299.205	-384.4963	85.29131	1.09679	1.265932
10152	-302.8806	-388.1399	85.25935	1.14905	1.249089
10158	-289.154	-374.0059	84.85193	1.167011	1.552559
10164	-290.9475	-374.7702	83.82268	1.447852	2.070772
10170	-282.5157	-367.4619	84.94614	1.440342	1.267271
10176	-291.1919	-375.4264	84.23452	1.431581	1.804043
10182	-288.1863	-372.5508	84.36456	1.387296	1.744342
10188	-289.1897	-373.9615	84.77179	1.156968	1.618426
10194	-292.8534	-377.7504	84.89704	1.232017	1.470273
10200	-286.7044	-371.4721	84.76766	1.355866	1.474466
10206	-293.3209	-378.518	85.19704	1.324398	1.152197
10212	-292.9485	-376.9806	84.03208	1.469181	1.916766
10218	-287.6608	-372.5866	84.92584	1.659324	1.094768
10224	-294.9049	-379.8501	84.94518	1.639981	1.094768
10230	-305.3618	-390.5425	85.18063	1.79216	0.6016085
10236	-307.8996	-392.1706	84.27093	1.789045	1.522157
10242	-328.2667	-412.661	84.39435	0.8278658	2.102544
10248	-307.4666	-392.067	84.60035	1.157599	1.740069
10254	-299.4806	-384.3267	84.84609	1.404175	1.376846
10260	-289.5128	-374.3643	84.85147	1.299563	1.453576
10266	-295.5607	-379.5621	84.00143	1.182423	2.127667
10272	-291.8101	-377.0775	85.26742	1.016669	1.350141
10278	-290.5892	-375.5165	84.92724	1.847741	0.9042758
10284	-299.953	-385.0156	85.06258	1.634131	0.9873647
10290	-297.4079	-381.7867	84.37882	2.566491	0.3636746
10296	-293.5318	-378.3508	84.81898	2.168765	0.5415121
10302	-293.1702	-378.2908	85.12062	1.846506	0.6173893
10308	-287.0447	-372.0582	85.01351	1.668606	1.002042
10314	-291.469	-376.5109	85.04186	1.647874	0.9944082
10320	-292.8386	-377.9887	85.15013	1.823505	0.5990765
10326	-288.2774	-373.1989	84.92148	1.965531	0.7639454
10332	-296.873	-381.8887	85.01572	1.968728	0.4448838
10338	-294.5903	-379.7166	85.12632	1.863923	0.5198836
10344	-296.5087	-380.9326	84.42385	1.347551	1.730618
10350	-303.2116	-388.3573	85.14569	1.716463	0.7984818
10356	-304.2397	-388.3058	84.06612	1.639893	1.776352
10362	-307.0933	-392.2431	85.14978	1.474604	1.058143
10368	-300.4903	-385.2451	84.75472	1.531996	1.348054
10374	-295.352	-380.59	85.238	1.548941	0.8907849
10380	-287.2205	-371.6056	84.38503	1.292399	1.796199
10386	-309.3885	-394.6696	85.2811	1.184471	1.200783
10392	-298.9986	-383.6446	84.64597	1.511718	1.448497
10398	-311.1755	-396.4707	85.2952	0.9996931	1.34154
10404	-305.0286	-390.078	85.04936	0.9996931	1.530276
10410	-309.4861	-394.3396	84.85346	1.252306	1.487867
10416	-308.6125	-392.0072	83.39466	1.89165	2.060369
10422	-317.3924	-401.8765	84.48408	1.700697	1.427739
10428	-312.3447	-397.5339	85.18918	1.43105	1.062074
10434	-309.3586	-394.2303	84.87167	1.780971	1.031046
10440	-309.9579	-395.4284	85.47051	1.323077	0.8831665
10446	-301.6726	-386.0943	84.42171	1.045964	1.939442
10452	-300.7959	-385.7937	84.99783	1.173053	1.438406
10458	-302.898	-388.2053	85.30732	1.303472	1.070965
10464	-289.2435	-374.2442	85.00067	1.659551	1.023664
10470	-288.6479	-373.6486	85.00067	1.659551	1.023664
10476	-293.3772	-378.4425	85.06523	1.724706	0.8873621
10482	-293.8649	-378.8609	84.99603	1.914216	0.7287286
10488	-296.1207	-381.2531	85.13235	1.620164	0.9290031
10494	-292.8668	-376.6015	83.73471	1.127604	2.334906
10500	-290.2197	-375.3641	85.14441	1.201488	1.300509
10506	-295.8517	-380.6014	84.74975	1.718988	1.198066
10512	-302.0729	-386.4611	84.38823	1.566612	1.599504
10518	-300.6351	-385.1533	84.51814	1.103028	1.835025
10524	-303.2505	-388.0108	84.76029	2.021368	0.8967773
10530	-294.9024	-379.7628	84.86045	2.083815	0.6688417
10536	-302.0325	-386.9372	84.90474	2.083815	0.5358708
10542	-302.7928	-387.8602	85.06741	1.58866	1.027712
10548	-298.6155	-383.2081	84.59259	1.446329	1.537796
10554	-303.074	-387.7838	84.70983	1.209404	1.625311
10560	-297.2311	-382.3042	85.0731	1.141761	1.40448
10566	-296.2904	-380.6887	84.39825	1.694672	1.497524
10572	-297.1794	-382.5337	85.3543	1.559732	0.7226515
10578	-288.7522	-373.8604	85.10823	1.611466	0.9637905
10584	-292.4415	-377.3949	84.95334	1.348526	1.335982
10590	-292.9701	-378.0974	85.12732	1.794846	0.7091555
10596	-296.1427	-380.7224	84.57974	1.831706	1.246542
10602	-305.2561	-390.4099	85.15378	1.283946	1.22447
10608	-297.7542	-383.0426	85.28834	1.201897	1.17951
10614	-299.9237	-384.6284	84.70469	1.388462	1.497353
10620	-311.1504	-396.2541	85.10372	1.451319	1.122214
10626	-304.7503	-388.9075	84.15718	1.455992	1.840513
10632	-302.0432	-387.0852	85.04204	1.681944	0.9593224
10638	-304.0465	-388.6918	84.64526	1.596154	1.383785
10644	-299.6836	-384.4696	84.78596	2.161829	0.661758
10650	-299.9518	-385.1585	85.20675	1.578788	0.8923785
10656	-298.9069	-383.3284	84.42149	1.578788	1.566299
10662	-302.7159	-387.7745	85.0586	1.389749	1.215468
10668	-301.8384	-386.3342	84.49586	1.759171	1.3731
10674	-291.063	-375.9419	84.87887	1.838496	0.9662115
10680	-294.6152	-379.5481	84.93291	1.957802	0.7585547
10686	-294.1308	-378.9567	84.82588	2.160948	0.5471571
10692	-300.031	-384.6426	84.61163	2.273867	0.7661328
10698	-295.1469	-380.4059	85.25902	1.305533	1.113605
10704	-292.3953	-377.5416	85.14633	1.468351	1.067305
10710	-295.0332	-379.5315	84.49827	1.538275	1.539555
10716	-289.8232	-375.0265	85.20329	1.757519	0.6331473
10722	-286.9703	-372.1655	85.19517	1.795567	0.4882914
10728	-298.1767	-383.249	85.07229	1.918661	0.4945597
10734	-301.4511	-386.5192	85.06807	1.916035	0.4435247
10740	-302.897	-387.8498	84.95276	1.96002	0.7246689
10746	-300.0122	-385.4782	85.46597	1.412676	0.7758776
10752	-298.1272	-382.4816	84.35446	1.361254	1.769597
10758	-299.5088	-384.9386	85.42981	1.186246	1.066017
10764	-299.3171	-382.7215	83.40435	0.9966742	2.623899
10770	-302.3417	-386.3717	84.02997	0.7888735	2.362524
10776	-303.8087	-388.2982	84.4895	1.317441	1.705553
10782	-304.3385	-388.9812	84.64271	1.613375	1.372269
10788	-304.3757	-388.6233	84.24755	0.8919808	2.156577
10794	-302.9711	-386.9736	84.00251	1.199551	2.115752
10800	-298.7588	-383.3192	84.56044	1.393761	1.599974
10806	-299.1729	-384.2488	85.07591	1.295102	1.280004
10812	-304.2479	-389.2987	85.05086	1.592023	1.040474
10818	-302.4098	-387.3127	84.90289	1.443235	1.300319
10824	-299.0789	-383.5274	84.4485	1.152262	1.849026
10830	-295.9216	-380.7807	84.85916	1.347514	1.410835
10836	-295.0352	-380.0354	85.00017	1.178511	1.432421
10842	-293.8964	-378.5324	84.63595	1.881934	1.155329
10848	-297.8137	-382.2328	84.41906	1.489176	1.633245
10854	-303.0645	-388.0436	84.97905	1.191775	1.438449
10860	-295.0921	-379.4746	84.38251	1.286624	1.801949
10866	-296.7351	-381.1248	84.38969	1.279434	1.801949
10872	-294.5571	-378.9868	84.42967	1.239464	1.801949
10878	-290.3124	-375.6742	85.36187	1.35225	0.9695612
10884	-292.2978	-377.6256	85.32785	1.386276	0.9695612
10890	-297.4357	-382.4854	85.04976	1.461674	1.161006
10896	-297.7759	-383.033	85.25705	1.550458	0.8669247
10902	-289.0437	-373.9483	84.90464	2.078503	0.439857
10908	-281.9654	-367.0804	85.11497	1.876038	0.4987075
10914	-280.4318	-365.7047	85.27287	1.681851	0.6470672
10920	-281.7567	-367.0163	85.25953	1.681851	0.6744792
10926	-284.9906	-370.437	85.44648	1.495885	0.6725866
10932	-285.5006	-370.6878	85.18726	1.14977	1.307699
10938	-290.5452	-375.5091	84.96394	1.321317	1.349211
10944	-290.4504	-375.2486	84.79825	1.250805	1.530277
10950	-288.8502	-374.1978	85.34756	1.390203	0.9448177
10956	-294.6393	-379.9167	85.27741	1.7122	0.5269465
10962	-296.7408	-381.3815	84.64076	1.547802	1.424824
10968	-298.9282	-384.2243	85.29607	1.083154	1.273252
10974	-298.9034	-383.5098	84.60645	2.281914	0.7619772
10980	-301.4887	-386.6083	85.11957	1.862948	0.568035
10986	-295.495	-380.3223	84.82729	2.151139	0.424813
10992	-295.5119	-380.6456	85.13372	1.822101	0.6446351
10998	-292.3765	-377.095	84.71855	1.030793	1.746099
11004	-297.4195	-382.9248	85.50534	1.021995	1.146979
11010	-297.1125	-381.8201	84.70764	1.588514	1.340538
11016	-292.1604	-377.4056	85.24514	1.646081	0.7577977
11022	-294.7003	-379.7775	85.07721	1.729326	0.8680723
11028	-301.3229	-386.4268	85.10385	1.737284	0.8258324
11034	-304.3387	-389.3347	84.99609	1.45939	1.209401
11040	-290.4264	-375.3019	84.87543	1.501083	1.275485
11046	-288.1122	-373.2577	85.14557	1.444145	1.090575
11052	-286.211	-370.5781	84.36713	1.427949	1.713933
11058	-290.9232	-375.6155	84.69229	1.102798	1.713933
11064	-297.7622	-382.753	84.99086	1.155073	1.457461
11070	-294.0572	-379.3163	85.25916	1.280022	1.136436
11076	-294.0207	-379.0844	85.06363	1.600711	1.019623
11082	-300.0258	-385.271	85.24523	1.235735	1.187534
11088	-301.517	-386.9206	85.4036	1.372056	0.9035235
11094	-308.5533	-393.234	84.6807	1.575161	1.372448
11100	-288.8526	-373.4627	84.61009	1.215144	1.692592
11106	-299.0252	-383.792	84.76686	1.148694	1.627972
11112	-293.6807	-377.8256	84.14494	1.136564	2.063541
11118	-299.8033	-385.2188	85.41556	1.364287	0.8988142
11124	-291.7759	-376.9374	85.16148	1.344366	1.165905
11130	-305.66	-390.4394	84.7794	1.840957	1.061955
11136	-296.5964	-381.8362	85.2398	1.6563	0.7505648
11142	-298.8006	-383.4264	84.62579	1.508654	1.46619
11148	-294.9082	-379.9247	85.01652	1.247978	1.365646
11154	-298.5036	-383.8439	85.34027	1.436269	0.9025389
11160	-300.9648	-385.8267	84.86188	1.283376	1.457976
11166	-308.1065	-392.8624	84.75587	1.389387	1.457976
11172	-296.5755	-381.6971	85.1216	1.364202	1.183355
11178	-297.0393	-381.6931	84.65376	1.259148	1.629875
11184	-299.0938	-384.187	85.09324	1.451657	1.131325
11190	-297.9617	-382.298	84.33627	1.531238	1.662478
11196	-299.4519	-384.3855	84.93364	1.179539	1.482277
11202	-301.2722	-386.2102	84.93803	1.740706	1.005405
11208	-293.1687	-378.0376	84.86891	1.486108	1.293089
11214	-295.6327	-380.5344	84.90165	1.537113	1.22359
11220	-296.2317	-381.0938	84.86206	1.535366	1.258214
11226	-299.5579	-384.5192	84.96127	2.029046	0.5188222
11232	-299.8153	-383.7789	83.96364	2.029046	1.571871
11238	-297.3722	-381.9881	84.61593	1.376758	1.571871
11244	-299.3824	-384.4784	85.09592	1.727268	0.8481145
11250	-302.3772	-386.6177	84.24041	1.824721	1.518311
11256	-289.7919	-374.4399	84.64807	1.55873	1.410733
11262	-290.4533	-374.378	83.92474	1.182475	2.177577
11268	-292.8258	-377.1873	84.36153	1.581532	1.608061
11274	-296.4496	-381.4006	84.95099	1.917839	0.7894606
11280	-293.0137	-377.5992	84.58551	1.864149	1.214359
11286	-291.7832	-376.9951	85.21195	1.76767	0.5793215
11292	-293.9827	-379.0222	85.03943	1.88055	0.7128355
11298	-298.7237	-383.3051	84.58136	1.40226	1.578511
11304	-291.3264	-376.7548	85.42837	1.433472	0.7988981
11310	-291.8532	-376.8388	84.98563	1.424874	1.247333
11316	-292.2019	-377.0415	84.83965	1.445551	1.349251
11322	-299.369	-384.5058	85.13675	1.431386	1.110348
11328	-303.0694	-388.0332	84.96385	1.879222	0.8233621
11334	-306.9893	-392.138	85.14864	1.598011	0.9353186
11340	-297.1935	-382.1899	84.99646	1.857186	0.8097217
11346	-285.9564	-371.0537	85.0973	1.397381	1.175646
11352	-289.5721	-374.8059	85.23372	1.27689	1.161725
11358	-295.346	-380.2328	84.88679	1.293988	1.430813
11364	-294.8874	-379.5273	84.63995	1.477443	1.479096
11370	-287.5377	-372.5923	85.05456	1.454645	1.162963
11376	-288.0907	-373.1611	85.07041	1.327827	1.257538
11382	-295.4116	-380.4142	85.00257	1.382595	1.268358
11388	-293.8701	-378.1619	84.29181	1.3025	1.853448
11394	-295.0016	-380.3069	85.3053	1.349713	1.028743
11400	-300.5287	-385.3063	84.77759	1.262628	1.536833
11406	-291.9831	-376.9931	85.01002	1.404733	1.243778
11412	-283.3682	-368.2662	84.89793	1.789791	0.9964352
11418	-283.4415	-368.4736	85.03213	1.671137	0.9807014
11424	-293.1319	-378.2346	85.10274	1.775873	0.7759262
11430	-306.1474	-391.2733	85.12588	1.47701	1.07835
11436	-314.1338	-399.2885	85.15472	1.614354	0.9108573
11442	-297.4563	-381.8402	84.38388	1.094064	1.932523
11448	-295.3185	-380.4276	85.10917	1.196722	1.332756
11454	-302.3073	-387.3789	85.07159	1.565142	1.046383
11460	-295.9943	-380.8739	84.87961	2.111405	0.5007551
11466	-303.6682	-389.0728	85.40456	1.542332	0.6635846
11472	-302.2513	-387.2453	84.99408	0.8267836	1.695696
11478	-311.5255	-396.808	85.28245	1.031417	1.326364
11484	-305.0276	-389.7126	84.68498	1.386063	1.513907
11490	-304.9718	-388.5871	83.61533	1.290055	2.307458
11496	-296.9509	-382.2049	85.25396	1.402314	1.027516
